<html>
<head>
<title>TestNG:  Default test</title>
<link href="../testng.css" rel="stylesheet" type="text/css" />
<link href="../my-testng.css" rel="stylesheet" type="text/css" />

<style type="text/css">
.log { display: none;} 
.stack-trace { display: none;} 
</style>
<script type="text/javascript">
<!--
function flip(e) {
  current = e.style.display;
  if (current == 'block') {
    e.style.display = 'none';
    return 0;
  }
  else {
    e.style.display = 'block';
    return 1;
  }
}

function toggleBox(szDivId, elem, msg1, msg2)
{
  var res = -1;  if (document.getElementById) {
    res = flip(document.getElementById(szDivId));
  }
  else if (document.all) {
    // this is the way old msie versions work
    res = flip(document.all[szDivId]);
  }
  if(elem) {
    if(res == 0) elem.innerHTML = msg1; else elem.innerHTML = msg2;
  }

}

function toggleAllBoxes() {
  if (document.getElementsByTagName) {
    d = document.getElementsByTagName('div');
    for (i = 0; i < d.length; i++) {
      if (d[i].className == 'log') {
        flip(d[i]);
      }
    }
  }
}

// -->
</script>

</head>
<body>
<h2 align='center'>Default test</h2><table border='1' align="center">
<tr>
<td>Tests passed/Failed/Skipped:</td><td>41/4/0</td>
</tr><tr>
<td>Started on:</td><td>Tue Aug 19 16:17:01 IST 2025</td>
</tr>
<tr><td>Total time:</td><td>675 seconds (675269 ms)</td>
</tr><tr>
<td>Included groups:</td><td></td>
</tr><tr>
<td>Excluded groups:</td><td></td>
</tr>
</table><p/>
<small><i>(Hover the method name to see the test class name)</i></small><p/>
<table width='100%' border='1' class='invocation-failed'>
<tr><td colspan='4' align='center'><b>FAILED TESTS</b></td></tr>
<tr><td><b>Test method</b></td>
<td width="30%"><b>Exception</b></td>
<td width="10%"><b>Time (seconds)</b></td>
<td><b>Instance</b></td>
</tr>
<tr>
<td title='com.skitech.testCases.GovtQAOVOTestCase.TC_AOVO_029_Verify_Mark_as_Verified_while_in_Student_Information_tab()'><b>TC_AOVO_029_Verify_Mark_as_Verified_while_in_Student_Information_tab</b><br>Test class: com.skitech.testCases.GovtQAOVOTestCase</td>
<td><div><pre>org.openqa.selenium.NoSuchElementException: no such element: Unable to locate element: {&quot;method&quot;:&quot;xpath&quot;,&quot;selector&quot;:&quot;//button[text()=&apos;Mark as Verified&apos;]&quot;}
  (Session info: chrome=138.0.7204.184)
For documentation on this error, please visit: https://www.seleniumhq.org/exceptions/no_such_element.html
Build info: version: &apos;3.141.59&apos;, revision: &apos;e82be7d358&apos;, time: &apos;2018-11-14T08:17:03&apos;
System info: host: &apos;DESKTOP-PH7EFI9&apos;, ip: &apos;172.21.1.193&apos;, os.name: &apos;Windows 11&apos;, os.arch: &apos;amd64&apos;, os.version: &apos;10.0&apos;, java.version: &apos;21.0.3&apos;
Driver info: org.openqa.selenium.chrome.ChromeDriver
Capabilities {acceptInsecureCerts: false, browserName: chrome, browserVersion: 138.0.7204.184, chrome: {chromedriverVersion: 138.0.7204.183 (e90faf484dd..., userDataDir: C:\Users\DineshM\AppData\Lo...}, fedcm:accounts: true, goog:chromeOptions: {debuggerAddress: localhost:53105}, javascriptEnabled: true, networkConnectionEnabled: false, pageLoadStrategy: normal, platform: WINDOWS, platformName: WINDOWS, proxy: Proxy(), setWindowRect: true, strictFileInteractability: false, timeouts: {implicit: 0, pageLoad: 300000, script: 30000}, unhandledPromptBehavior: dismiss and notify, webauthn:extension:credBlob: true, webauthn:extension:largeBlob: true, webauthn:extension:minPinLength: true, webauthn:extension:prf: true, webauthn:virtualAuthenticators: true}
Session ID: 6e3d9103d5afa187cdbaa3df4a422905
*** Element info: {Using=xpath, value=//button[text()=&apos;Mark as Verified&apos;]}
	at java.base/jdk.internal.reflect.DirectConstructorHandleAccessor.newInstance(DirectConstructorHandleAccessor.java:62)
	at java.base/java.lang.reflect.Constructor.newInstanceWithCaller(Constructor.java:502)
	at java.base/java.lang.reflect.Constructor.newInstance(Constructor.java:486)
	at org.openqa.selenium.remote.http.W3CHttpResponseCodec.createException(W3CHttpResponseCodec.java:187)
	at org.openqa.selenium.remote.http.W3CHttpResponseCodec.decode(W3CHttpResponseCodec.java:122)
	at org.openqa.selenium.remote.http.W3CHttpResponseCodec.decode(W3CHttpResponseCodec.java:49)
	at org.openqa.selenium.remote.HttpCommandExecutor.execute(HttpCommandExecutor.java:158)
	at org.openqa.selenium.remote.service.DriverCommandExecutor.execute(DriverCommandExecutor.java:83)
	at org.openqa.selenium.remote.RemoteWebDriver.execute(RemoteWebDriver.java:552)
	at org.openqa.selenium.remote.RemoteWebDriver.findElement(RemoteWebDriver.java:323)
	at org.openqa.selenium.remote.RemoteWebDriver.findElementByXPath(RemoteWebDriver.java:428)
	at org.openqa.selenium.By$ByXPath.findElement(By.java:353)
	at org.openqa.selenium.remote.RemoteWebDriver.findElement(RemoteWebDriver.java:315)
	at org.openqa.selenium.support.pagefactory.DefaultElementLocator.findElement(DefaultElementLocator.java:69)
	at org.openqa.selenium.support.pagefactory.internal.LocatingElementHandler.invoke(LocatingElementHandler.java:38)
	at jdk.proxy2/jdk.proxy2.$Proxy12.click(Unknown Source)
	at com.skitech.pageObjectsRepo.AOVOPageObjects.clickOnMarkasVerified(AOVOPageObjects.java:367)
	at com.skitech.testCases.GovtQAOVOTestCase.TC_AOVO_029_Verify_Mark_as_Verified_while_in_Student_Information_tab(GovtQAOVOTestCase.java:385)
	at java.base/jdk.internal.reflect.DirectMethodHandleAccessor.invoke(DirectMethodHandleAccessor.java:103)
	at java.base/java.lang.reflect.Method.invoke(Method.java:580)
	at org.testng.internal.MethodInvocationHelper.invokeMethod(MethodInvocationHelper.java:132)
	at org.testng.internal.TestInvoker.invokeMethod(TestInvoker.java:599)
	at org.testng.internal.TestInvoker.invokeTestMethod(TestInvoker.java:174)
	at org.testng.internal.MethodRunner.runInSequence(MethodRunner.java:46)
	at org.testng.internal.TestInvoker$MethodInvocationAgent.invoke(TestInvoker.java:822)
	at org.testng.internal.TestInvoker.invokeTestMethods(TestInvoker.java:147)
	at org.testng.internal.TestMethodWorker.invokeTestMethods(TestMethodWorker.java:146)
	at org.testng.internal.TestMethodWorker.run(TestMethodWorker.java:128)
	at java.base/java.util.ArrayList.forEach(ArrayList.java:1596)
	at org.testng.TestRunner.privateRun(TestRunner.java:764)
	at org.testng.TestRunner.run(TestRunner.java:585)
	at org.testng.SuiteRunner.runTest(SuiteRunner.java:384)
	at org.testng.SuiteRunner.runSequentially(SuiteRunner.java:378)
	at org.testng.SuiteRunner.privateRun(SuiteRunner.java:337)
	at org.testng.SuiteRunner.run(SuiteRunner.java:286)
	at org.testng.SuiteRunnerWorker.runSuite(SuiteRunnerWorker.java:53)
	at org.testng.SuiteRunnerWorker.run(SuiteRunnerWorker.java:96)
	at org.testng.TestNG.runSuitesSequentially(TestNG.java:1218)
	at org.testng.TestNG.runSuitesLocally(TestNG.java:1140)
	at org.testng.TestNG.runSuites(TestNG.java:1069)
	at org.testng.TestNG.run(TestNG.java:1037)
	at org.testng.remote.AbstractRemoteTestNG.run(AbstractRemoteTestNG.java:115)
	at org.testng.remote.RemoteTestNG.initAndRun(RemoteTestNG.java:293)
	at org.testng.remote.RemoteTestNG.main(RemoteTestNG.java:91)
</pre></div><a href='#' onClick='toggleBox("stack-trace1729954747", this, "Click to show all stack frames", "Click to hide stack frames")'>Click to show all stack frames</a>
<div class='stack-trace' id='stack-trace1729954747'><pre>org.openqa.selenium.NoSuchElementException: no such element: Unable to locate element: {&quot;method&quot;:&quot;xpath&quot;,&quot;selector&quot;:&quot;//button[text()=&apos;Mark as Verified&apos;]&quot;}
  (Session info: chrome=138.0.7204.184)
For documentation on this error, please visit: https://www.seleniumhq.org/exceptions/no_such_element.html
Build info: version: &apos;3.141.59&apos;, revision: &apos;e82be7d358&apos;, time: &apos;2018-11-14T08:17:03&apos;
System info: host: &apos;DESKTOP-PH7EFI9&apos;, ip: &apos;172.21.1.193&apos;, os.name: &apos;Windows 11&apos;, os.arch: &apos;amd64&apos;, os.version: &apos;10.0&apos;, java.version: &apos;21.0.3&apos;
Driver info: org.openqa.selenium.chrome.ChromeDriver
Capabilities {acceptInsecureCerts: false, browserName: chrome, browserVersion: 138.0.7204.184, chrome: {chromedriverVersion: 138.0.7204.183 (e90faf484dd..., userDataDir: C:\Users\DineshM\AppData\Lo...}, fedcm:accounts: true, goog:chromeOptions: {debuggerAddress: localhost:53105}, javascriptEnabled: true, networkConnectionEnabled: false, pageLoadStrategy: normal, platform: WINDOWS, platformName: WINDOWS, proxy: Proxy(), setWindowRect: true, strictFileInteractability: false, timeouts: {implicit: 0, pageLoad: 300000, script: 30000}, unhandledPromptBehavior: dismiss and notify, webauthn:extension:credBlob: true, webauthn:extension:largeBlob: true, webauthn:extension:minPinLength: true, webauthn:extension:prf: true, webauthn:virtualAuthenticators: true}
Session ID: 6e3d9103d5afa187cdbaa3df4a422905
*** Element info: {Using=xpath, value=//button[text()=&apos;Mark as Verified&apos;]}
	at java.base/jdk.internal.reflect.DirectConstructorHandleAccessor.newInstance(DirectConstructorHandleAccessor.java:62)
	at java.base/java.lang.reflect.Constructor.newInstanceWithCaller(Constructor.java:502)
	at java.base/java.lang.reflect.Constructor.newInstance(Constructor.java:486)
	at org.openqa.selenium.remote.http.W3CHttpResponseCodec.createException(W3CHttpResponseCodec.java:187)
	at org.openqa.selenium.remote.http.W3CHttpResponseCodec.decode(W3CHttpResponseCodec.java:122)
	at org.openqa.selenium.remote.http.W3CHttpResponseCodec.decode(W3CHttpResponseCodec.java:49)
	at org.openqa.selenium.remote.HttpCommandExecutor.execute(HttpCommandExecutor.java:158)
	at org.openqa.selenium.remote.service.DriverCommandExecutor.execute(DriverCommandExecutor.java:83)
	at org.openqa.selenium.remote.RemoteWebDriver.execute(RemoteWebDriver.java:552)
	at org.openqa.selenium.remote.RemoteWebDriver.findElement(RemoteWebDriver.java:323)
	at org.openqa.selenium.remote.RemoteWebDriver.findElementByXPath(RemoteWebDriver.java:428)
	at org.openqa.selenium.By$ByXPath.findElement(By.java:353)
	at org.openqa.selenium.remote.RemoteWebDriver.findElement(RemoteWebDriver.java:315)
	at org.openqa.selenium.support.pagefactory.DefaultElementLocator.findElement(DefaultElementLocator.java:69)
	at org.openqa.selenium.support.pagefactory.internal.LocatingElementHandler.invoke(LocatingElementHandler.java:38)
	at jdk.proxy2/jdk.proxy2.$Proxy12.click(Unknown Source)
	at com.skitech.pageObjectsRepo.AOVOPageObjects.clickOnMarkasVerified(AOVOPageObjects.java:367)
	at com.skitech.testCases.GovtQAOVOTestCase.TC_AOVO_029_Verify_Mark_as_Verified_while_in_Student_Information_tab(GovtQAOVOTestCase.java:385)
	at java.base/jdk.internal.reflect.DirectMethodHandleAccessor.invoke(DirectMethodHandleAccessor.java:103)
	at java.base/java.lang.reflect.Method.invoke(Method.java:580)
	at org.testng.internal.MethodInvocationHelper.invokeMethod(MethodInvocationHelper.java:132)
	at org.testng.internal.TestInvoker.invokeMethod(TestInvoker.java:599)
	at org.testng.internal.TestInvoker.invokeTestMethod(TestInvoker.java:174)
	at org.testng.internal.MethodRunner.runInSequence(MethodRunner.java:46)
	at org.testng.internal.TestInvoker$MethodInvocationAgent.invoke(TestInvoker.java:822)
	at org.testng.internal.TestInvoker.invokeTestMethods(TestInvoker.java:147)
	at org.testng.internal.TestMethodWorker.invokeTestMethods(TestMethodWorker.java:146)
	at org.testng.internal.TestMethodWorker.run(TestMethodWorker.java:128)
	at java.base/java.util.ArrayList.forEach(ArrayList.java:1596)
	at org.testng.TestRunner.privateRun(TestRunner.java:764)
	at org.testng.TestRunner.run(TestRunner.java:585)
	at org.testng.SuiteRunner.runTest(SuiteRunner.java:384)
	at org.testng.SuiteRunner.runSequentially(SuiteRunner.java:378)
	at org.testng.SuiteRunner.privateRun(SuiteRunner.java:337)
	at org.testng.SuiteRunner.run(SuiteRunner.java:286)
	at org.testng.SuiteRunnerWorker.runSuite(SuiteRunnerWorker.java:53)
	at org.testng.SuiteRunnerWorker.run(SuiteRunnerWorker.java:96)
	at org.testng.TestNG.runSuitesSequentially(TestNG.java:1218)
	at org.testng.TestNG.runSuitesLocally(TestNG.java:1140)
	at org.testng.TestNG.runSuites(TestNG.java:1069)
	at org.testng.TestNG.run(TestNG.java:1037)
	at org.testng.remote.AbstractRemoteTestNG.run(AbstractRemoteTestNG.java:115)
	at org.testng.remote.RemoteTestNG.initAndRun(RemoteTestNG.java:293)
	at org.testng.remote.RemoteTestNG.main(RemoteTestNG.java:91)
</pre></div></td>
<td>2</td>
<td>com.skitech.testCases.GovtQAOVOTestCase@6c4906d3</td></tr>
<tr>
<td title='com.skitech.testCases.GovtQAOVOTestCase.TC_AOVO_065_Verify_reject_all_documents_in_document_view_pop_up()'><b>TC_AOVO_065_Verify_reject_all_documents_in_document_view_pop_up</b><br>Test class: com.skitech.testCases.GovtQAOVOTestCase</td>
<td><div><pre>org.openqa.selenium.NoSuchElementException: no such element: Unable to locate element: {&quot;method&quot;:&quot;xpath&quot;,&quot;selector&quot;:&quot;//button[@class=&apos;absolute1 top-3 right-4 text-gray-500 text-xl&apos;]&quot;}
  (Session info: chrome=138.0.7204.184)
For documentation on this error, please visit: https://www.seleniumhq.org/exceptions/no_such_element.html
Build info: version: &apos;3.141.59&apos;, revision: &apos;e82be7d358&apos;, time: &apos;2018-11-14T08:17:03&apos;
System info: host: &apos;DESKTOP-PH7EFI9&apos;, ip: &apos;172.21.1.193&apos;, os.name: &apos;Windows 11&apos;, os.arch: &apos;amd64&apos;, os.version: &apos;10.0&apos;, java.version: &apos;21.0.3&apos;
Driver info: org.openqa.selenium.chrome.ChromeDriver
Capabilities {acceptInsecureCerts: false, browserName: chrome, browserVersion: 138.0.7204.184, chrome: {chromedriverVersion: 138.0.7204.183 (e90faf484dd..., userDataDir: C:\Users\DineshM\AppData\Lo...}, fedcm:accounts: true, goog:chromeOptions: {debuggerAddress: localhost:53105}, javascriptEnabled: true, networkConnectionEnabled: false, pageLoadStrategy: normal, platform: WINDOWS, platformName: WINDOWS, proxy: Proxy(), setWindowRect: true, strictFileInteractability: false, timeouts: {implicit: 0, pageLoad: 300000, script: 30000}, unhandledPromptBehavior: dismiss and notify, webauthn:extension:credBlob: true, webauthn:extension:largeBlob: true, webauthn:extension:minPinLength: true, webauthn:extension:prf: true, webauthn:virtualAuthenticators: true}
Session ID: 6e3d9103d5afa187cdbaa3df4a422905
*** Element info: {Using=xpath, value=//button[@class=&apos;absolute1 top-3 right-4 text-gray-500 text-xl&apos;]}
	at java.base/jdk.internal.reflect.DirectConstructorHandleAccessor.newInstance(DirectConstructorHandleAccessor.java:62)
	at java.base/java.lang.reflect.Constructor.newInstanceWithCaller(Constructor.java:502)
	at java.base/java.lang.reflect.Constructor.newInstance(Constructor.java:486)
	at org.openqa.selenium.remote.http.W3CHttpResponseCodec.createException(W3CHttpResponseCodec.java:187)
	at org.openqa.selenium.remote.http.W3CHttpResponseCodec.decode(W3CHttpResponseCodec.java:122)
	at org.openqa.selenium.remote.http.W3CHttpResponseCodec.decode(W3CHttpResponseCodec.java:49)
	at org.openqa.selenium.remote.HttpCommandExecutor.execute(HttpCommandExecutor.java:158)
	at org.openqa.selenium.remote.service.DriverCommandExecutor.execute(DriverCommandExecutor.java:83)
	at org.openqa.selenium.remote.RemoteWebDriver.execute(RemoteWebDriver.java:552)
	at org.openqa.selenium.remote.RemoteWebDriver.findElement(RemoteWebDriver.java:323)
	at org.openqa.selenium.remote.RemoteWebDriver.findElementByXPath(RemoteWebDriver.java:428)
	at org.openqa.selenium.By$ByXPath.findElement(By.java:353)
	at org.openqa.selenium.remote.RemoteWebDriver.findElement(RemoteWebDriver.java:315)
	at org.openqa.selenium.support.pagefactory.DefaultElementLocator.findElement(DefaultElementLocator.java:69)
	at org.openqa.selenium.support.pagefactory.internal.LocatingElementHandler.invoke(LocatingElementHandler.java:38)
	at jdk.proxy2/jdk.proxy2.$Proxy12.click(Unknown Source)
	at com.skitech.pageObjectsRepo.AOVOPageObjects.rejectAllDocuments(AOVOPageObjects.java:468)
	at com.skitech.testCases.GovtQAOVOTestCase.TC_AOVO_065_Verify_reject_all_documents_in_document_view_pop_up(GovtQAOVOTestCase.java:868)
	at java.base/jdk.internal.reflect.DirectMethodHandleAccessor.invoke(DirectMethodHandleAccessor.java:103)
	at java.base/java.lang.reflect.Method.invoke(Method.java:580)
	at org.testng.internal.MethodInvocationHelper.invokeMethod(MethodInvocationHelper.java:132)
	at org.testng.internal.TestInvoker.invokeMethod(TestInvoker.java:599)
	at org.testng.internal.TestInvoker.invokeTestMethod(TestInvoker.java:174)
	at org.testng.internal.MethodRunner.runInSequence(MethodRunner.java:46)
	at org.testng.internal.TestInvoker$MethodInvocationAgent.invoke(TestInvoker.java:822)
	at org.testng.internal.TestInvoker.invokeTestMethods(TestInvoker.java:147)
	at org.testng.internal.TestMethodWorker.invokeTestMethods(TestMethodWorker.java:146)
	at org.testng.internal.TestMethodWorker.run(TestMethodWorker.java:128)
	at java.base/java.util.ArrayList.forEach(ArrayList.java:1596)
	at org.testng.TestRunner.privateRun(TestRunner.java:764)
	at org.testng.TestRunner.run(TestRunner.java:585)
	at org.testng.SuiteRunner.runTest(SuiteRunner.java:384)
	at org.testng.SuiteRunner.runSequentially(SuiteRunner.java:378)
	at org.testng.SuiteRunner.privateRun(SuiteRunner.java:337)
	at org.testng.SuiteRunner.run(SuiteRunner.java:286)
	at org.testng.SuiteRunnerWorker.runSuite(SuiteRunnerWorker.java:53)
	at org.testng.SuiteRunnerWorker.run(SuiteRunnerWorker.java:96)
	at org.testng.TestNG.runSuitesSequentially(TestNG.java:1218)
	at org.testng.TestNG.runSuitesLocally(TestNG.java:1140)
	at org.testng.TestNG.runSuites(TestNG.java:1069)
	at org.testng.TestNG.run(TestNG.java:1037)
	at org.testng.remote.AbstractRemoteTestNG.run(AbstractRemoteTestNG.java:115)
	at org.testng.remote.RemoteTestNG.initAndRun(RemoteTestNG.java:293)
	at org.testng.remote.RemoteTestNG.main(RemoteTestNG.java:91)
</pre></div><a href='#' onClick='toggleBox("stack-trace194807416", this, "Click to show all stack frames", "Click to hide stack frames")'>Click to show all stack frames</a>
<div class='stack-trace' id='stack-trace194807416'><pre>org.openqa.selenium.NoSuchElementException: no such element: Unable to locate element: {&quot;method&quot;:&quot;xpath&quot;,&quot;selector&quot;:&quot;//button[@class=&apos;absolute1 top-3 right-4 text-gray-500 text-xl&apos;]&quot;}
  (Session info: chrome=138.0.7204.184)
For documentation on this error, please visit: https://www.seleniumhq.org/exceptions/no_such_element.html
Build info: version: &apos;3.141.59&apos;, revision: &apos;e82be7d358&apos;, time: &apos;2018-11-14T08:17:03&apos;
System info: host: &apos;DESKTOP-PH7EFI9&apos;, ip: &apos;172.21.1.193&apos;, os.name: &apos;Windows 11&apos;, os.arch: &apos;amd64&apos;, os.version: &apos;10.0&apos;, java.version: &apos;21.0.3&apos;
Driver info: org.openqa.selenium.chrome.ChromeDriver
Capabilities {acceptInsecureCerts: false, browserName: chrome, browserVersion: 138.0.7204.184, chrome: {chromedriverVersion: 138.0.7204.183 (e90faf484dd..., userDataDir: C:\Users\DineshM\AppData\Lo...}, fedcm:accounts: true, goog:chromeOptions: {debuggerAddress: localhost:53105}, javascriptEnabled: true, networkConnectionEnabled: false, pageLoadStrategy: normal, platform: WINDOWS, platformName: WINDOWS, proxy: Proxy(), setWindowRect: true, strictFileInteractability: false, timeouts: {implicit: 0, pageLoad: 300000, script: 30000}, unhandledPromptBehavior: dismiss and notify, webauthn:extension:credBlob: true, webauthn:extension:largeBlob: true, webauthn:extension:minPinLength: true, webauthn:extension:prf: true, webauthn:virtualAuthenticators: true}
Session ID: 6e3d9103d5afa187cdbaa3df4a422905
*** Element info: {Using=xpath, value=//button[@class=&apos;absolute1 top-3 right-4 text-gray-500 text-xl&apos;]}
	at java.base/jdk.internal.reflect.DirectConstructorHandleAccessor.newInstance(DirectConstructorHandleAccessor.java:62)
	at java.base/java.lang.reflect.Constructor.newInstanceWithCaller(Constructor.java:502)
	at java.base/java.lang.reflect.Constructor.newInstance(Constructor.java:486)
	at org.openqa.selenium.remote.http.W3CHttpResponseCodec.createException(W3CHttpResponseCodec.java:187)
	at org.openqa.selenium.remote.http.W3CHttpResponseCodec.decode(W3CHttpResponseCodec.java:122)
	at org.openqa.selenium.remote.http.W3CHttpResponseCodec.decode(W3CHttpResponseCodec.java:49)
	at org.openqa.selenium.remote.HttpCommandExecutor.execute(HttpCommandExecutor.java:158)
	at org.openqa.selenium.remote.service.DriverCommandExecutor.execute(DriverCommandExecutor.java:83)
	at org.openqa.selenium.remote.RemoteWebDriver.execute(RemoteWebDriver.java:552)
	at org.openqa.selenium.remote.RemoteWebDriver.findElement(RemoteWebDriver.java:323)
	at org.openqa.selenium.remote.RemoteWebDriver.findElementByXPath(RemoteWebDriver.java:428)
	at org.openqa.selenium.By$ByXPath.findElement(By.java:353)
	at org.openqa.selenium.remote.RemoteWebDriver.findElement(RemoteWebDriver.java:315)
	at org.openqa.selenium.support.pagefactory.DefaultElementLocator.findElement(DefaultElementLocator.java:69)
	at org.openqa.selenium.support.pagefactory.internal.LocatingElementHandler.invoke(LocatingElementHandler.java:38)
	at jdk.proxy2/jdk.proxy2.$Proxy12.click(Unknown Source)
	at com.skitech.pageObjectsRepo.AOVOPageObjects.rejectAllDocuments(AOVOPageObjects.java:468)
	at com.skitech.testCases.GovtQAOVOTestCase.TC_AOVO_065_Verify_reject_all_documents_in_document_view_pop_up(GovtQAOVOTestCase.java:868)
	at java.base/jdk.internal.reflect.DirectMethodHandleAccessor.invoke(DirectMethodHandleAccessor.java:103)
	at java.base/java.lang.reflect.Method.invoke(Method.java:580)
	at org.testng.internal.MethodInvocationHelper.invokeMethod(MethodInvocationHelper.java:132)
	at org.testng.internal.TestInvoker.invokeMethod(TestInvoker.java:599)
	at org.testng.internal.TestInvoker.invokeTestMethod(TestInvoker.java:174)
	at org.testng.internal.MethodRunner.runInSequence(MethodRunner.java:46)
	at org.testng.internal.TestInvoker$MethodInvocationAgent.invoke(TestInvoker.java:822)
	at org.testng.internal.TestInvoker.invokeTestMethods(TestInvoker.java:147)
	at org.testng.internal.TestMethodWorker.invokeTestMethods(TestMethodWorker.java:146)
	at org.testng.internal.TestMethodWorker.run(TestMethodWorker.java:128)
	at java.base/java.util.ArrayList.forEach(ArrayList.java:1596)
	at org.testng.TestRunner.privateRun(TestRunner.java:764)
	at org.testng.TestRunner.run(TestRunner.java:585)
	at org.testng.SuiteRunner.runTest(SuiteRunner.java:384)
	at org.testng.SuiteRunner.runSequentially(SuiteRunner.java:378)
	at org.testng.SuiteRunner.privateRun(SuiteRunner.java:337)
	at org.testng.SuiteRunner.run(SuiteRunner.java:286)
	at org.testng.SuiteRunnerWorker.runSuite(SuiteRunnerWorker.java:53)
	at org.testng.SuiteRunnerWorker.run(SuiteRunnerWorker.java:96)
	at org.testng.TestNG.runSuitesSequentially(TestNG.java:1218)
	at org.testng.TestNG.runSuitesLocally(TestNG.java:1140)
	at org.testng.TestNG.runSuites(TestNG.java:1069)
	at org.testng.TestNG.run(TestNG.java:1037)
	at org.testng.remote.AbstractRemoteTestNG.run(AbstractRemoteTestNG.java:115)
	at org.testng.remote.RemoteTestNG.initAndRun(RemoteTestNG.java:293)
	at org.testng.remote.RemoteTestNG.main(RemoteTestNG.java:91)
</pre></div></td>
<td>105</td>
<td>com.skitech.testCases.GovtQAOVOTestCase@6c4906d3</td></tr>
<tr>
<td title='com.skitech.testCases.GovtQAOVOTestCase.TC_AOVO_066_Verify_all_documents_in_document_view_pop_up()'><b>TC_AOVO_066_Verify_all_documents_in_document_view_pop_up</b><br>Test class: com.skitech.testCases.GovtQAOVOTestCase</td>
<td><div><pre>org.openqa.selenium.NoSuchElementException: no such element: Unable to locate element: {&quot;method&quot;:&quot;xpath&quot;,&quot;selector&quot;:&quot;//div[@id=&apos;success-toast&apos;]&quot;}
  (Session info: chrome=138.0.7204.184)
For documentation on this error, please visit: https://www.seleniumhq.org/exceptions/no_such_element.html
Build info: version: &apos;3.141.59&apos;, revision: &apos;e82be7d358&apos;, time: &apos;2018-11-14T08:17:03&apos;
System info: host: &apos;DESKTOP-PH7EFI9&apos;, ip: &apos;172.21.1.193&apos;, os.name: &apos;Windows 11&apos;, os.arch: &apos;amd64&apos;, os.version: &apos;10.0&apos;, java.version: &apos;21.0.3&apos;
Driver info: org.openqa.selenium.chrome.ChromeDriver
Capabilities {acceptInsecureCerts: false, browserName: chrome, browserVersion: 138.0.7204.184, chrome: {chromedriverVersion: 138.0.7204.183 (e90faf484dd..., userDataDir: C:\Users\DineshM\AppData\Lo...}, fedcm:accounts: true, goog:chromeOptions: {debuggerAddress: localhost:53105}, javascriptEnabled: true, networkConnectionEnabled: false, pageLoadStrategy: normal, platform: WINDOWS, platformName: WINDOWS, proxy: Proxy(), setWindowRect: true, strictFileInteractability: false, timeouts: {implicit: 0, pageLoad: 300000, script: 30000}, unhandledPromptBehavior: dismiss and notify, webauthn:extension:credBlob: true, webauthn:extension:largeBlob: true, webauthn:extension:minPinLength: true, webauthn:extension:prf: true, webauthn:virtualAuthenticators: true}
Session ID: 6e3d9103d5afa187cdbaa3df4a422905
*** Element info: {Using=xpath, value=//div[@id=&apos;success-toast&apos;]}
	at java.base/jdk.internal.reflect.DirectConstructorHandleAccessor.newInstance(DirectConstructorHandleAccessor.java:62)
	at java.base/java.lang.reflect.Constructor.newInstanceWithCaller(Constructor.java:502)
	at java.base/java.lang.reflect.Constructor.newInstance(Constructor.java:486)
	at org.openqa.selenium.remote.http.W3CHttpResponseCodec.createException(W3CHttpResponseCodec.java:187)
	at org.openqa.selenium.remote.http.W3CHttpResponseCodec.decode(W3CHttpResponseCodec.java:122)
	at org.openqa.selenium.remote.http.W3CHttpResponseCodec.decode(W3CHttpResponseCodec.java:49)
	at org.openqa.selenium.remote.HttpCommandExecutor.execute(HttpCommandExecutor.java:158)
	at org.openqa.selenium.remote.service.DriverCommandExecutor.execute(DriverCommandExecutor.java:83)
	at org.openqa.selenium.remote.RemoteWebDriver.execute(RemoteWebDriver.java:552)
	at org.openqa.selenium.remote.RemoteWebDriver.findElement(RemoteWebDriver.java:323)
	at org.openqa.selenium.remote.RemoteWebDriver.findElementByXPath(RemoteWebDriver.java:428)
	at org.openqa.selenium.By$ByXPath.findElement(By.java:353)
	at org.openqa.selenium.remote.RemoteWebDriver.findElement(RemoteWebDriver.java:315)
	at org.openqa.selenium.support.pagefactory.DefaultElementLocator.findElement(DefaultElementLocator.java:69)
	at org.openqa.selenium.support.pagefactory.internal.LocatingElementHandler.invoke(LocatingElementHandler.java:38)
	at jdk.proxy2/jdk.proxy2.$Proxy12.getText(Unknown Source)
	at com.skitech.pageObjectsRepo.AOVOPageObjects.getDocumentUploadSuccessFailureText(AOVOPageObjects.java:430)
	at com.skitech.testCases.GovtQAOVOTestCase.TC_AOVO_066_Verify_all_documents_in_document_view_pop_up(GovtQAOVOTestCase.java:902)
	at java.base/jdk.internal.reflect.DirectMethodHandleAccessor.invoke(DirectMethodHandleAccessor.java:103)
	at java.base/java.lang.reflect.Method.invoke(Method.java:580)
	at org.testng.internal.MethodInvocationHelper.invokeMethod(MethodInvocationHelper.java:132)
	at org.testng.internal.TestInvoker.invokeMethod(TestInvoker.java:599)
	at org.testng.internal.TestInvoker.invokeTestMethod(TestInvoker.java:174)
	at org.testng.internal.MethodRunner.runInSequence(MethodRunner.java:46)
	at org.testng.internal.TestInvoker$MethodInvocationAgent.invoke(TestInvoker.java:822)
	at org.testng.internal.TestInvoker.invokeTestMethods(TestInvoker.java:147)
	at org.testng.internal.TestMethodWorker.invokeTestMethods(TestMethodWorker.java:146)
	at org.testng.internal.TestMethodWorker.run(TestMethodWorker.java:128)
	at java.base/java.util.ArrayList.forEach(ArrayList.java:1596)
	at org.testng.TestRunner.privateRun(TestRunner.java:764)
	at org.testng.TestRunner.run(TestRunner.java:585)
	at org.testng.SuiteRunner.runTest(SuiteRunner.java:384)
	at org.testng.SuiteRunner.runSequentially(SuiteRunner.java:378)
	at org.testng.SuiteRunner.privateRun(SuiteRunner.java:337)
	at org.testng.SuiteRunner.run(SuiteRunner.java:286)
	at org.testng.SuiteRunnerWorker.runSuite(SuiteRunnerWorker.java:53)
	at org.testng.SuiteRunnerWorker.run(SuiteRunnerWorker.java:96)
	at org.testng.TestNG.runSuitesSequentially(TestNG.java:1218)
	at org.testng.TestNG.runSuitesLocally(TestNG.java:1140)
	at org.testng.TestNG.runSuites(TestNG.java:1069)
	at org.testng.TestNG.run(TestNG.java:1037)
	at org.testng.remote.AbstractRemoteTestNG.run(AbstractRemoteTestNG.java:115)
	at org.testng.remote.RemoteTestNG.initAndRun(RemoteTestNG.java:293)
	at org.testng.remote.RemoteTestNG.main(RemoteTestNG.java:91)
</pre></div><a href='#' onClick='toggleBox("stack-trace176312199", this, "Click to show all stack frames", "Click to hide stack frames")'>Click to show all stack frames</a>
<div class='stack-trace' id='stack-trace176312199'><pre>org.openqa.selenium.NoSuchElementException: no such element: Unable to locate element: {&quot;method&quot;:&quot;xpath&quot;,&quot;selector&quot;:&quot;//div[@id=&apos;success-toast&apos;]&quot;}
  (Session info: chrome=138.0.7204.184)
For documentation on this error, please visit: https://www.seleniumhq.org/exceptions/no_such_element.html
Build info: version: &apos;3.141.59&apos;, revision: &apos;e82be7d358&apos;, time: &apos;2018-11-14T08:17:03&apos;
System info: host: &apos;DESKTOP-PH7EFI9&apos;, ip: &apos;172.21.1.193&apos;, os.name: &apos;Windows 11&apos;, os.arch: &apos;amd64&apos;, os.version: &apos;10.0&apos;, java.version: &apos;21.0.3&apos;
Driver info: org.openqa.selenium.chrome.ChromeDriver
Capabilities {acceptInsecureCerts: false, browserName: chrome, browserVersion: 138.0.7204.184, chrome: {chromedriverVersion: 138.0.7204.183 (e90faf484dd..., userDataDir: C:\Users\DineshM\AppData\Lo...}, fedcm:accounts: true, goog:chromeOptions: {debuggerAddress: localhost:53105}, javascriptEnabled: true, networkConnectionEnabled: false, pageLoadStrategy: normal, platform: WINDOWS, platformName: WINDOWS, proxy: Proxy(), setWindowRect: true, strictFileInteractability: false, timeouts: {implicit: 0, pageLoad: 300000, script: 30000}, unhandledPromptBehavior: dismiss and notify, webauthn:extension:credBlob: true, webauthn:extension:largeBlob: true, webauthn:extension:minPinLength: true, webauthn:extension:prf: true, webauthn:virtualAuthenticators: true}
Session ID: 6e3d9103d5afa187cdbaa3df4a422905
*** Element info: {Using=xpath, value=//div[@id=&apos;success-toast&apos;]}
	at java.base/jdk.internal.reflect.DirectConstructorHandleAccessor.newInstance(DirectConstructorHandleAccessor.java:62)
	at java.base/java.lang.reflect.Constructor.newInstanceWithCaller(Constructor.java:502)
	at java.base/java.lang.reflect.Constructor.newInstance(Constructor.java:486)
	at org.openqa.selenium.remote.http.W3CHttpResponseCodec.createException(W3CHttpResponseCodec.java:187)
	at org.openqa.selenium.remote.http.W3CHttpResponseCodec.decode(W3CHttpResponseCodec.java:122)
	at org.openqa.selenium.remote.http.W3CHttpResponseCodec.decode(W3CHttpResponseCodec.java:49)
	at org.openqa.selenium.remote.HttpCommandExecutor.execute(HttpCommandExecutor.java:158)
	at org.openqa.selenium.remote.service.DriverCommandExecutor.execute(DriverCommandExecutor.java:83)
	at org.openqa.selenium.remote.RemoteWebDriver.execute(RemoteWebDriver.java:552)
	at org.openqa.selenium.remote.RemoteWebDriver.findElement(RemoteWebDriver.java:323)
	at org.openqa.selenium.remote.RemoteWebDriver.findElementByXPath(RemoteWebDriver.java:428)
	at org.openqa.selenium.By$ByXPath.findElement(By.java:353)
	at org.openqa.selenium.remote.RemoteWebDriver.findElement(RemoteWebDriver.java:315)
	at org.openqa.selenium.support.pagefactory.DefaultElementLocator.findElement(DefaultElementLocator.java:69)
	at org.openqa.selenium.support.pagefactory.internal.LocatingElementHandler.invoke(LocatingElementHandler.java:38)
	at jdk.proxy2/jdk.proxy2.$Proxy12.getText(Unknown Source)
	at com.skitech.pageObjectsRepo.AOVOPageObjects.getDocumentUploadSuccessFailureText(AOVOPageObjects.java:430)
	at com.skitech.testCases.GovtQAOVOTestCase.TC_AOVO_066_Verify_all_documents_in_document_view_pop_up(GovtQAOVOTestCase.java:902)
	at java.base/jdk.internal.reflect.DirectMethodHandleAccessor.invoke(DirectMethodHandleAccessor.java:103)
	at java.base/java.lang.reflect.Method.invoke(Method.java:580)
	at org.testng.internal.MethodInvocationHelper.invokeMethod(MethodInvocationHelper.java:132)
	at org.testng.internal.TestInvoker.invokeMethod(TestInvoker.java:599)
	at org.testng.internal.TestInvoker.invokeTestMethod(TestInvoker.java:174)
	at org.testng.internal.MethodRunner.runInSequence(MethodRunner.java:46)
	at org.testng.internal.TestInvoker$MethodInvocationAgent.invoke(TestInvoker.java:822)
	at org.testng.internal.TestInvoker.invokeTestMethods(TestInvoker.java:147)
	at org.testng.internal.TestMethodWorker.invokeTestMethods(TestMethodWorker.java:146)
	at org.testng.internal.TestMethodWorker.run(TestMethodWorker.java:128)
	at java.base/java.util.ArrayList.forEach(ArrayList.java:1596)
	at org.testng.TestRunner.privateRun(TestRunner.java:764)
	at org.testng.TestRunner.run(TestRunner.java:585)
	at org.testng.SuiteRunner.runTest(SuiteRunner.java:384)
	at org.testng.SuiteRunner.runSequentially(SuiteRunner.java:378)
	at org.testng.SuiteRunner.privateRun(SuiteRunner.java:337)
	at org.testng.SuiteRunner.run(SuiteRunner.java:286)
	at org.testng.SuiteRunnerWorker.runSuite(SuiteRunnerWorker.java:53)
	at org.testng.SuiteRunnerWorker.run(SuiteRunnerWorker.java:96)
	at org.testng.TestNG.runSuitesSequentially(TestNG.java:1218)
	at org.testng.TestNG.runSuitesLocally(TestNG.java:1140)
	at org.testng.TestNG.runSuites(TestNG.java:1069)
	at org.testng.TestNG.run(TestNG.java:1037)
	at org.testng.remote.AbstractRemoteTestNG.run(AbstractRemoteTestNG.java:115)
	at org.testng.remote.RemoteTestNG.initAndRun(RemoteTestNG.java:293)
	at org.testng.remote.RemoteTestNG.main(RemoteTestNG.java:91)
</pre></div></td>
<td>129</td>
<td>com.skitech.testCases.GovtQAOVOTestCase@6c4906d3</td></tr>
<tr>
<td title='com.skitech.testCases.GovtQAOVOTestCase.TC_AOVO_069_Verify_collect_column_for_all_documents()'><b>TC_AOVO_069_Verify_collect_column_for_all_documents</b><br>Test class: com.skitech.testCases.GovtQAOVOTestCase</td>
<td><div><pre>org.openqa.selenium.NoSuchElementException: no such element: Unable to locate element: {&quot;method&quot;:&quot;xpath&quot;,&quot;selector&quot;:&quot;//div[@id=&apos;success-toast&apos;]&quot;}
  (Session info: chrome=138.0.7204.184)
For documentation on this error, please visit: https://www.seleniumhq.org/exceptions/no_such_element.html
Build info: version: &apos;3.141.59&apos;, revision: &apos;e82be7d358&apos;, time: &apos;2018-11-14T08:17:03&apos;
System info: host: &apos;DESKTOP-PH7EFI9&apos;, ip: &apos;172.21.1.193&apos;, os.name: &apos;Windows 11&apos;, os.arch: &apos;amd64&apos;, os.version: &apos;10.0&apos;, java.version: &apos;21.0.3&apos;
Driver info: org.openqa.selenium.chrome.ChromeDriver
Capabilities {acceptInsecureCerts: false, browserName: chrome, browserVersion: 138.0.7204.184, chrome: {chromedriverVersion: 138.0.7204.183 (e90faf484dd..., userDataDir: C:\Users\DineshM\AppData\Lo...}, fedcm:accounts: true, goog:chromeOptions: {debuggerAddress: localhost:53105}, javascriptEnabled: true, networkConnectionEnabled: false, pageLoadStrategy: normal, platform: WINDOWS, platformName: WINDOWS, proxy: Proxy(), setWindowRect: true, strictFileInteractability: false, timeouts: {implicit: 0, pageLoad: 300000, script: 30000}, unhandledPromptBehavior: dismiss and notify, webauthn:extension:credBlob: true, webauthn:extension:largeBlob: true, webauthn:extension:minPinLength: true, webauthn:extension:prf: true, webauthn:virtualAuthenticators: true}
Session ID: 6e3d9103d5afa187cdbaa3df4a422905
*** Element info: {Using=xpath, value=//div[@id=&apos;success-toast&apos;]}
	at java.base/jdk.internal.reflect.DirectConstructorHandleAccessor.newInstance(DirectConstructorHandleAccessor.java:62)
	at java.base/java.lang.reflect.Constructor.newInstanceWithCaller(Constructor.java:502)
	at java.base/java.lang.reflect.Constructor.newInstance(Constructor.java:486)
	at org.openqa.selenium.remote.http.W3CHttpResponseCodec.createException(W3CHttpResponseCodec.java:187)
	at org.openqa.selenium.remote.http.W3CHttpResponseCodec.decode(W3CHttpResponseCodec.java:122)
	at org.openqa.selenium.remote.http.W3CHttpResponseCodec.decode(W3CHttpResponseCodec.java:49)
	at org.openqa.selenium.remote.HttpCommandExecutor.execute(HttpCommandExecutor.java:158)
	at org.openqa.selenium.remote.service.DriverCommandExecutor.execute(DriverCommandExecutor.java:83)
	at org.openqa.selenium.remote.RemoteWebDriver.execute(RemoteWebDriver.java:552)
	at org.openqa.selenium.remote.RemoteWebDriver.findElement(RemoteWebDriver.java:323)
	at org.openqa.selenium.remote.RemoteWebDriver.findElementByXPath(RemoteWebDriver.java:428)
	at org.openqa.selenium.By$ByXPath.findElement(By.java:353)
	at org.openqa.selenium.remote.RemoteWebDriver.findElement(RemoteWebDriver.java:315)
	at org.openqa.selenium.support.pagefactory.DefaultElementLocator.findElement(DefaultElementLocator.java:69)
	at org.openqa.selenium.support.pagefactory.internal.LocatingElementHandler.invoke(LocatingElementHandler.java:38)
	at jdk.proxy2/jdk.proxy2.$Proxy12.getText(Unknown Source)
	at com.skitech.pageObjectsRepo.StudentsProfilePOM.getSuccessToasterAlert(StudentsProfilePOM.java:1228)
	at com.skitech.testCases.GovtQAOVOTestCase.TC_AOVO_069_Verify_collect_column_for_all_documents(GovtQAOVOTestCase.java:928)
	at java.base/jdk.internal.reflect.DirectMethodHandleAccessor.invoke(DirectMethodHandleAccessor.java:103)
	at java.base/java.lang.reflect.Method.invoke(Method.java:580)
	at org.testng.internal.MethodInvocationHelper.invokeMethod(MethodInvocationHelper.java:132)
	at org.testng.internal.TestInvoker.invokeMethod(TestInvoker.java:599)
	at org.testng.internal.TestInvoker.invokeTestMethod(TestInvoker.java:174)
	at org.testng.internal.MethodRunner.runInSequence(MethodRunner.java:46)
	at org.testng.internal.TestInvoker$MethodInvocationAgent.invoke(TestInvoker.java:822)
	at org.testng.internal.TestInvoker.invokeTestMethods(TestInvoker.java:147)
	at org.testng.internal.TestMethodWorker.invokeTestMethods(TestMethodWorker.java:146)
	at org.testng.internal.TestMethodWorker.run(TestMethodWorker.java:128)
	at java.base/java.util.ArrayList.forEach(ArrayList.java:1596)
	at org.testng.TestRunner.privateRun(TestRunner.java:764)
	at org.testng.TestRunner.run(TestRunner.java:585)
	at org.testng.SuiteRunner.runTest(SuiteRunner.java:384)
	at org.testng.SuiteRunner.runSequentially(SuiteRunner.java:378)
	at org.testng.SuiteRunner.privateRun(SuiteRunner.java:337)
	at org.testng.SuiteRunner.run(SuiteRunner.java:286)
	at org.testng.SuiteRunnerWorker.runSuite(SuiteRunnerWorker.java:53)
	at org.testng.SuiteRunnerWorker.run(SuiteRunnerWorker.java:96)
	at org.testng.TestNG.runSuitesSequentially(TestNG.java:1218)
	at org.testng.TestNG.runSuitesLocally(TestNG.java:1140)
	at org.testng.TestNG.runSuites(TestNG.java:1069)
	at org.testng.TestNG.run(TestNG.java:1037)
	at org.testng.remote.AbstractRemoteTestNG.run(AbstractRemoteTestNG.java:115)
	at org.testng.remote.RemoteTestNG.initAndRun(RemoteTestNG.java:293)
	at org.testng.remote.RemoteTestNG.main(RemoteTestNG.java:91)
</pre></div><a href='#' onClick='toggleBox("stack-trace773602191", this, "Click to show all stack frames", "Click to hide stack frames")'>Click to show all stack frames</a>
<div class='stack-trace' id='stack-trace773602191'><pre>org.openqa.selenium.NoSuchElementException: no such element: Unable to locate element: {&quot;method&quot;:&quot;xpath&quot;,&quot;selector&quot;:&quot;//div[@id=&apos;success-toast&apos;]&quot;}
  (Session info: chrome=138.0.7204.184)
For documentation on this error, please visit: https://www.seleniumhq.org/exceptions/no_such_element.html
Build info: version: &apos;3.141.59&apos;, revision: &apos;e82be7d358&apos;, time: &apos;2018-11-14T08:17:03&apos;
System info: host: &apos;DESKTOP-PH7EFI9&apos;, ip: &apos;172.21.1.193&apos;, os.name: &apos;Windows 11&apos;, os.arch: &apos;amd64&apos;, os.version: &apos;10.0&apos;, java.version: &apos;21.0.3&apos;
Driver info: org.openqa.selenium.chrome.ChromeDriver
Capabilities {acceptInsecureCerts: false, browserName: chrome, browserVersion: 138.0.7204.184, chrome: {chromedriverVersion: 138.0.7204.183 (e90faf484dd..., userDataDir: C:\Users\DineshM\AppData\Lo...}, fedcm:accounts: true, goog:chromeOptions: {debuggerAddress: localhost:53105}, javascriptEnabled: true, networkConnectionEnabled: false, pageLoadStrategy: normal, platform: WINDOWS, platformName: WINDOWS, proxy: Proxy(), setWindowRect: true, strictFileInteractability: false, timeouts: {implicit: 0, pageLoad: 300000, script: 30000}, unhandledPromptBehavior: dismiss and notify, webauthn:extension:credBlob: true, webauthn:extension:largeBlob: true, webauthn:extension:minPinLength: true, webauthn:extension:prf: true, webauthn:virtualAuthenticators: true}
Session ID: 6e3d9103d5afa187cdbaa3df4a422905
*** Element info: {Using=xpath, value=//div[@id=&apos;success-toast&apos;]}
	at java.base/jdk.internal.reflect.DirectConstructorHandleAccessor.newInstance(DirectConstructorHandleAccessor.java:62)
	at java.base/java.lang.reflect.Constructor.newInstanceWithCaller(Constructor.java:502)
	at java.base/java.lang.reflect.Constructor.newInstance(Constructor.java:486)
	at org.openqa.selenium.remote.http.W3CHttpResponseCodec.createException(W3CHttpResponseCodec.java:187)
	at org.openqa.selenium.remote.http.W3CHttpResponseCodec.decode(W3CHttpResponseCodec.java:122)
	at org.openqa.selenium.remote.http.W3CHttpResponseCodec.decode(W3CHttpResponseCodec.java:49)
	at org.openqa.selenium.remote.HttpCommandExecutor.execute(HttpCommandExecutor.java:158)
	at org.openqa.selenium.remote.service.DriverCommandExecutor.execute(DriverCommandExecutor.java:83)
	at org.openqa.selenium.remote.RemoteWebDriver.execute(RemoteWebDriver.java:552)
	at org.openqa.selenium.remote.RemoteWebDriver.findElement(RemoteWebDriver.java:323)
	at org.openqa.selenium.remote.RemoteWebDriver.findElementByXPath(RemoteWebDriver.java:428)
	at org.openqa.selenium.By$ByXPath.findElement(By.java:353)
	at org.openqa.selenium.remote.RemoteWebDriver.findElement(RemoteWebDriver.java:315)
	at org.openqa.selenium.support.pagefactory.DefaultElementLocator.findElement(DefaultElementLocator.java:69)
	at org.openqa.selenium.support.pagefactory.internal.LocatingElementHandler.invoke(LocatingElementHandler.java:38)
	at jdk.proxy2/jdk.proxy2.$Proxy12.getText(Unknown Source)
	at com.skitech.pageObjectsRepo.StudentsProfilePOM.getSuccessToasterAlert(StudentsProfilePOM.java:1228)
	at com.skitech.testCases.GovtQAOVOTestCase.TC_AOVO_069_Verify_collect_column_for_all_documents(GovtQAOVOTestCase.java:928)
	at java.base/jdk.internal.reflect.DirectMethodHandleAccessor.invoke(DirectMethodHandleAccessor.java:103)
	at java.base/java.lang.reflect.Method.invoke(Method.java:580)
	at org.testng.internal.MethodInvocationHelper.invokeMethod(MethodInvocationHelper.java:132)
	at org.testng.internal.TestInvoker.invokeMethod(TestInvoker.java:599)
	at org.testng.internal.TestInvoker.invokeTestMethod(TestInvoker.java:174)
	at org.testng.internal.MethodRunner.runInSequence(MethodRunner.java:46)
	at org.testng.internal.TestInvoker$MethodInvocationAgent.invoke(TestInvoker.java:822)
	at org.testng.internal.TestInvoker.invokeTestMethods(TestInvoker.java:147)
	at org.testng.internal.TestMethodWorker.invokeTestMethods(TestMethodWorker.java:146)
	at org.testng.internal.TestMethodWorker.run(TestMethodWorker.java:128)
	at java.base/java.util.ArrayList.forEach(ArrayList.java:1596)
	at org.testng.TestRunner.privateRun(TestRunner.java:764)
	at org.testng.TestRunner.run(TestRunner.java:585)
	at org.testng.SuiteRunner.runTest(SuiteRunner.java:384)
	at org.testng.SuiteRunner.runSequentially(SuiteRunner.java:378)
	at org.testng.SuiteRunner.privateRun(SuiteRunner.java:337)
	at org.testng.SuiteRunner.run(SuiteRunner.java:286)
	at org.testng.SuiteRunnerWorker.runSuite(SuiteRunnerWorker.java:53)
	at org.testng.SuiteRunnerWorker.run(SuiteRunnerWorker.java:96)
	at org.testng.TestNG.runSuitesSequentially(TestNG.java:1218)
	at org.testng.TestNG.runSuitesLocally(TestNG.java:1140)
	at org.testng.TestNG.runSuites(TestNG.java:1069)
	at org.testng.TestNG.run(TestNG.java:1037)
	at org.testng.remote.AbstractRemoteTestNG.run(AbstractRemoteTestNG.java:115)
	at org.testng.remote.RemoteTestNG.initAndRun(RemoteTestNG.java:293)
	at org.testng.remote.RemoteTestNG.main(RemoteTestNG.java:91)
</pre></div></td>
<td>49</td>
<td>com.skitech.testCases.GovtQAOVOTestCase@6c4906d3</td></tr>
</table><p>
<table width='100%' border='1' class='invocation-passed'>
<tr><td colspan='4' align='center'><b>PASSED TESTS</b></td></tr>
<tr><td><b>Test method</b></td>
<td width="30%"><b>Exception</b></td>
<td width="10%"><b>Time (seconds)</b></td>
<td><b>Instance</b></td>
</tr>
<tr>
<td title='com.skitech.testCases.GovtQAOVOTestCase.TC_AOVO_005_Verify_sending_6digit_code_with_valid_email()'><b>TC_AOVO_005_Verify_sending_6digit_code_with_valid_email</b><br>Test class: com.skitech.testCases.GovtQAOVOTestCase</td>
<td></td>
<td>12</td>
<td>com.skitech.testCases.GovtQAOVOTestCase@6c4906d3</td></tr>
<tr>
<td title='com.skitech.testCases.GovtQAOVOTestCase.TC_AOVO_006_Verify_sending_6digit_code_fails_for_invalid_email()'><b>TC_AOVO_006_Verify_sending_6digit_code_fails_for_invalid_email</b><br>Test class: com.skitech.testCases.GovtQAOVOTestCase</td>
<td></td>
<td>6</td>
<td>com.skitech.testCases.GovtQAOVOTestCase@6c4906d3</td></tr>
<tr>
<td title='com.skitech.testCases.GovtQAOVOTestCase.TC_AOVO_007_Verify_AOVO_account_signin_with_valid_OTP()'><b>TC_AOVO_007_Verify_AOVO_account_signin_with_valid_OTP</b><br>Test class: com.skitech.testCases.GovtQAOVOTestCase</td>
<td></td>
<td>9</td>
<td>com.skitech.testCases.GovtQAOVOTestCase@6c4906d3</td></tr>
<tr>
<td title='com.skitech.testCases.GovtQAOVOTestCase.TC_AOVO_008_Verify_AOVO_account_signin_with_invalid_OTP()'><b>TC_AOVO_008_Verify_AOVO_account_signin_with_invalid_OTP</b><br>Test class: com.skitech.testCases.GovtQAOVOTestCase</td>
<td></td>
<td>12</td>
<td>com.skitech.testCases.GovtQAOVOTestCase@6c4906d3</td></tr>
<tr>
<td title='com.skitech.testCases.GovtQAOVOTestCase.TC_AOVO_009_Verify_AOVO_account_signin_with_expired_OTP()'><b>TC_AOVO_009_Verify_AOVO_account_signin_with_expired_OTP</b><br>Test class: com.skitech.testCases.GovtQAOVOTestCase</td>
<td></td>
<td>72</td>
<td>com.skitech.testCases.GovtQAOVOTestCase@6c4906d3</td></tr>
<tr>
<td title='com.skitech.testCases.GovtQAOVOTestCase.TC_AOVO_010_Verify_Resend_Code_in_signin_screen()'><b>TC_AOVO_010_Verify_Resend_Code_in_signin_screen</b><br>Test class: com.skitech.testCases.GovtQAOVOTestCase</td>
<td></td>
<td>13</td>
<td>com.skitech.testCases.GovtQAOVOTestCase@6c4906d3</td></tr>
<tr>
<td title='com.skitech.testCases.GovtQAOVOTestCase.TC_AOVO_011_Verify_GoBack_in_Signin_Screen()'><b>TC_AOVO_011_Verify_GoBack_in_Signin_Screen</b><br>Test class: com.skitech.testCases.GovtQAOVOTestCase</td>
<td></td>
<td>12</td>
<td>com.skitech.testCases.GovtQAOVOTestCase@6c4906d3</td></tr>
<tr>
<td title='com.skitech.testCases.GovtQAOVOTestCase.TC_AOVO_013_Verify_After_signin_screen_menus()'><b>TC_AOVO_013_Verify_After_signin_screen_menus</b><br>Test class: com.skitech.testCases.GovtQAOVOTestCase</td>
<td></td>
<td>11</td>
<td>com.skitech.testCases.GovtQAOVOTestCase@6c4906d3</td></tr>
<tr>
<td title='com.skitech.testCases.GovtQAOVOTestCase.TC_AOVO_015_Verify_Search_with_valid_Mobile_No()'><b>TC_AOVO_015_Verify_Search_with_valid_Mobile_No</b><br>Test class: com.skitech.testCases.GovtQAOVOTestCase</td>
<td></td>
<td>7</td>
<td>com.skitech.testCases.GovtQAOVOTestCase@6c4906d3</td></tr>
<tr>
<td title='com.skitech.testCases.GovtQAOVOTestCase.TC_AOVO_016_Verify_Search_with_invalid_Mobile_No()'><b>TC_AOVO_016_Verify_Search_with_invalid_Mobile_No</b><br>Test class: com.skitech.testCases.GovtQAOVOTestCase</td>
<td></td>
<td>7</td>
<td>com.skitech.testCases.GovtQAOVOTestCase@6c4906d3</td></tr>
<tr>
<td title='com.skitech.testCases.GovtQAOVOTestCase.TC_AOVO_017_Verify_Search_with_valid_admission_no()'><b>TC_AOVO_017_Verify_Search_with_valid_admission_no</b><br>Test class: com.skitech.testCases.GovtQAOVOTestCase</td>
<td></td>
<td>7</td>
<td>com.skitech.testCases.GovtQAOVOTestCase@6c4906d3</td></tr>
<tr>
<td title='com.skitech.testCases.GovtQAOVOTestCase.TC_AOVO_018_Verify_Search_with_invalid_admission_no()'><b>TC_AOVO_018_Verify_Search_with_invalid_admission_no</b><br>Test class: com.skitech.testCases.GovtQAOVOTestCase</td>
<td></td>
<td>6</td>
<td>com.skitech.testCases.GovtQAOVOTestCase@6c4906d3</td></tr>
<tr>
<td title='com.skitech.testCases.GovtQAOVOTestCase.TC_AOVO_018_Verify_student_details_screen_after_clicking_on_search_results()'><b>TC_AOVO_018_Verify_student_details_screen_after_clicking_on_search_results</b><br>Test class: com.skitech.testCases.GovtQAOVOTestCase</td>
<td></td>
<td>6</td>
<td>com.skitech.testCases.GovtQAOVOTestCase@6c4906d3</td></tr>
<tr>
<td title='com.skitech.testCases.GovtQAOVOTestCase.TC_AOVO_019_Verify_Overview_tab()'><b>TC_AOVO_019_Verify_Overview_tab</b><br>Test class: com.skitech.testCases.GovtQAOVOTestCase</td>
<td></td>
<td>0</td>
<td>com.skitech.testCases.GovtQAOVOTestCase@6c4906d3</td></tr>
<tr>
<td title='com.skitech.testCases.GovtQAOVOTestCase.TC_AOVO_025_Verify_Student_Information_tab()'><b>TC_AOVO_025_Verify_Student_Information_tab</b><br>Test class: com.skitech.testCases.GovtQAOVOTestCase</td>
<td></td>
<td>3</td>
<td>com.skitech.testCases.GovtQAOVOTestCase@6c4906d3</td></tr>
<tr>
<td title='com.skitech.testCases.GovtQAOVOTestCase.TC_AOVO_028_Verify_Mark_as_Verified_while_leaving_mandatory_field_in_Student_Information_tab()'><b>TC_AOVO_028_Verify_Mark_as_Verified_while_leaving_mandatory_field_in_Student_Information_tab</b><br>Test class: com.skitech.testCases.GovtQAOVOTestCase</td>
<td></td>
<td>5</td>
<td>com.skitech.testCases.GovtQAOVOTestCase@6c4906d3</td></tr>
<tr>
<td title='com.skitech.testCases.GovtQAOVOTestCase.TC_AOVO_030_Verify_Edit_Student_Information_details()'><b>TC_AOVO_030_Verify_Edit_Student_Information_details</b><br>Test class: com.skitech.testCases.GovtQAOVOTestCase</td>
<td></td>
<td>13</td>
<td>com.skitech.testCases.GovtQAOVOTestCase@6c4906d3</td></tr>
<tr>
<td title='com.skitech.testCases.GovtQAOVOTestCase.TC_AOVO_031_Verify_Edit_Student_Information_details_with_invalid_data()'><b>TC_AOVO_031_Verify_Edit_Student_Information_details_with_invalid_data</b><br>Test class: com.skitech.testCases.GovtQAOVOTestCase</td>
<td></td>
<td>3</td>
<td>com.skitech.testCases.GovtQAOVOTestCase@6c4906d3</td></tr>
<tr>
<td title='com.skitech.testCases.GovtQAOVOTestCase.TC_AOVO_032_Verify_Academic_History_tab()'><b>TC_AOVO_032_Verify_Academic_History_tab</b><br>Test class: com.skitech.testCases.GovtQAOVOTestCase</td>
<td></td>
<td>3</td>
<td>com.skitech.testCases.GovtQAOVOTestCase@6c4906d3</td></tr>
<tr>
<td title='com.skitech.testCases.GovtQAOVOTestCase.TC_AOVO_035_Verify_Mark_as_Verified_in_Academic_History_tab_with_incompleted_data()'><b>TC_AOVO_035_Verify_Mark_as_Verified_in_Academic_History_tab_with_incompleted_data</b><br>Test class: com.skitech.testCases.GovtQAOVOTestCase</td>
<td></td>
<td>13</td>
<td>com.skitech.testCases.GovtQAOVOTestCase@6c4906d3</td></tr>
<tr>
<td title='com.skitech.testCases.GovtQAOVOTestCase.TC_AOVO_036_Verify_Mark_as_Verified_in_Academic_History_tab()'><b>TC_AOVO_036_Verify_Mark_as_Verified_in_Academic_History_tab</b><br>Test class: com.skitech.testCases.GovtQAOVOTestCase</td>
<td></td>
<td>5</td>
<td>com.skitech.testCases.GovtQAOVOTestCase@6c4906d3</td></tr>
<tr>
<td title='com.skitech.testCases.GovtQAOVOTestCase.TC_AOVO_037_Verify_edit_academic_history_fields()'><b>TC_AOVO_037_Verify_edit_academic_history_fields</b><br>Test class: com.skitech.testCases.GovtQAOVOTestCase</td>
<td></td>
<td>19</td>
<td>com.skitech.testCases.GovtQAOVOTestCase@6c4906d3</td></tr>
<tr>
<td title='com.skitech.testCases.GovtQAOVOTestCase.TC_AOVO_038_Verify_edit_academic_history_fields_with_invalid_data()'><b>TC_AOVO_038_Verify_edit_academic_history_fields_with_invalid_data</b><br>Test class: com.skitech.testCases.GovtQAOVOTestCase</td>
<td></td>
<td>6</td>
<td>com.skitech.testCases.GovtQAOVOTestCase@6c4906d3</td></tr>
<tr>
<td title='com.skitech.testCases.GovtQAOVOTestCase.TC_AOVO_039_Verify_family_details_tab()'><b>TC_AOVO_039_Verify_family_details_tab</b><br>Test class: com.skitech.testCases.GovtQAOVOTestCase</td>
<td></td>
<td>3</td>
<td>com.skitech.testCases.GovtQAOVOTestCase@6c4906d3</td></tr>
<tr>
<td title='com.skitech.testCases.GovtQAOVOTestCase.TC_AOVO_042_Verify_Mark_as_Verified_in_Family_Details_tab_with_incompleted_data()'><b>TC_AOVO_042_Verify_Mark_as_Verified_in_Family_Details_tab_with_incompleted_data</b><br>Test class: com.skitech.testCases.GovtQAOVOTestCase</td>
<td></td>
<td>9</td>
<td>com.skitech.testCases.GovtQAOVOTestCase@6c4906d3</td></tr>
<tr>
<td title='com.skitech.testCases.GovtQAOVOTestCase.TC_AOVO_043_Verify_Mark_as_Verified_in_Family_Details_tab()'><b>TC_AOVO_043_Verify_Mark_as_Verified_in_Family_Details_tab</b><br>Test class: com.skitech.testCases.GovtQAOVOTestCase</td>
<td></td>
<td>5</td>
<td>com.skitech.testCases.GovtQAOVOTestCase@6c4906d3</td></tr>
<tr>
<td title='com.skitech.testCases.GovtQAOVOTestCase.TC_AOVO_044_Verify_edit_Family_Details()'><b>TC_AOVO_044_Verify_edit_Family_Details</b><br>Test class: com.skitech.testCases.GovtQAOVOTestCase</td>
<td></td>
<td>27</td>
<td>com.skitech.testCases.GovtQAOVOTestCase@6c4906d3</td></tr>
<tr>
<td title='com.skitech.testCases.GovtQAOVOTestCase.TC_AOVO_045_Verify_edit_family_details_fields_with_invalid_data()'><b>TC_AOVO_045_Verify_edit_family_details_fields_with_invalid_data</b><br>Test class: com.skitech.testCases.GovtQAOVOTestCase</td>
<td></td>
<td>17</td>
<td>com.skitech.testCases.GovtQAOVOTestCase@6c4906d3</td></tr>
<tr>
<td title='com.skitech.testCases.GovtQAOVOTestCase.TC_AOVO_046_Verify_Address_Details_tab()'><b>TC_AOVO_046_Verify_Address_Details_tab</b><br>Test class: com.skitech.testCases.GovtQAOVOTestCase</td>
<td></td>
<td>3</td>
<td>com.skitech.testCases.GovtQAOVOTestCase@6c4906d3</td></tr>
<tr>
<td title='com.skitech.testCases.GovtQAOVOTestCase.TC_AOVO_049_Verify_Mark_as_Verified_in_Address_Details_tab_with_incompleted()'><b>TC_AOVO_049_Verify_Mark_as_Verified_in_Address_Details_tab_with_incompleted</b><br>Test class: com.skitech.testCases.GovtQAOVOTestCase</td>
<td></td>
<td>5</td>
<td>com.skitech.testCases.GovtQAOVOTestCase@6c4906d3</td></tr>
<tr>
<td title='com.skitech.testCases.GovtQAOVOTestCase.TC_AOVO_050_Verify_Mark_as_Verified_in_Address_Details_tab()'><b>TC_AOVO_050_Verify_Mark_as_Verified_in_Address_Details_tab</b><br>Test class: com.skitech.testCases.GovtQAOVOTestCase</td>
<td></td>
<td>4</td>
<td>com.skitech.testCases.GovtQAOVOTestCase@6c4906d3</td></tr>
<tr>
<td title='com.skitech.testCases.GovtQAOVOTestCase.TC_AOVO_051_Verify_edit_address_details_fields()'><b>TC_AOVO_051_Verify_edit_address_details_fields</b><br>Test class: com.skitech.testCases.GovtQAOVOTestCase</td>
<td></td>
<td>9</td>
<td>com.skitech.testCases.GovtQAOVOTestCase@6c4906d3</td></tr>
<tr>
<td title='com.skitech.testCases.GovtQAOVOTestCase.TC_AOVO_052_Verify_edit_address_details_fields_with_invalid_data()'><b>TC_AOVO_052_Verify_edit_address_details_fields_with_invalid_data</b><br>Test class: com.skitech.testCases.GovtQAOVOTestCase</td>
<td></td>
<td>5</td>
<td>com.skitech.testCases.GovtQAOVOTestCase@6c4906d3</td></tr>
<tr>
<td title='com.skitech.testCases.GovtQAOVOTestCase.TC_AOVO_053_Verify_Admission_Details_tab()'><b>TC_AOVO_053_Verify_Admission_Details_tab</b><br>Test class: com.skitech.testCases.GovtQAOVOTestCase</td>
<td></td>
<td>3</td>
<td>com.skitech.testCases.GovtQAOVOTestCase@6c4906d3</td></tr>
<tr>
<td title='com.skitech.testCases.GovtQAOVOTestCase.TC_AOVO_056_Verify_mark_as_verified_with_incompleted_data_in_admission_details_tab()'><b>TC_AOVO_056_Verify_mark_as_verified_with_incompleted_data_in_admission_details_tab</b><br>Test class: com.skitech.testCases.GovtQAOVOTestCase</td>
<td></td>
<td>5</td>
<td>com.skitech.testCases.GovtQAOVOTestCase@6c4906d3</td></tr>
<tr>
<td title='com.skitech.testCases.GovtQAOVOTestCase.TC_AOVO_057_Verify_Mark_as_Verified_in_Admission_Details_tab()'><b>TC_AOVO_057_Verify_Mark_as_Verified_in_Admission_Details_tab</b><br>Test class: com.skitech.testCases.GovtQAOVOTestCase</td>
<td></td>
<td>5</td>
<td>com.skitech.testCases.GovtQAOVOTestCase@6c4906d3</td></tr>
<tr>
<td title='com.skitech.testCases.GovtQAOVOTestCase.TC_AOVO_058_Verify_edit_admission_details_fields()'><b>TC_AOVO_058_Verify_edit_admission_details_fields</b><br>Test class: com.skitech.testCases.GovtQAOVOTestCase</td>
<td></td>
<td>7</td>
<td>com.skitech.testCases.GovtQAOVOTestCase@6c4906d3</td></tr>
<tr>
<td title='com.skitech.testCases.GovtQAOVOTestCase.TC_AOVO_060_Verify_document_tab_sections()'><b>TC_AOVO_060_Verify_document_tab_sections</b><br>Test class: com.skitech.testCases.GovtQAOVOTestCase</td>
<td></td>
<td>3</td>
<td>com.skitech.testCases.GovtQAOVOTestCase@6c4906d3</td></tr>
<tr>
<td title='com.skitech.testCases.GovtQAOVOTestCase.TC_AOVO_062_Verify_finish_verification_in_documents_tab_without_completing_the_verification()'><b>TC_AOVO_062_Verify_finish_verification_in_documents_tab_without_completing_the_verification</b><br>Test class: com.skitech.testCases.GovtQAOVOTestCase</td>
<td></td>
<td>3</td>
<td>com.skitech.testCases.GovtQAOVOTestCase@6c4906d3</td></tr>
<tr>
<td title='com.skitech.testCases.GovtQAOVOTestCase.TC_AOVO_068_Verify_finish_verification_without_collecting_documents()'><b>TC_AOVO_068_Verify_finish_verification_without_collecting_documents</b><br>Test class: com.skitech.testCases.GovtQAOVOTestCase</td>
<td></td>
<td>3</td>
<td>com.skitech.testCases.GovtQAOVOTestCase@6c4906d3</td></tr>
<tr>
<td title='com.skitech.testCases.GovtQAOVOTestCase.TC_AOVO_070_Verify_finish_verification_after_collecting_documents()'><b>TC_AOVO_070_Verify_finish_verification_after_collecting_documents</b><br>Test class: com.skitech.testCases.GovtQAOVOTestCase</td>
<td></td>
<td>3</td>
<td>com.skitech.testCases.GovtQAOVOTestCase@6c4906d3</td></tr>
</table><p>
</body>
</html>