<?xml version="1.0" encoding="UTF-8"?>
<testng-results ignored="0" total="45" passed="41" failed="4" skipped="0">
  <reporter-output>
  </reporter-output>
  <suite started-at="2025-08-19T16:17:01 IST" name="Default suite" finished-at="2025-08-19T16:28:16 IST" duration-ms="675269">
    <groups>
      <group name="Regression">
        <method signature="GovtQAOVOTestCase.TC_AOVO_005_Verify_sending_6digit_code_with_valid_email()[pri:1, instance:com.skitech.testCases.GovtQAOVOTestCase@6c4906d3]" name="TC_AOVO_005_Verify_sending_6digit_code_with_valid_email" class="com.skitech.testCases.GovtQAOVOTestCase"/>
        <method signature="GovtQAOVOTestCase.TC_AOVO_006_Verify_sending_6digit_code_fails_for_invalid_email()[pri:2, instance:com.skitech.testCases.GovtQAOVOTestCase@6c4906d3]" name="TC_AOVO_006_Verify_sending_6digit_code_fails_for_invalid_email" class="com.skitech.testCases.GovtQAOVOTestCase"/>
        <method signature="GovtQAOVOTestCase.TC_AOVO_007_Verify_AOVO_account_signin_with_valid_OTP()[pri:3, instance:com.skitech.testCases.GovtQAOVOTestCase@6c4906d3]" name="TC_AOVO_007_Verify_AOVO_account_signin_with_valid_OTP" class="com.skitech.testCases.GovtQAOVOTestCase"/>
        <method signature="GovtQAOVOTestCase.TC_AOVO_008_Verify_AOVO_account_signin_with_invalid_OTP()[pri:4, instance:com.skitech.testCases.GovtQAOVOTestCase@6c4906d3]" name="TC_AOVO_008_Verify_AOVO_account_signin_with_invalid_OTP" class="com.skitech.testCases.GovtQAOVOTestCase"/>
        <method signature="GovtQAOVOTestCase.TC_AOVO_009_Verify_AOVO_account_signin_with_expired_OTP()[pri:5, instance:com.skitech.testCases.GovtQAOVOTestCase@6c4906d3]" name="TC_AOVO_009_Verify_AOVO_account_signin_with_expired_OTP" class="com.skitech.testCases.GovtQAOVOTestCase"/>
        <method signature="GovtQAOVOTestCase.TC_AOVO_010_Verify_Resend_Code_in_signin_screen()[pri:6, instance:com.skitech.testCases.GovtQAOVOTestCase@6c4906d3]" name="TC_AOVO_010_Verify_Resend_Code_in_signin_screen" class="com.skitech.testCases.GovtQAOVOTestCase"/>
        <method signature="GovtQAOVOTestCase.TC_AOVO_011_Verify_GoBack_in_Signin_Screen()[pri:7, instance:com.skitech.testCases.GovtQAOVOTestCase@6c4906d3]" name="TC_AOVO_011_Verify_GoBack_in_Signin_Screen" class="com.skitech.testCases.GovtQAOVOTestCase"/>
        <method signature="GovtQAOVOTestCase.TC_AOVO_013_Verify_After_signin_screen_menus()[pri:8, instance:com.skitech.testCases.GovtQAOVOTestCase@6c4906d3]" name="TC_AOVO_013_Verify_After_signin_screen_menus" class="com.skitech.testCases.GovtQAOVOTestCase"/>
        <method signature="GovtQAOVOTestCase.TC_AOVO_015_Verify_Search_with_valid_Mobile_No()[pri:9, instance:com.skitech.testCases.GovtQAOVOTestCase@6c4906d3]" name="TC_AOVO_015_Verify_Search_with_valid_Mobile_No" class="com.skitech.testCases.GovtQAOVOTestCase"/>
        <method signature="GovtQAOVOTestCase.TC_AOVO_016_Verify_Search_with_invalid_Mobile_No()[pri:10, instance:com.skitech.testCases.GovtQAOVOTestCase@6c4906d3]" name="TC_AOVO_016_Verify_Search_with_invalid_Mobile_No" class="com.skitech.testCases.GovtQAOVOTestCase"/>
        <method signature="GovtQAOVOTestCase.TC_AOVO_017_Verify_Search_with_valid_admission_no()[pri:11, instance:com.skitech.testCases.GovtQAOVOTestCase@6c4906d3]" name="TC_AOVO_017_Verify_Search_with_valid_admission_no" class="com.skitech.testCases.GovtQAOVOTestCase"/>
        <method signature="GovtQAOVOTestCase.TC_AOVO_018_Verify_Search_with_invalid_admission_no()[pri:12, instance:com.skitech.testCases.GovtQAOVOTestCase@6c4906d3]" name="TC_AOVO_018_Verify_Search_with_invalid_admission_no" class="com.skitech.testCases.GovtQAOVOTestCase"/>
        <method signature="GovtQAOVOTestCase.TC_AOVO_018_Verify_student_details_screen_after_clicking_on_search_results()[pri:13, instance:com.skitech.testCases.GovtQAOVOTestCase@6c4906d3]" name="TC_AOVO_018_Verify_student_details_screen_after_clicking_on_search_results" class="com.skitech.testCases.GovtQAOVOTestCase"/>
        <method signature="GovtQAOVOTestCase.TC_AOVO_019_Verify_Overview_tab()[pri:14, instance:com.skitech.testCases.GovtQAOVOTestCase@6c4906d3]" name="TC_AOVO_019_Verify_Overview_tab" class="com.skitech.testCases.GovtQAOVOTestCase"/>
        <method signature="GovtQAOVOTestCase.TC_AOVO_025_Verify_Student_Information_tab()[pri:15, instance:com.skitech.testCases.GovtQAOVOTestCase@6c4906d3]" name="TC_AOVO_025_Verify_Student_Information_tab" class="com.skitech.testCases.GovtQAOVOTestCase"/>
        <method signature="GovtQAOVOTestCase.TC_AOVO_028_Verify_Mark_as_Verified_while_leaving_mandatory_field_in_Student_Information_tab()[pri:16, instance:com.skitech.testCases.GovtQAOVOTestCase@6c4906d3]" name="TC_AOVO_028_Verify_Mark_as_Verified_while_leaving_mandatory_field_in_Student_Information_tab" class="com.skitech.testCases.GovtQAOVOTestCase"/>
        <method signature="GovtQAOVOTestCase.TC_AOVO_029_Verify_Mark_as_Verified_while_in_Student_Information_tab()[pri:17, instance:com.skitech.testCases.GovtQAOVOTestCase@6c4906d3]" name="TC_AOVO_029_Verify_Mark_as_Verified_while_in_Student_Information_tab" class="com.skitech.testCases.GovtQAOVOTestCase"/>
        <method signature="GovtQAOVOTestCase.TC_AOVO_030_Verify_Edit_Student_Information_details()[pri:18, instance:com.skitech.testCases.GovtQAOVOTestCase@6c4906d3]" name="TC_AOVO_030_Verify_Edit_Student_Information_details" class="com.skitech.testCases.GovtQAOVOTestCase"/>
        <method signature="GovtQAOVOTestCase.TC_AOVO_031_Verify_Edit_Student_Information_details_with_invalid_data()[pri:19, instance:com.skitech.testCases.GovtQAOVOTestCase@6c4906d3]" name="TC_AOVO_031_Verify_Edit_Student_Information_details_with_invalid_data" class="com.skitech.testCases.GovtQAOVOTestCase"/>
        <method signature="GovtQAOVOTestCase.TC_AOVO_032_Verify_Academic_History_tab()[pri:20, instance:com.skitech.testCases.GovtQAOVOTestCase@6c4906d3]" name="TC_AOVO_032_Verify_Academic_History_tab" class="com.skitech.testCases.GovtQAOVOTestCase"/>
        <method signature="GovtQAOVOTestCase.TC_AOVO_035_Verify_Mark_as_Verified_in_Academic_History_tab_with_incompleted_data()[pri:21, instance:com.skitech.testCases.GovtQAOVOTestCase@6c4906d3]" name="TC_AOVO_035_Verify_Mark_as_Verified_in_Academic_History_tab_with_incompleted_data" class="com.skitech.testCases.GovtQAOVOTestCase"/>
        <method signature="GovtQAOVOTestCase.TC_AOVO_036_Verify_Mark_as_Verified_in_Academic_History_tab()[pri:22, instance:com.skitech.testCases.GovtQAOVOTestCase@6c4906d3]" name="TC_AOVO_036_Verify_Mark_as_Verified_in_Academic_History_tab" class="com.skitech.testCases.GovtQAOVOTestCase"/>
        <method signature="GovtQAOVOTestCase.TC_AOVO_037_Verify_edit_academic_history_fields()[pri:23, instance:com.skitech.testCases.GovtQAOVOTestCase@6c4906d3]" name="TC_AOVO_037_Verify_edit_academic_history_fields" class="com.skitech.testCases.GovtQAOVOTestCase"/>
        <method signature="GovtQAOVOTestCase.TC_AOVO_038_Verify_edit_academic_history_fields_with_invalid_data()[pri:24, instance:com.skitech.testCases.GovtQAOVOTestCase@6c4906d3]" name="TC_AOVO_038_Verify_edit_academic_history_fields_with_invalid_data" class="com.skitech.testCases.GovtQAOVOTestCase"/>
        <method signature="GovtQAOVOTestCase.TC_AOVO_039_Verify_family_details_tab()[pri:25, instance:com.skitech.testCases.GovtQAOVOTestCase@6c4906d3]" name="TC_AOVO_039_Verify_family_details_tab" class="com.skitech.testCases.GovtQAOVOTestCase"/>
        <method signature="GovtQAOVOTestCase.TC_AOVO_042_Verify_Mark_as_Verified_in_Family_Details_tab_with_incompleted_data()[pri:26, instance:com.skitech.testCases.GovtQAOVOTestCase@6c4906d3]" name="TC_AOVO_042_Verify_Mark_as_Verified_in_Family_Details_tab_with_incompleted_data" class="com.skitech.testCases.GovtQAOVOTestCase"/>
        <method signature="GovtQAOVOTestCase.TC_AOVO_043_Verify_Mark_as_Verified_in_Family_Details_tab()[pri:27, instance:com.skitech.testCases.GovtQAOVOTestCase@6c4906d3]" name="TC_AOVO_043_Verify_Mark_as_Verified_in_Family_Details_tab" class="com.skitech.testCases.GovtQAOVOTestCase"/>
        <method signature="GovtQAOVOTestCase.TC_AOVO_044_Verify_edit_Family_Details()[pri:28, instance:com.skitech.testCases.GovtQAOVOTestCase@6c4906d3]" name="TC_AOVO_044_Verify_edit_Family_Details" class="com.skitech.testCases.GovtQAOVOTestCase"/>
        <method signature="GovtQAOVOTestCase.TC_AOVO_045_Verify_edit_family_details_fields_with_invalid_data()[pri:29, instance:com.skitech.testCases.GovtQAOVOTestCase@6c4906d3]" name="TC_AOVO_045_Verify_edit_family_details_fields_with_invalid_data" class="com.skitech.testCases.GovtQAOVOTestCase"/>
        <method signature="GovtQAOVOTestCase.TC_AOVO_046_Verify_Address_Details_tab()[pri:30, instance:com.skitech.testCases.GovtQAOVOTestCase@6c4906d3]" name="TC_AOVO_046_Verify_Address_Details_tab" class="com.skitech.testCases.GovtQAOVOTestCase"/>
        <method signature="GovtQAOVOTestCase.TC_AOVO_049_Verify_Mark_as_Verified_in_Address_Details_tab_with_incompleted()[pri:31, instance:com.skitech.testCases.GovtQAOVOTestCase@6c4906d3]" name="TC_AOVO_049_Verify_Mark_as_Verified_in_Address_Details_tab_with_incompleted" class="com.skitech.testCases.GovtQAOVOTestCase"/>
        <method signature="GovtQAOVOTestCase.TC_AOVO_050_Verify_Mark_as_Verified_in_Address_Details_tab()[pri:32, instance:com.skitech.testCases.GovtQAOVOTestCase@6c4906d3]" name="TC_AOVO_050_Verify_Mark_as_Verified_in_Address_Details_tab" class="com.skitech.testCases.GovtQAOVOTestCase"/>
        <method signature="GovtQAOVOTestCase.TC_AOVO_051_Verify_edit_address_details_fields()[pri:33, instance:com.skitech.testCases.GovtQAOVOTestCase@6c4906d3]" name="TC_AOVO_051_Verify_edit_address_details_fields" class="com.skitech.testCases.GovtQAOVOTestCase"/>
        <method signature="GovtQAOVOTestCase.TC_AOVO_052_Verify_edit_address_details_fields_with_invalid_data()[pri:34, instance:com.skitech.testCases.GovtQAOVOTestCase@6c4906d3]" name="TC_AOVO_052_Verify_edit_address_details_fields_with_invalid_data" class="com.skitech.testCases.GovtQAOVOTestCase"/>
        <method signature="GovtQAOVOTestCase.TC_AOVO_053_Verify_Admission_Details_tab()[pri:35, instance:com.skitech.testCases.GovtQAOVOTestCase@6c4906d3]" name="TC_AOVO_053_Verify_Admission_Details_tab" class="com.skitech.testCases.GovtQAOVOTestCase"/>
        <method signature="GovtQAOVOTestCase.TC_AOVO_056_Verify_mark_as_verified_with_incompleted_data_in_admission_details_tab()[pri:36, instance:com.skitech.testCases.GovtQAOVOTestCase@6c4906d3]" name="TC_AOVO_056_Verify_mark_as_verified_with_incompleted_data_in_admission_details_tab" class="com.skitech.testCases.GovtQAOVOTestCase"/>
        <method signature="GovtQAOVOTestCase.TC_AOVO_057_Verify_Mark_as_Verified_in_Admission_Details_tab()[pri:37, instance:com.skitech.testCases.GovtQAOVOTestCase@6c4906d3]" name="TC_AOVO_057_Verify_Mark_as_Verified_in_Admission_Details_tab" class="com.skitech.testCases.GovtQAOVOTestCase"/>
        <method signature="GovtQAOVOTestCase.TC_AOVO_058_Verify_edit_admission_details_fields()[pri:38, instance:com.skitech.testCases.GovtQAOVOTestCase@6c4906d3]" name="TC_AOVO_058_Verify_edit_admission_details_fields" class="com.skitech.testCases.GovtQAOVOTestCase"/>
        <method signature="GovtQAOVOTestCase.TC_AOVO_060_Verify_document_tab_sections()[pri:40, instance:com.skitech.testCases.GovtQAOVOTestCase@6c4906d3]" name="TC_AOVO_060_Verify_document_tab_sections" class="com.skitech.testCases.GovtQAOVOTestCase"/>
        <method signature="GovtQAOVOTestCase.TC_AOVO_062_Verify_finish_verification_in_documents_tab_without_completing_the_verification()[pri:41, instance:com.skitech.testCases.GovtQAOVOTestCase@6c4906d3]" name="TC_AOVO_062_Verify_finish_verification_in_documents_tab_without_completing_the_verification" class="com.skitech.testCases.GovtQAOVOTestCase"/>
        <method signature="GovtQAOVOTestCase.TC_AOVO_065_Verify_reject_all_documents_in_document_view_pop_up()[pri:42, instance:com.skitech.testCases.GovtQAOVOTestCase@6c4906d3]" name="TC_AOVO_065_Verify_reject_all_documents_in_document_view_pop_up" class="com.skitech.testCases.GovtQAOVOTestCase"/>
        <method signature="GovtQAOVOTestCase.TC_AOVO_066_Verify_all_documents_in_document_view_pop_up()[pri:43, instance:com.skitech.testCases.GovtQAOVOTestCase@6c4906d3]" name="TC_AOVO_066_Verify_all_documents_in_document_view_pop_up" class="com.skitech.testCases.GovtQAOVOTestCase"/>
        <method signature="GovtQAOVOTestCase.TC_AOVO_068_Verify_finish_verification_without_collecting_documents()[pri:44, instance:com.skitech.testCases.GovtQAOVOTestCase@6c4906d3]" name="TC_AOVO_068_Verify_finish_verification_without_collecting_documents" class="com.skitech.testCases.GovtQAOVOTestCase"/>
        <method signature="GovtQAOVOTestCase.TC_AOVO_069_Verify_collect_column_for_all_documents()[pri:45, instance:com.skitech.testCases.GovtQAOVOTestCase@6c4906d3]" name="TC_AOVO_069_Verify_collect_column_for_all_documents" class="com.skitech.testCases.GovtQAOVOTestCase"/>
        <method signature="GovtQAOVOTestCase.TC_AOVO_070_Verify_finish_verification_after_collecting_documents()[pri:46, instance:com.skitech.testCases.GovtQAOVOTestCase@6c4906d3]" name="TC_AOVO_070_Verify_finish_verification_after_collecting_documents" class="com.skitech.testCases.GovtQAOVOTestCase"/>
      </group> <!-- Regression -->
    </groups>
    <test started-at="2025-08-19T16:17:01 IST" name="Default test" finished-at="2025-08-19T16:28:16 IST" duration-ms="675269">
      <class name="com.skitech.testCases.GovtQAOVOTestCase">
        <test-method is-config="true" signature="generateTestData()[pri:0, instance:com.skitech.testCases.GovtQAOVOTestCase@6c4906d3]" started-at="2025-08-19T16:17:01 IST" name="generateTestData" finished-at="2025-08-19T16:17:01 IST" duration-ms="6" status="PASS">
          <reporter-output>
          </reporter-output>
        </test-method> <!-- generateTestData -->
        <test-method is-config="true" signature="init()[pri:0, instance:com.skitech.testCases.GovtQAOVOTestCase@6c4906d3]" started-at="2025-08-19T16:17:01 IST" name="init" finished-at="2025-08-19T16:17:03 IST" duration-ms="1487" status="PASS">
          <reporter-output>
          </reporter-output>
        </test-method> <!-- init -->
        <test-method signature="TC_AOVO_005_Verify_sending_6digit_code_with_valid_email()[pri:1, instance:com.skitech.testCases.GovtQAOVOTestCase@6c4906d3]" started-at="2025-08-19T16:17:03 IST" name="TC_AOVO_005_Verify_sending_6digit_code_with_valid_email" finished-at="2025-08-19T16:17:15 IST" duration-ms="12599" status="PASS">
          <reporter-output>
          </reporter-output>
        </test-method> <!-- TC_AOVO_005_Verify_sending_6digit_code_with_valid_email -->
        <test-method signature="TC_AOVO_006_Verify_sending_6digit_code_fails_for_invalid_email()[pri:2, instance:com.skitech.testCases.GovtQAOVOTestCase@6c4906d3]" started-at="2025-08-19T16:17:15 IST" name="TC_AOVO_006_Verify_sending_6digit_code_fails_for_invalid_email" finished-at="2025-08-19T16:17:22 IST" duration-ms="6388" status="PASS">
          <reporter-output>
          </reporter-output>
        </test-method> <!-- TC_AOVO_006_Verify_sending_6digit_code_fails_for_invalid_email -->
        <test-method signature="TC_AOVO_007_Verify_AOVO_account_signin_with_valid_OTP()[pri:3, instance:com.skitech.testCases.GovtQAOVOTestCase@6c4906d3]" started-at="2025-08-19T16:17:22 IST" name="TC_AOVO_007_Verify_AOVO_account_signin_with_valid_OTP" finished-at="2025-08-19T16:17:31 IST" duration-ms="9475" status="PASS">
          <reporter-output>
          </reporter-output>
        </test-method> <!-- TC_AOVO_007_Verify_AOVO_account_signin_with_valid_OTP -->
        <test-method signature="TC_AOVO_008_Verify_AOVO_account_signin_with_invalid_OTP()[pri:4, instance:com.skitech.testCases.GovtQAOVOTestCase@6c4906d3]" started-at="2025-08-19T16:17:31 IST" name="TC_AOVO_008_Verify_AOVO_account_signin_with_invalid_OTP" finished-at="2025-08-19T16:17:44 IST" duration-ms="12890" status="PASS">
          <reporter-output>
          </reporter-output>
        </test-method> <!-- TC_AOVO_008_Verify_AOVO_account_signin_with_invalid_OTP -->
        <test-method signature="TC_AOVO_009_Verify_AOVO_account_signin_with_expired_OTP()[pri:5, instance:com.skitech.testCases.GovtQAOVOTestCase@6c4906d3]" started-at="2025-08-19T16:17:44 IST" name="TC_AOVO_009_Verify_AOVO_account_signin_with_expired_OTP" finished-at="2025-08-19T16:18:57 IST" duration-ms="72428" status="PASS">
          <reporter-output>
          </reporter-output>
        </test-method> <!-- TC_AOVO_009_Verify_AOVO_account_signin_with_expired_OTP -->
        <test-method signature="TC_AOVO_010_Verify_Resend_Code_in_signin_screen()[pri:6, instance:com.skitech.testCases.GovtQAOVOTestCase@6c4906d3]" started-at="2025-08-19T16:18:57 IST" name="TC_AOVO_010_Verify_Resend_Code_in_signin_screen" finished-at="2025-08-19T16:19:10 IST" duration-ms="13298" status="PASS">
          <reporter-output>
          </reporter-output>
        </test-method> <!-- TC_AOVO_010_Verify_Resend_Code_in_signin_screen -->
        <test-method signature="TC_AOVO_011_Verify_GoBack_in_Signin_Screen()[pri:7, instance:com.skitech.testCases.GovtQAOVOTestCase@6c4906d3]" started-at="2025-08-19T16:19:10 IST" name="TC_AOVO_011_Verify_GoBack_in_Signin_Screen" finished-at="2025-08-19T16:19:22 IST" duration-ms="12627" status="PASS">
          <reporter-output>
          </reporter-output>
        </test-method> <!-- TC_AOVO_011_Verify_GoBack_in_Signin_Screen -->
        <test-method signature="TC_AOVO_013_Verify_After_signin_screen_menus()[pri:8, instance:com.skitech.testCases.GovtQAOVOTestCase@6c4906d3]" started-at="2025-08-19T16:19:22 IST" name="TC_AOVO_013_Verify_After_signin_screen_menus" finished-at="2025-08-19T16:19:34 IST" duration-ms="11341" status="PASS">
          <reporter-output>
          </reporter-output>
        </test-method> <!-- TC_AOVO_013_Verify_After_signin_screen_menus -->
        <test-method signature="TC_AOVO_015_Verify_Search_with_valid_Mobile_No()[pri:9, instance:com.skitech.testCases.GovtQAOVOTestCase@6c4906d3]" started-at="2025-08-19T16:19:34 IST" name="TC_AOVO_015_Verify_Search_with_valid_Mobile_No" finished-at="2025-08-19T16:19:42 IST" duration-ms="7746" status="PASS">
          <reporter-output>
          </reporter-output>
        </test-method> <!-- TC_AOVO_015_Verify_Search_with_valid_Mobile_No -->
        <test-method signature="TC_AOVO_016_Verify_Search_with_invalid_Mobile_No()[pri:10, instance:com.skitech.testCases.GovtQAOVOTestCase@6c4906d3]" started-at="2025-08-19T16:19:42 IST" name="TC_AOVO_016_Verify_Search_with_invalid_Mobile_No" finished-at="2025-08-19T16:19:49 IST" duration-ms="7466" status="PASS">
          <reporter-output>
          </reporter-output>
        </test-method> <!-- TC_AOVO_016_Verify_Search_with_invalid_Mobile_No -->
        <test-method signature="TC_AOVO_017_Verify_Search_with_valid_admission_no()[pri:11, instance:com.skitech.testCases.GovtQAOVOTestCase@6c4906d3]" started-at="2025-08-19T16:19:49 IST" name="TC_AOVO_017_Verify_Search_with_valid_admission_no" finished-at="2025-08-19T16:19:57 IST" duration-ms="7546" status="PASS">
          <reporter-output>
          </reporter-output>
        </test-method> <!-- TC_AOVO_017_Verify_Search_with_valid_admission_no -->
        <test-method signature="TC_AOVO_018_Verify_Search_with_invalid_admission_no()[pri:12, instance:com.skitech.testCases.GovtQAOVOTestCase@6c4906d3]" started-at="2025-08-19T16:19:57 IST" name="TC_AOVO_018_Verify_Search_with_invalid_admission_no" finished-at="2025-08-19T16:20:03 IST" duration-ms="6270" status="PASS">
          <reporter-output>
          </reporter-output>
        </test-method> <!-- TC_AOVO_018_Verify_Search_with_invalid_admission_no -->
        <test-method signature="TC_AOVO_018_Verify_student_details_screen_after_clicking_on_search_results()[pri:13, instance:com.skitech.testCases.GovtQAOVOTestCase@6c4906d3]" started-at="2025-08-19T16:20:03 IST" name="TC_AOVO_018_Verify_student_details_screen_after_clicking_on_search_results" finished-at="2025-08-19T16:20:09 IST" duration-ms="6431" status="PASS">
          <reporter-output>
          </reporter-output>
        </test-method> <!-- TC_AOVO_018_Verify_student_details_screen_after_clicking_on_search_results -->
        <test-method signature="TC_AOVO_019_Verify_Overview_tab()[pri:14, instance:com.skitech.testCases.GovtQAOVOTestCase@6c4906d3]" started-at="2025-08-19T16:20:09 IST" name="TC_AOVO_019_Verify_Overview_tab" finished-at="2025-08-19T16:20:09 IST" duration-ms="139" status="PASS">
          <reporter-output>
          </reporter-output>
        </test-method> <!-- TC_AOVO_019_Verify_Overview_tab -->
        <test-method signature="TC_AOVO_025_Verify_Student_Information_tab()[pri:15, instance:com.skitech.testCases.GovtQAOVOTestCase@6c4906d3]" started-at="2025-08-19T16:20:09 IST" name="TC_AOVO_025_Verify_Student_Information_tab" finished-at="2025-08-19T16:20:13 IST" duration-ms="3254" status="PASS">
          <reporter-output>
          </reporter-output>
        </test-method> <!-- TC_AOVO_025_Verify_Student_Information_tab -->
        <test-method signature="TC_AOVO_028_Verify_Mark_as_Verified_while_leaving_mandatory_field_in_Student_Information_tab()[pri:16, instance:com.skitech.testCases.GovtQAOVOTestCase@6c4906d3]" started-at="2025-08-19T16:20:13 IST" name="TC_AOVO_028_Verify_Mark_as_Verified_while_leaving_mandatory_field_in_Student_Information_tab" finished-at="2025-08-19T16:20:18 IST" duration-ms="5685" status="PASS">
          <reporter-output>
          </reporter-output>
        </test-method> <!-- TC_AOVO_028_Verify_Mark_as_Verified_while_leaving_mandatory_field_in_Student_Information_tab -->
        <test-method signature="TC_AOVO_029_Verify_Mark_as_Verified_while_in_Student_Information_tab()[pri:17, instance:com.skitech.testCases.GovtQAOVOTestCase@6c4906d3]" started-at="2025-08-19T16:20:18 IST" name="TC_AOVO_029_Verify_Mark_as_Verified_while_in_Student_Information_tab" finished-at="2025-08-19T16:20:21 IST" duration-ms="2183" status="FAIL">
          <exception class="org.openqa.selenium.NoSuchElementException">
            <message>
              <![CDATA[no such element: Unable to locate element: {"method":"xpath","selector":"//button[text()='Mark as Verified']"}
  (Session info: chrome=138.0.7204.184)
For documentation on this error, please visit: https://www.seleniumhq.org/exceptions/no_such_element.html
Build info: version: '3.141.59', revision: 'e82be7d358', time: '2018-11-14T08:17:03'
System info: host: 'DESKTOP-PH7EFI9', ip: '172.21.1.193', os.name: 'Windows 11', os.arch: 'amd64', os.version: '10.0', java.version: '21.0.3'
Driver info: org.openqa.selenium.chrome.ChromeDriver
Capabilities {acceptInsecureCerts: false, browserName: chrome, browserVersion: 138.0.7204.184, chrome: {chromedriverVersion: 138.0.7204.183 (e90faf484dd..., userDataDir: C:\Users\DineshM\AppData\Lo...}, fedcm:accounts: true, goog:chromeOptions: {debuggerAddress: localhost:53105}, javascriptEnabled: true, networkConnectionEnabled: false, pageLoadStrategy: normal, platform: WINDOWS, platformName: WINDOWS, proxy: Proxy(), setWindowRect: true, strictFileInteractability: false, timeouts: {implicit: 0, pageLoad: 300000, script: 30000}, unhandledPromptBehavior: dismiss and notify, webauthn:extension:credBlob: true, webauthn:extension:largeBlob: true, webauthn:extension:minPinLength: true, webauthn:extension:prf: true, webauthn:virtualAuthenticators: true}
Session ID: 6e3d9103d5afa187cdbaa3df4a422905
*** Element info: {Using=xpath, value=//button[text()='Mark as Verified']}]]>
            </message>
            <full-stacktrace>
              <![CDATA[org.openqa.selenium.NoSuchElementException: no such element: Unable to locate element: {"method":"xpath","selector":"//button[text()='Mark as Verified']"}
  (Session info: chrome=138.0.7204.184)
For documentation on this error, please visit: https://www.seleniumhq.org/exceptions/no_such_element.html
Build info: version: '3.141.59', revision: 'e82be7d358', time: '2018-11-14T08:17:03'
System info: host: 'DESKTOP-PH7EFI9', ip: '172.21.1.193', os.name: 'Windows 11', os.arch: 'amd64', os.version: '10.0', java.version: '21.0.3'
Driver info: org.openqa.selenium.chrome.ChromeDriver
Capabilities {acceptInsecureCerts: false, browserName: chrome, browserVersion: 138.0.7204.184, chrome: {chromedriverVersion: 138.0.7204.183 (e90faf484dd..., userDataDir: C:\Users\DineshM\AppData\Lo...}, fedcm:accounts: true, goog:chromeOptions: {debuggerAddress: localhost:53105}, javascriptEnabled: true, networkConnectionEnabled: false, pageLoadStrategy: normal, platform: WINDOWS, platformName: WINDOWS, proxy: Proxy(), setWindowRect: true, strictFileInteractability: false, timeouts: {implicit: 0, pageLoad: 300000, script: 30000}, unhandledPromptBehavior: dismiss and notify, webauthn:extension:credBlob: true, webauthn:extension:largeBlob: true, webauthn:extension:minPinLength: true, webauthn:extension:prf: true, webauthn:virtualAuthenticators: true}
Session ID: 6e3d9103d5afa187cdbaa3df4a422905
*** Element info: {Using=xpath, value=//button[text()='Mark as Verified']}
at java.base/jdk.internal.reflect.DirectConstructorHandleAccessor.newInstance(DirectConstructorHandleAccessor.java:62)
at java.base/java.lang.reflect.Constructor.newInstanceWithCaller(Constructor.java:502)
at java.base/java.lang.reflect.Constructor.newInstance(Constructor.java:486)
at org.openqa.selenium.remote.http.W3CHttpResponseCodec.createException(W3CHttpResponseCodec.java:187)
at org.openqa.selenium.remote.http.W3CHttpResponseCodec.decode(W3CHttpResponseCodec.java:122)
at org.openqa.selenium.remote.http.W3CHttpResponseCodec.decode(W3CHttpResponseCodec.java:49)
at org.openqa.selenium.remote.HttpCommandExecutor.execute(HttpCommandExecutor.java:158)
at org.openqa.selenium.remote.service.DriverCommandExecutor.execute(DriverCommandExecutor.java:83)
at org.openqa.selenium.remote.RemoteWebDriver.execute(RemoteWebDriver.java:552)
at org.openqa.selenium.remote.RemoteWebDriver.findElement(RemoteWebDriver.java:323)
at org.openqa.selenium.remote.RemoteWebDriver.findElementByXPath(RemoteWebDriver.java:428)
at org.openqa.selenium.By$ByXPath.findElement(By.java:353)
at org.openqa.selenium.remote.RemoteWebDriver.findElement(RemoteWebDriver.java:315)
at org.openqa.selenium.support.pagefactory.DefaultElementLocator.findElement(DefaultElementLocator.java:69)
at org.openqa.selenium.support.pagefactory.internal.LocatingElementHandler.invoke(LocatingElementHandler.java:38)
at jdk.proxy2/jdk.proxy2.$Proxy12.click(Unknown Source)
at com.skitech.pageObjectsRepo.AOVOPageObjects.clickOnMarkasVerified(AOVOPageObjects.java:367)
at com.skitech.testCases.GovtQAOVOTestCase.TC_AOVO_029_Verify_Mark_as_Verified_while_in_Student_Information_tab(GovtQAOVOTestCase.java:385)
at java.base/jdk.internal.reflect.DirectMethodHandleAccessor.invoke(DirectMethodHandleAccessor.java:103)
at java.base/java.lang.reflect.Method.invoke(Method.java:580)
at org.testng.internal.MethodInvocationHelper.invokeMethod(MethodInvocationHelper.java:132)
at org.testng.internal.TestInvoker.invokeMethod(TestInvoker.java:599)
at org.testng.internal.TestInvoker.invokeTestMethod(TestInvoker.java:174)
at org.testng.internal.MethodRunner.runInSequence(MethodRunner.java:46)
at org.testng.internal.TestInvoker$MethodInvocationAgent.invoke(TestInvoker.java:822)
at org.testng.internal.TestInvoker.invokeTestMethods(TestInvoker.java:147)
at org.testng.internal.TestMethodWorker.invokeTestMethods(TestMethodWorker.java:146)
at org.testng.internal.TestMethodWorker.run(TestMethodWorker.java:128)
at java.base/java.util.ArrayList.forEach(ArrayList.java:1596)
at org.testng.TestRunner.privateRun(TestRunner.java:764)
at org.testng.TestRunner.run(TestRunner.java:585)
at org.testng.SuiteRunner.runTest(SuiteRunner.java:384)
at org.testng.SuiteRunner.runSequentially(SuiteRunner.java:378)
at org.testng.SuiteRunner.privateRun(SuiteRunner.java:337)
at org.testng.SuiteRunner.run(SuiteRunner.java:286)
at org.testng.SuiteRunnerWorker.runSuite(SuiteRunnerWorker.java:53)
at org.testng.SuiteRunnerWorker.run(SuiteRunnerWorker.java:96)
at org.testng.TestNG.runSuitesSequentially(TestNG.java:1218)
at org.testng.TestNG.runSuitesLocally(TestNG.java:1140)
at org.testng.TestNG.runSuites(TestNG.java:1069)
at org.testng.TestNG.run(TestNG.java:1037)
at org.testng.remote.AbstractRemoteTestNG.run(AbstractRemoteTestNG.java:115)
at org.testng.remote.RemoteTestNG.initAndRun(RemoteTestNG.java:293)
at org.testng.remote.RemoteTestNG.main(RemoteTestNG.java:91)
]]>
            </full-stacktrace>
          </exception> <!-- org.openqa.selenium.NoSuchElementException -->
          <reporter-output>
          </reporter-output>
        </test-method> <!-- TC_AOVO_029_Verify_Mark_as_Verified_while_in_Student_Information_tab -->
        <test-method signature="TC_AOVO_030_Verify_Edit_Student_Information_details()[pri:18, instance:com.skitech.testCases.GovtQAOVOTestCase@6c4906d3]" started-at="2025-08-19T16:20:21 IST" name="TC_AOVO_030_Verify_Edit_Student_Information_details" finished-at="2025-08-19T16:20:34 IST" duration-ms="13321" status="PASS">
          <reporter-output>
          </reporter-output>
        </test-method> <!-- TC_AOVO_030_Verify_Edit_Student_Information_details -->
        <test-method signature="TC_AOVO_031_Verify_Edit_Student_Information_details_with_invalid_data()[pri:19, instance:com.skitech.testCases.GovtQAOVOTestCase@6c4906d3]" started-at="2025-08-19T16:20:34 IST" name="TC_AOVO_031_Verify_Edit_Student_Information_details_with_invalid_data" finished-at="2025-08-19T16:20:37 IST" duration-ms="3364" status="PASS">
          <reporter-output>
          </reporter-output>
        </test-method> <!-- TC_AOVO_031_Verify_Edit_Student_Information_details_with_invalid_data -->
        <test-method signature="TC_AOVO_032_Verify_Academic_History_tab()[pri:20, instance:com.skitech.testCases.GovtQAOVOTestCase@6c4906d3]" started-at="2025-08-19T16:20:37 IST" name="TC_AOVO_032_Verify_Academic_History_tab" finished-at="2025-08-19T16:20:40 IST" duration-ms="3196" status="PASS">
          <reporter-output>
          </reporter-output>
        </test-method> <!-- TC_AOVO_032_Verify_Academic_History_tab -->
        <test-method signature="TC_AOVO_035_Verify_Mark_as_Verified_in_Academic_History_tab_with_incompleted_data()[pri:21, instance:com.skitech.testCases.GovtQAOVOTestCase@6c4906d3]" started-at="2025-08-19T16:20:40 IST" name="TC_AOVO_035_Verify_Mark_as_Verified_in_Academic_History_tab_with_incompleted_data" finished-at="2025-08-19T16:20:54 IST" duration-ms="13832" status="PASS">
          <reporter-output>
          </reporter-output>
        </test-method> <!-- TC_AOVO_035_Verify_Mark_as_Verified_in_Academic_History_tab_with_incompleted_data -->
        <test-method signature="TC_AOVO_036_Verify_Mark_as_Verified_in_Academic_History_tab()[pri:22, instance:com.skitech.testCases.GovtQAOVOTestCase@6c4906d3]" started-at="2025-08-19T16:20:54 IST" name="TC_AOVO_036_Verify_Mark_as_Verified_in_Academic_History_tab" finished-at="2025-08-19T16:21:00 IST" duration-ms="5446" status="PASS">
          <reporter-output>
          </reporter-output>
        </test-method> <!-- TC_AOVO_036_Verify_Mark_as_Verified_in_Academic_History_tab -->
        <test-method signature="TC_AOVO_037_Verify_edit_academic_history_fields()[pri:23, instance:com.skitech.testCases.GovtQAOVOTestCase@6c4906d3]" started-at="2025-08-19T16:21:00 IST" name="TC_AOVO_037_Verify_edit_academic_history_fields" finished-at="2025-08-19T16:21:20 IST" duration-ms="19927" status="PASS">
          <reporter-output>
          </reporter-output>
        </test-method> <!-- TC_AOVO_037_Verify_edit_academic_history_fields -->
        <test-method signature="TC_AOVO_038_Verify_edit_academic_history_fields_with_invalid_data()[pri:24, instance:com.skitech.testCases.GovtQAOVOTestCase@6c4906d3]" started-at="2025-08-19T16:21:20 IST" name="TC_AOVO_038_Verify_edit_academic_history_fields_with_invalid_data" finished-at="2025-08-19T16:21:26 IST" duration-ms="6817" status="PASS">
          <reporter-output>
          </reporter-output>
        </test-method> <!-- TC_AOVO_038_Verify_edit_academic_history_fields_with_invalid_data -->
        <test-method signature="TC_AOVO_039_Verify_family_details_tab()[pri:25, instance:com.skitech.testCases.GovtQAOVOTestCase@6c4906d3]" started-at="2025-08-19T16:21:26 IST" name="TC_AOVO_039_Verify_family_details_tab" finished-at="2025-08-19T16:21:30 IST" duration-ms="3668" status="PASS">
          <reporter-output>
          </reporter-output>
        </test-method> <!-- TC_AOVO_039_Verify_family_details_tab -->
        <test-method signature="TC_AOVO_042_Verify_Mark_as_Verified_in_Family_Details_tab_with_incompleted_data()[pri:26, instance:com.skitech.testCases.GovtQAOVOTestCase@6c4906d3]" started-at="2025-08-19T16:21:30 IST" name="TC_AOVO_042_Verify_Mark_as_Verified_in_Family_Details_tab_with_incompleted_data" finished-at="2025-08-19T16:21:39 IST" duration-ms="9268" status="PASS">
          <reporter-output>
          </reporter-output>
        </test-method> <!-- TC_AOVO_042_Verify_Mark_as_Verified_in_Family_Details_tab_with_incompleted_data -->
        <test-method signature="TC_AOVO_043_Verify_Mark_as_Verified_in_Family_Details_tab()[pri:27, instance:com.skitech.testCases.GovtQAOVOTestCase@6c4906d3]" started-at="2025-08-19T16:21:39 IST" name="TC_AOVO_043_Verify_Mark_as_Verified_in_Family_Details_tab" finished-at="2025-08-19T16:21:45 IST" duration-ms="5260" status="PASS">
          <reporter-output>
          </reporter-output>
        </test-method> <!-- TC_AOVO_043_Verify_Mark_as_Verified_in_Family_Details_tab -->
        <test-method signature="TC_AOVO_044_Verify_edit_Family_Details()[pri:28, instance:com.skitech.testCases.GovtQAOVOTestCase@6c4906d3]" started-at="2025-08-19T16:21:45 IST" name="TC_AOVO_044_Verify_edit_Family_Details" finished-at="2025-08-19T16:22:12 IST" duration-ms="27718" status="PASS">
          <reporter-output>
          </reporter-output>
        </test-method> <!-- TC_AOVO_044_Verify_edit_Family_Details -->
        <test-method signature="TC_AOVO_045_Verify_edit_family_details_fields_with_invalid_data()[pri:29, instance:com.skitech.testCases.GovtQAOVOTestCase@6c4906d3]" started-at="2025-08-19T16:22:12 IST" name="TC_AOVO_045_Verify_edit_family_details_fields_with_invalid_data" finished-at="2025-08-19T16:22:30 IST" duration-ms="17552" status="PASS">
          <reporter-output>
          </reporter-output>
        </test-method> <!-- TC_AOVO_045_Verify_edit_family_details_fields_with_invalid_data -->
        <test-method signature="TC_AOVO_046_Verify_Address_Details_tab()[pri:30, instance:com.skitech.testCases.GovtQAOVOTestCase@6c4906d3]" started-at="2025-08-19T16:22:30 IST" name="TC_AOVO_046_Verify_Address_Details_tab" finished-at="2025-08-19T16:22:33 IST" duration-ms="3288" status="PASS">
          <reporter-output>
          </reporter-output>
        </test-method> <!-- TC_AOVO_046_Verify_Address_Details_tab -->
        <test-method signature="TC_AOVO_049_Verify_Mark_as_Verified_in_Address_Details_tab_with_incompleted()[pri:31, instance:com.skitech.testCases.GovtQAOVOTestCase@6c4906d3]" started-at="2025-08-19T16:22:33 IST" name="TC_AOVO_049_Verify_Mark_as_Verified_in_Address_Details_tab_with_incompleted" finished-at="2025-08-19T16:22:39 IST" duration-ms="5550" status="PASS">
          <reporter-output>
          </reporter-output>
        </test-method> <!-- TC_AOVO_049_Verify_Mark_as_Verified_in_Address_Details_tab_with_incompleted -->
        <test-method signature="TC_AOVO_050_Verify_Mark_as_Verified_in_Address_Details_tab()[pri:32, instance:com.skitech.testCases.GovtQAOVOTestCase@6c4906d3]" started-at="2025-08-19T16:22:39 IST" name="TC_AOVO_050_Verify_Mark_as_Verified_in_Address_Details_tab" finished-at="2025-08-19T16:22:43 IST" duration-ms="4350" status="PASS">
          <reporter-output>
          </reporter-output>
        </test-method> <!-- TC_AOVO_050_Verify_Mark_as_Verified_in_Address_Details_tab -->
        <test-method signature="TC_AOVO_051_Verify_edit_address_details_fields()[pri:33, instance:com.skitech.testCases.GovtQAOVOTestCase@6c4906d3]" started-at="2025-08-19T16:22:43 IST" name="TC_AOVO_051_Verify_edit_address_details_fields" finished-at="2025-08-19T16:22:52 IST" duration-ms="9166" status="PASS">
          <reporter-output>
          </reporter-output>
        </test-method> <!-- TC_AOVO_051_Verify_edit_address_details_fields -->
        <test-method signature="TC_AOVO_052_Verify_edit_address_details_fields_with_invalid_data()[pri:34, instance:com.skitech.testCases.GovtQAOVOTestCase@6c4906d3]" started-at="2025-08-19T16:22:52 IST" name="TC_AOVO_052_Verify_edit_address_details_fields_with_invalid_data" finished-at="2025-08-19T16:22:58 IST" duration-ms="5807" status="PASS">
          <reporter-output>
          </reporter-output>
        </test-method> <!-- TC_AOVO_052_Verify_edit_address_details_fields_with_invalid_data -->
        <test-method signature="TC_AOVO_053_Verify_Admission_Details_tab()[pri:35, instance:com.skitech.testCases.GovtQAOVOTestCase@6c4906d3]" started-at="2025-08-19T16:22:58 IST" name="TC_AOVO_053_Verify_Admission_Details_tab" finished-at="2025-08-19T16:23:01 IST" duration-ms="3238" status="PASS">
          <reporter-output>
          </reporter-output>
        </test-method> <!-- TC_AOVO_053_Verify_Admission_Details_tab -->
        <test-method signature="TC_AOVO_056_Verify_mark_as_verified_with_incompleted_data_in_admission_details_tab()[pri:36, instance:com.skitech.testCases.GovtQAOVOTestCase@6c4906d3]" started-at="2025-08-19T16:23:01 IST" name="TC_AOVO_056_Verify_mark_as_verified_with_incompleted_data_in_admission_details_tab" finished-at="2025-08-19T16:23:07 IST" duration-ms="5511" status="PASS">
          <reporter-output>
          </reporter-output>
        </test-method> <!-- TC_AOVO_056_Verify_mark_as_verified_with_incompleted_data_in_admission_details_tab -->
        <test-method signature="TC_AOVO_057_Verify_Mark_as_Verified_in_Admission_Details_tab()[pri:37, instance:com.skitech.testCases.GovtQAOVOTestCase@6c4906d3]" started-at="2025-08-19T16:23:07 IST" name="TC_AOVO_057_Verify_Mark_as_Verified_in_Admission_Details_tab" finished-at="2025-08-19T16:23:12 IST" duration-ms="5283" status="PASS">
          <reporter-output>
          </reporter-output>
        </test-method> <!-- TC_AOVO_057_Verify_Mark_as_Verified_in_Admission_Details_tab -->
        <test-method signature="TC_AOVO_058_Verify_edit_admission_details_fields()[pri:38, instance:com.skitech.testCases.GovtQAOVOTestCase@6c4906d3]" started-at="2025-08-19T16:23:12 IST" name="TC_AOVO_058_Verify_edit_admission_details_fields" finished-at="2025-08-19T16:23:20 IST" duration-ms="7463" status="PASS">
          <reporter-output>
          </reporter-output>
        </test-method> <!-- TC_AOVO_058_Verify_edit_admission_details_fields -->
        <test-method signature="TC_AOVO_060_Verify_document_tab_sections()[pri:40, instance:com.skitech.testCases.GovtQAOVOTestCase@6c4906d3]" started-at="2025-08-19T16:23:20 IST" name="TC_AOVO_060_Verify_document_tab_sections" finished-at="2025-08-19T16:23:23 IST" duration-ms="3288" status="PASS">
          <reporter-output>
          </reporter-output>
        </test-method> <!-- TC_AOVO_060_Verify_document_tab_sections -->
        <test-method signature="TC_AOVO_062_Verify_finish_verification_in_documents_tab_without_completing_the_verification()[pri:41, instance:com.skitech.testCases.GovtQAOVOTestCase@6c4906d3]" started-at="2025-08-19T16:23:23 IST" name="TC_AOVO_062_Verify_finish_verification_in_documents_tab_without_completing_the_verification" finished-at="2025-08-19T16:23:26 IST" duration-ms="3368" status="PASS">
          <reporter-output>
          </reporter-output>
        </test-method> <!-- TC_AOVO_062_Verify_finish_verification_in_documents_tab_without_completing_the_verification -->
        <test-method signature="TC_AOVO_065_Verify_reject_all_documents_in_document_view_pop_up()[pri:42, instance:com.skitech.testCases.GovtQAOVOTestCase@6c4906d3]" started-at="2025-08-19T16:23:26 IST" name="TC_AOVO_065_Verify_reject_all_documents_in_document_view_pop_up" finished-at="2025-08-19T16:25:11 IST" duration-ms="105102" status="FAIL">
          <exception class="org.openqa.selenium.NoSuchElementException">
            <message>
              <![CDATA[no such element: Unable to locate element: {"method":"xpath","selector":"//button[@class='absolute1 top-3 right-4 text-gray-500 text-xl']"}
  (Session info: chrome=138.0.7204.184)
For documentation on this error, please visit: https://www.seleniumhq.org/exceptions/no_such_element.html
Build info: version: '3.141.59', revision: 'e82be7d358', time: '2018-11-14T08:17:03'
System info: host: 'DESKTOP-PH7EFI9', ip: '172.21.1.193', os.name: 'Windows 11', os.arch: 'amd64', os.version: '10.0', java.version: '21.0.3'
Driver info: org.openqa.selenium.chrome.ChromeDriver
Capabilities {acceptInsecureCerts: false, browserName: chrome, browserVersion: 138.0.7204.184, chrome: {chromedriverVersion: 138.0.7204.183 (e90faf484dd..., userDataDir: C:\Users\DineshM\AppData\Lo...}, fedcm:accounts: true, goog:chromeOptions: {debuggerAddress: localhost:53105}, javascriptEnabled: true, networkConnectionEnabled: false, pageLoadStrategy: normal, platform: WINDOWS, platformName: WINDOWS, proxy: Proxy(), setWindowRect: true, strictFileInteractability: false, timeouts: {implicit: 0, pageLoad: 300000, script: 30000}, unhandledPromptBehavior: dismiss and notify, webauthn:extension:credBlob: true, webauthn:extension:largeBlob: true, webauthn:extension:minPinLength: true, webauthn:extension:prf: true, webauthn:virtualAuthenticators: true}
Session ID: 6e3d9103d5afa187cdbaa3df4a422905
*** Element info: {Using=xpath, value=//button[@class='absolute1 top-3 right-4 text-gray-500 text-xl']}]]>
            </message>
            <full-stacktrace>
              <![CDATA[org.openqa.selenium.NoSuchElementException: no such element: Unable to locate element: {"method":"xpath","selector":"//button[@class='absolute1 top-3 right-4 text-gray-500 text-xl']"}
  (Session info: chrome=138.0.7204.184)
For documentation on this error, please visit: https://www.seleniumhq.org/exceptions/no_such_element.html
Build info: version: '3.141.59', revision: 'e82be7d358', time: '2018-11-14T08:17:03'
System info: host: 'DESKTOP-PH7EFI9', ip: '172.21.1.193', os.name: 'Windows 11', os.arch: 'amd64', os.version: '10.0', java.version: '21.0.3'
Driver info: org.openqa.selenium.chrome.ChromeDriver
Capabilities {acceptInsecureCerts: false, browserName: chrome, browserVersion: 138.0.7204.184, chrome: {chromedriverVersion: 138.0.7204.183 (e90faf484dd..., userDataDir: C:\Users\DineshM\AppData\Lo...}, fedcm:accounts: true, goog:chromeOptions: {debuggerAddress: localhost:53105}, javascriptEnabled: true, networkConnectionEnabled: false, pageLoadStrategy: normal, platform: WINDOWS, platformName: WINDOWS, proxy: Proxy(), setWindowRect: true, strictFileInteractability: false, timeouts: {implicit: 0, pageLoad: 300000, script: 30000}, unhandledPromptBehavior: dismiss and notify, webauthn:extension:credBlob: true, webauthn:extension:largeBlob: true, webauthn:extension:minPinLength: true, webauthn:extension:prf: true, webauthn:virtualAuthenticators: true}
Session ID: 6e3d9103d5afa187cdbaa3df4a422905
*** Element info: {Using=xpath, value=//button[@class='absolute1 top-3 right-4 text-gray-500 text-xl']}
at java.base/jdk.internal.reflect.DirectConstructorHandleAccessor.newInstance(DirectConstructorHandleAccessor.java:62)
at java.base/java.lang.reflect.Constructor.newInstanceWithCaller(Constructor.java:502)
at java.base/java.lang.reflect.Constructor.newInstance(Constructor.java:486)
at org.openqa.selenium.remote.http.W3CHttpResponseCodec.createException(W3CHttpResponseCodec.java:187)
at org.openqa.selenium.remote.http.W3CHttpResponseCodec.decode(W3CHttpResponseCodec.java:122)
at org.openqa.selenium.remote.http.W3CHttpResponseCodec.decode(W3CHttpResponseCodec.java:49)
at org.openqa.selenium.remote.HttpCommandExecutor.execute(HttpCommandExecutor.java:158)
at org.openqa.selenium.remote.service.DriverCommandExecutor.execute(DriverCommandExecutor.java:83)
at org.openqa.selenium.remote.RemoteWebDriver.execute(RemoteWebDriver.java:552)
at org.openqa.selenium.remote.RemoteWebDriver.findElement(RemoteWebDriver.java:323)
at org.openqa.selenium.remote.RemoteWebDriver.findElementByXPath(RemoteWebDriver.java:428)
at org.openqa.selenium.By$ByXPath.findElement(By.java:353)
at org.openqa.selenium.remote.RemoteWebDriver.findElement(RemoteWebDriver.java:315)
at org.openqa.selenium.support.pagefactory.DefaultElementLocator.findElement(DefaultElementLocator.java:69)
at org.openqa.selenium.support.pagefactory.internal.LocatingElementHandler.invoke(LocatingElementHandler.java:38)
at jdk.proxy2/jdk.proxy2.$Proxy12.click(Unknown Source)
at com.skitech.pageObjectsRepo.AOVOPageObjects.rejectAllDocuments(AOVOPageObjects.java:468)
at com.skitech.testCases.GovtQAOVOTestCase.TC_AOVO_065_Verify_reject_all_documents_in_document_view_pop_up(GovtQAOVOTestCase.java:868)
at java.base/jdk.internal.reflect.DirectMethodHandleAccessor.invoke(DirectMethodHandleAccessor.java:103)
at java.base/java.lang.reflect.Method.invoke(Method.java:580)
at org.testng.internal.MethodInvocationHelper.invokeMethod(MethodInvocationHelper.java:132)
at org.testng.internal.TestInvoker.invokeMethod(TestInvoker.java:599)
at org.testng.internal.TestInvoker.invokeTestMethod(TestInvoker.java:174)
at org.testng.internal.MethodRunner.runInSequence(MethodRunner.java:46)
at org.testng.internal.TestInvoker$MethodInvocationAgent.invoke(TestInvoker.java:822)
at org.testng.internal.TestInvoker.invokeTestMethods(TestInvoker.java:147)
at org.testng.internal.TestMethodWorker.invokeTestMethods(TestMethodWorker.java:146)
at org.testng.internal.TestMethodWorker.run(TestMethodWorker.java:128)
at java.base/java.util.ArrayList.forEach(ArrayList.java:1596)
at org.testng.TestRunner.privateRun(TestRunner.java:764)
at org.testng.TestRunner.run(TestRunner.java:585)
at org.testng.SuiteRunner.runTest(SuiteRunner.java:384)
at org.testng.SuiteRunner.runSequentially(SuiteRunner.java:378)
at org.testng.SuiteRunner.privateRun(SuiteRunner.java:337)
at org.testng.SuiteRunner.run(SuiteRunner.java:286)
at org.testng.SuiteRunnerWorker.runSuite(SuiteRunnerWorker.java:53)
at org.testng.SuiteRunnerWorker.run(SuiteRunnerWorker.java:96)
at org.testng.TestNG.runSuitesSequentially(TestNG.java:1218)
at org.testng.TestNG.runSuitesLocally(TestNG.java:1140)
at org.testng.TestNG.runSuites(TestNG.java:1069)
at org.testng.TestNG.run(TestNG.java:1037)
at org.testng.remote.AbstractRemoteTestNG.run(AbstractRemoteTestNG.java:115)
at org.testng.remote.RemoteTestNG.initAndRun(RemoteTestNG.java:293)
at org.testng.remote.RemoteTestNG.main(RemoteTestNG.java:91)
]]>
            </full-stacktrace>
          </exception> <!-- org.openqa.selenium.NoSuchElementException -->
          <reporter-output>
          </reporter-output>
        </test-method> <!-- TC_AOVO_065_Verify_reject_all_documents_in_document_view_pop_up -->
        <test-method signature="TC_AOVO_066_Verify_all_documents_in_document_view_pop_up()[pri:43, instance:com.skitech.testCases.GovtQAOVOTestCase@6c4906d3]" started-at="2025-08-19T16:25:11 IST" name="TC_AOVO_066_Verify_all_documents_in_document_view_pop_up" finished-at="2025-08-19T16:27:21 IST" duration-ms="129145" status="FAIL">
          <exception class="org.openqa.selenium.NoSuchElementException">
            <message>
              <![CDATA[no such element: Unable to locate element: {"method":"xpath","selector":"//div[@id='success-toast']"}
  (Session info: chrome=138.0.7204.184)
For documentation on this error, please visit: https://www.seleniumhq.org/exceptions/no_such_element.html
Build info: version: '3.141.59', revision: 'e82be7d358', time: '2018-11-14T08:17:03'
System info: host: 'DESKTOP-PH7EFI9', ip: '172.21.1.193', os.name: 'Windows 11', os.arch: 'amd64', os.version: '10.0', java.version: '21.0.3'
Driver info: org.openqa.selenium.chrome.ChromeDriver
Capabilities {acceptInsecureCerts: false, browserName: chrome, browserVersion: 138.0.7204.184, chrome: {chromedriverVersion: 138.0.7204.183 (e90faf484dd..., userDataDir: C:\Users\DineshM\AppData\Lo...}, fedcm:accounts: true, goog:chromeOptions: {debuggerAddress: localhost:53105}, javascriptEnabled: true, networkConnectionEnabled: false, pageLoadStrategy: normal, platform: WINDOWS, platformName: WINDOWS, proxy: Proxy(), setWindowRect: true, strictFileInteractability: false, timeouts: {implicit: 0, pageLoad: 300000, script: 30000}, unhandledPromptBehavior: dismiss and notify, webauthn:extension:credBlob: true, webauthn:extension:largeBlob: true, webauthn:extension:minPinLength: true, webauthn:extension:prf: true, webauthn:virtualAuthenticators: true}
Session ID: 6e3d9103d5afa187cdbaa3df4a422905
*** Element info: {Using=xpath, value=//div[@id='success-toast']}]]>
            </message>
            <full-stacktrace>
              <![CDATA[org.openqa.selenium.NoSuchElementException: no such element: Unable to locate element: {"method":"xpath","selector":"//div[@id='success-toast']"}
  (Session info: chrome=138.0.7204.184)
For documentation on this error, please visit: https://www.seleniumhq.org/exceptions/no_such_element.html
Build info: version: '3.141.59', revision: 'e82be7d358', time: '2018-11-14T08:17:03'
System info: host: 'DESKTOP-PH7EFI9', ip: '172.21.1.193', os.name: 'Windows 11', os.arch: 'amd64', os.version: '10.0', java.version: '21.0.3'
Driver info: org.openqa.selenium.chrome.ChromeDriver
Capabilities {acceptInsecureCerts: false, browserName: chrome, browserVersion: 138.0.7204.184, chrome: {chromedriverVersion: 138.0.7204.183 (e90faf484dd..., userDataDir: C:\Users\DineshM\AppData\Lo...}, fedcm:accounts: true, goog:chromeOptions: {debuggerAddress: localhost:53105}, javascriptEnabled: true, networkConnectionEnabled: false, pageLoadStrategy: normal, platform: WINDOWS, platformName: WINDOWS, proxy: Proxy(), setWindowRect: true, strictFileInteractability: false, timeouts: {implicit: 0, pageLoad: 300000, script: 30000}, unhandledPromptBehavior: dismiss and notify, webauthn:extension:credBlob: true, webauthn:extension:largeBlob: true, webauthn:extension:minPinLength: true, webauthn:extension:prf: true, webauthn:virtualAuthenticators: true}
Session ID: 6e3d9103d5afa187cdbaa3df4a422905
*** Element info: {Using=xpath, value=//div[@id='success-toast']}
at java.base/jdk.internal.reflect.DirectConstructorHandleAccessor.newInstance(DirectConstructorHandleAccessor.java:62)
at java.base/java.lang.reflect.Constructor.newInstanceWithCaller(Constructor.java:502)
at java.base/java.lang.reflect.Constructor.newInstance(Constructor.java:486)
at org.openqa.selenium.remote.http.W3CHttpResponseCodec.createException(W3CHttpResponseCodec.java:187)
at org.openqa.selenium.remote.http.W3CHttpResponseCodec.decode(W3CHttpResponseCodec.java:122)
at org.openqa.selenium.remote.http.W3CHttpResponseCodec.decode(W3CHttpResponseCodec.java:49)
at org.openqa.selenium.remote.HttpCommandExecutor.execute(HttpCommandExecutor.java:158)
at org.openqa.selenium.remote.service.DriverCommandExecutor.execute(DriverCommandExecutor.java:83)
at org.openqa.selenium.remote.RemoteWebDriver.execute(RemoteWebDriver.java:552)
at org.openqa.selenium.remote.RemoteWebDriver.findElement(RemoteWebDriver.java:323)
at org.openqa.selenium.remote.RemoteWebDriver.findElementByXPath(RemoteWebDriver.java:428)
at org.openqa.selenium.By$ByXPath.findElement(By.java:353)
at org.openqa.selenium.remote.RemoteWebDriver.findElement(RemoteWebDriver.java:315)
at org.openqa.selenium.support.pagefactory.DefaultElementLocator.findElement(DefaultElementLocator.java:69)
at org.openqa.selenium.support.pagefactory.internal.LocatingElementHandler.invoke(LocatingElementHandler.java:38)
at jdk.proxy2/jdk.proxy2.$Proxy12.getText(Unknown Source)
at com.skitech.pageObjectsRepo.AOVOPageObjects.getDocumentUploadSuccessFailureText(AOVOPageObjects.java:430)
at com.skitech.testCases.GovtQAOVOTestCase.TC_AOVO_066_Verify_all_documents_in_document_view_pop_up(GovtQAOVOTestCase.java:902)
at java.base/jdk.internal.reflect.DirectMethodHandleAccessor.invoke(DirectMethodHandleAccessor.java:103)
at java.base/java.lang.reflect.Method.invoke(Method.java:580)
at org.testng.internal.MethodInvocationHelper.invokeMethod(MethodInvocationHelper.java:132)
at org.testng.internal.TestInvoker.invokeMethod(TestInvoker.java:599)
at org.testng.internal.TestInvoker.invokeTestMethod(TestInvoker.java:174)
at org.testng.internal.MethodRunner.runInSequence(MethodRunner.java:46)
at org.testng.internal.TestInvoker$MethodInvocationAgent.invoke(TestInvoker.java:822)
at org.testng.internal.TestInvoker.invokeTestMethods(TestInvoker.java:147)
at org.testng.internal.TestMethodWorker.invokeTestMethods(TestMethodWorker.java:146)
at org.testng.internal.TestMethodWorker.run(TestMethodWorker.java:128)
at java.base/java.util.ArrayList.forEach(ArrayList.java:1596)
at org.testng.TestRunner.privateRun(TestRunner.java:764)
at org.testng.TestRunner.run(TestRunner.java:585)
at org.testng.SuiteRunner.runTest(SuiteRunner.java:384)
at org.testng.SuiteRunner.runSequentially(SuiteRunner.java:378)
at org.testng.SuiteRunner.privateRun(SuiteRunner.java:337)
at org.testng.SuiteRunner.run(SuiteRunner.java:286)
at org.testng.SuiteRunnerWorker.runSuite(SuiteRunnerWorker.java:53)
at org.testng.SuiteRunnerWorker.run(SuiteRunnerWorker.java:96)
at org.testng.TestNG.runSuitesSequentially(TestNG.java:1218)
at org.testng.TestNG.runSuitesLocally(TestNG.java:1140)
at org.testng.TestNG.runSuites(TestNG.java:1069)
at org.testng.TestNG.run(TestNG.java:1037)
at org.testng.remote.AbstractRemoteTestNG.run(AbstractRemoteTestNG.java:115)
at org.testng.remote.RemoteTestNG.initAndRun(RemoteTestNG.java:293)
at org.testng.remote.RemoteTestNG.main(RemoteTestNG.java:91)
]]>
            </full-stacktrace>
          </exception> <!-- org.openqa.selenium.NoSuchElementException -->
          <reporter-output>
          </reporter-output>
        </test-method> <!-- TC_AOVO_066_Verify_all_documents_in_document_view_pop_up -->
        <test-method signature="TC_AOVO_068_Verify_finish_verification_without_collecting_documents()[pri:44, instance:com.skitech.testCases.GovtQAOVOTestCase@6c4906d3]" started-at="2025-08-19T16:27:21 IST" name="TC_AOVO_068_Verify_finish_verification_without_collecting_documents" finished-at="2025-08-19T16:27:24 IST" duration-ms="3536" status="PASS">
          <reporter-output>
          </reporter-output>
        </test-method> <!-- TC_AOVO_068_Verify_finish_verification_without_collecting_documents -->
        <test-method signature="TC_AOVO_069_Verify_collect_column_for_all_documents()[pri:45, instance:com.skitech.testCases.GovtQAOVOTestCase@6c4906d3]" started-at="2025-08-19T16:27:24 IST" name="TC_AOVO_069_Verify_collect_column_for_all_documents" finished-at="2025-08-19T16:28:13 IST" duration-ms="49268" status="FAIL">
          <exception class="org.openqa.selenium.NoSuchElementException">
            <message>
              <![CDATA[no such element: Unable to locate element: {"method":"xpath","selector":"//div[@id='success-toast']"}
  (Session info: chrome=138.0.7204.184)
For documentation on this error, please visit: https://www.seleniumhq.org/exceptions/no_such_element.html
Build info: version: '3.141.59', revision: 'e82be7d358', time: '2018-11-14T08:17:03'
System info: host: 'DESKTOP-PH7EFI9', ip: '172.21.1.193', os.name: 'Windows 11', os.arch: 'amd64', os.version: '10.0', java.version: '21.0.3'
Driver info: org.openqa.selenium.chrome.ChromeDriver
Capabilities {acceptInsecureCerts: false, browserName: chrome, browserVersion: 138.0.7204.184, chrome: {chromedriverVersion: 138.0.7204.183 (e90faf484dd..., userDataDir: C:\Users\DineshM\AppData\Lo...}, fedcm:accounts: true, goog:chromeOptions: {debuggerAddress: localhost:53105}, javascriptEnabled: true, networkConnectionEnabled: false, pageLoadStrategy: normal, platform: WINDOWS, platformName: WINDOWS, proxy: Proxy(), setWindowRect: true, strictFileInteractability: false, timeouts: {implicit: 0, pageLoad: 300000, script: 30000}, unhandledPromptBehavior: dismiss and notify, webauthn:extension:credBlob: true, webauthn:extension:largeBlob: true, webauthn:extension:minPinLength: true, webauthn:extension:prf: true, webauthn:virtualAuthenticators: true}
Session ID: 6e3d9103d5afa187cdbaa3df4a422905
*** Element info: {Using=xpath, value=//div[@id='success-toast']}]]>
            </message>
            <full-stacktrace>
              <![CDATA[org.openqa.selenium.NoSuchElementException: no such element: Unable to locate element: {"method":"xpath","selector":"//div[@id='success-toast']"}
  (Session info: chrome=138.0.7204.184)
For documentation on this error, please visit: https://www.seleniumhq.org/exceptions/no_such_element.html
Build info: version: '3.141.59', revision: 'e82be7d358', time: '2018-11-14T08:17:03'
System info: host: 'DESKTOP-PH7EFI9', ip: '172.21.1.193', os.name: 'Windows 11', os.arch: 'amd64', os.version: '10.0', java.version: '21.0.3'
Driver info: org.openqa.selenium.chrome.ChromeDriver
Capabilities {acceptInsecureCerts: false, browserName: chrome, browserVersion: 138.0.7204.184, chrome: {chromedriverVersion: 138.0.7204.183 (e90faf484dd..., userDataDir: C:\Users\DineshM\AppData\Lo...}, fedcm:accounts: true, goog:chromeOptions: {debuggerAddress: localhost:53105}, javascriptEnabled: true, networkConnectionEnabled: false, pageLoadStrategy: normal, platform: WINDOWS, platformName: WINDOWS, proxy: Proxy(), setWindowRect: true, strictFileInteractability: false, timeouts: {implicit: 0, pageLoad: 300000, script: 30000}, unhandledPromptBehavior: dismiss and notify, webauthn:extension:credBlob: true, webauthn:extension:largeBlob: true, webauthn:extension:minPinLength: true, webauthn:extension:prf: true, webauthn:virtualAuthenticators: true}
Session ID: 6e3d9103d5afa187cdbaa3df4a422905
*** Element info: {Using=xpath, value=//div[@id='success-toast']}
at java.base/jdk.internal.reflect.DirectConstructorHandleAccessor.newInstance(DirectConstructorHandleAccessor.java:62)
at java.base/java.lang.reflect.Constructor.newInstanceWithCaller(Constructor.java:502)
at java.base/java.lang.reflect.Constructor.newInstance(Constructor.java:486)
at org.openqa.selenium.remote.http.W3CHttpResponseCodec.createException(W3CHttpResponseCodec.java:187)
at org.openqa.selenium.remote.http.W3CHttpResponseCodec.decode(W3CHttpResponseCodec.java:122)
at org.openqa.selenium.remote.http.W3CHttpResponseCodec.decode(W3CHttpResponseCodec.java:49)
at org.openqa.selenium.remote.HttpCommandExecutor.execute(HttpCommandExecutor.java:158)
at org.openqa.selenium.remote.service.DriverCommandExecutor.execute(DriverCommandExecutor.java:83)
at org.openqa.selenium.remote.RemoteWebDriver.execute(RemoteWebDriver.java:552)
at org.openqa.selenium.remote.RemoteWebDriver.findElement(RemoteWebDriver.java:323)
at org.openqa.selenium.remote.RemoteWebDriver.findElementByXPath(RemoteWebDriver.java:428)
at org.openqa.selenium.By$ByXPath.findElement(By.java:353)
at org.openqa.selenium.remote.RemoteWebDriver.findElement(RemoteWebDriver.java:315)
at org.openqa.selenium.support.pagefactory.DefaultElementLocator.findElement(DefaultElementLocator.java:69)
at org.openqa.selenium.support.pagefactory.internal.LocatingElementHandler.invoke(LocatingElementHandler.java:38)
at jdk.proxy2/jdk.proxy2.$Proxy12.getText(Unknown Source)
at com.skitech.pageObjectsRepo.StudentsProfilePOM.getSuccessToasterAlert(StudentsProfilePOM.java:1228)
at com.skitech.testCases.GovtQAOVOTestCase.TC_AOVO_069_Verify_collect_column_for_all_documents(GovtQAOVOTestCase.java:928)
at java.base/jdk.internal.reflect.DirectMethodHandleAccessor.invoke(DirectMethodHandleAccessor.java:103)
at java.base/java.lang.reflect.Method.invoke(Method.java:580)
at org.testng.internal.MethodInvocationHelper.invokeMethod(MethodInvocationHelper.java:132)
at org.testng.internal.TestInvoker.invokeMethod(TestInvoker.java:599)
at org.testng.internal.TestInvoker.invokeTestMethod(TestInvoker.java:174)
at org.testng.internal.MethodRunner.runInSequence(MethodRunner.java:46)
at org.testng.internal.TestInvoker$MethodInvocationAgent.invoke(TestInvoker.java:822)
at org.testng.internal.TestInvoker.invokeTestMethods(TestInvoker.java:147)
at org.testng.internal.TestMethodWorker.invokeTestMethods(TestMethodWorker.java:146)
at org.testng.internal.TestMethodWorker.run(TestMethodWorker.java:128)
at java.base/java.util.ArrayList.forEach(ArrayList.java:1596)
at org.testng.TestRunner.privateRun(TestRunner.java:764)
at org.testng.TestRunner.run(TestRunner.java:585)
at org.testng.SuiteRunner.runTest(SuiteRunner.java:384)
at org.testng.SuiteRunner.runSequentially(SuiteRunner.java:378)
at org.testng.SuiteRunner.privateRun(SuiteRunner.java:337)
at org.testng.SuiteRunner.run(SuiteRunner.java:286)
at org.testng.SuiteRunnerWorker.runSuite(SuiteRunnerWorker.java:53)
at org.testng.SuiteRunnerWorker.run(SuiteRunnerWorker.java:96)
at org.testng.TestNG.runSuitesSequentially(TestNG.java:1218)
at org.testng.TestNG.runSuitesLocally(TestNG.java:1140)
at org.testng.TestNG.runSuites(TestNG.java:1069)
at org.testng.TestNG.run(TestNG.java:1037)
at org.testng.remote.AbstractRemoteTestNG.run(AbstractRemoteTestNG.java:115)
at org.testng.remote.RemoteTestNG.initAndRun(RemoteTestNG.java:293)
at org.testng.remote.RemoteTestNG.main(RemoteTestNG.java:91)
]]>
            </full-stacktrace>
          </exception> <!-- org.openqa.selenium.NoSuchElementException -->
          <reporter-output>
          </reporter-output>
        </test-method> <!-- TC_AOVO_069_Verify_collect_column_for_all_documents -->
        <test-method signature="TC_AOVO_070_Verify_finish_verification_after_collecting_documents()[pri:46, instance:com.skitech.testCases.GovtQAOVOTestCase@6c4906d3]" started-at="2025-08-19T16:28:13 IST" name="TC_AOVO_070_Verify_finish_verification_after_collecting_documents" finished-at="2025-08-19T16:28:16 IST" duration-ms="3175" status="PASS">
          <reporter-output>
          </reporter-output>
        </test-method> <!-- TC_AOVO_070_Verify_finish_verification_after_collecting_documents -->
        <test-method is-config="true" signature="tearDown()[pri:0, instance:com.skitech.testCases.GovtQAOVOTestCase@6c4906d3]" started-at="2025-08-19T16:28:16 IST" name="tearDown" finished-at="2025-08-19T16:28:16 IST" duration-ms="0" status="PASS">
          <reporter-output>
          </reporter-output>
        </test-method> <!-- tearDown -->
      </class> <!-- com.skitech.testCases.GovtQAOVOTestCase -->
    </test> <!-- Default test -->
  </suite> <!-- Default suite -->
</testng-results>
