<?xml version="1.0" encoding="UTF-8"?>
<!-- Generated by org.testng.reporters.JUnitReportReporter -->
<testsuite hostname="DESKTOP-PH7EFI9" failures="0" tests="67" name="com.skitech.testCases.GovtQStudentProfileTestCases" time="897.122" errors="1" timestamp="2025-08-14T13:05:10 IST" skipped="0">
  <testcase classname="com.skitech.testCases.GovtQStudentProfileTestCases" name="TC_GQSP_011_Verify_sending_6_digit_code_with_valid_email" time="35.169"/>
  <system-out/>
  <testcase classname="com.skitech.testCases.GovtQStudentProfileTestCases" name="TC_GQSP_012_Verify_sending_6_digit_code_fails_if_email_is_not_recognized" time="10.500">
    <error message="no such element: Unable to locate element: {&quot;method&quot;:&quot;xpath&quot;,&quot;selector&quot;:&quot;//div[@id=&#039;error-toast&#039;]&quot;}
  (Session info: chrome=138.0.7204.184)
For documentation on this error, please visit: https://www.seleniumhq.org/exceptions/no_such_element.html
Build info: version: &#039;3.141.59&#039;, revision: &#039;e82be7d358&#039;, time: &#039;2018-11-14T08:17:03&#039;
System info: host: &#039;DESKTOP-PH7EFI9&#039;, ip: &#039;172.21.1.193&#039;, os.name: &#039;Windows 11&#039;, os.arch: &#039;amd64&#039;, os.version: &#039;10.0&#039;, java.version: &#039;21.0.3&#039;
Driver info: org.openqa.selenium.chrome.ChromeDriver
Capabilities {acceptInsecureCerts: false, browserName: chrome, browserVersion: 138.0.7204.184, chrome: {chromedriverVersion: 138.0.7204.183 (e90faf484dd..., userDataDir: C:\Users\DineshM\AppData\Lo...}, fedcm:accounts: true, goog:chromeOptions: {debuggerAddress: localhost:64168}, javascriptEnabled: true, networkConnectionEnabled: false, pageLoadStrategy: normal, platform: WINDOWS, platformName: WINDOWS, proxy: Proxy(), setWindowRect: true, strictFileInteractability: false, timeouts: {implicit: 0, pageLoad: 300000, script: 30000}, unhandledPromptBehavior: dismiss and notify, webauthn:extension:credBlob: true, webauthn:extension:largeBlob: true, webauthn:extension:minPinLength: true, webauthn:extension:prf: true, webauthn:virtualAuthenticators: true}
Session ID: 894a070ef0ac1b7abb93d28edb9f0a2d
*** Element info: {Using=xpath, value=//div[@id=&#039;error-toast&#039;]}" type="org.openqa.selenium.NoSuchElementException">
      <![CDATA[org.openqa.selenium.NoSuchElementException: no such element: Unable to locate element: {"method":"xpath","selector":"//div[@id='error-toast']"}
  (Session info: chrome=138.0.7204.184)
For documentation on this error, please visit: https://www.seleniumhq.org/exceptions/no_such_element.html
Build info: version: '3.141.59', revision: 'e82be7d358', time: '2018-11-14T08:17:03'
System info: host: 'DESKTOP-PH7EFI9', ip: '172.21.1.193', os.name: 'Windows 11', os.arch: 'amd64', os.version: '10.0', java.version: '21.0.3'
Driver info: org.openqa.selenium.chrome.ChromeDriver
Capabilities {acceptInsecureCerts: false, browserName: chrome, browserVersion: 138.0.7204.184, chrome: {chromedriverVersion: 138.0.7204.183 (e90faf484dd..., userDataDir: C:\Users\DineshM\AppData\Lo...}, fedcm:accounts: true, goog:chromeOptions: {debuggerAddress: localhost:64168}, javascriptEnabled: true, networkConnectionEnabled: false, pageLoadStrategy: normal, platform: WINDOWS, platformName: WINDOWS, proxy: Proxy(), setWindowRect: true, strictFileInteractability: false, timeouts: {implicit: 0, pageLoad: 300000, script: 30000}, unhandledPromptBehavior: dismiss and notify, webauthn:extension:credBlob: true, webauthn:extension:largeBlob: true, webauthn:extension:minPinLength: true, webauthn:extension:prf: true, webauthn:virtualAuthenticators: true}
Session ID: 894a070ef0ac1b7abb93d28edb9f0a2d
*** Element info: {Using=xpath, value=//div[@id='error-toast']}
at java.base/jdk.internal.reflect.DirectConstructorHandleAccessor.newInstance(DirectConstructorHandleAccessor.java:62)
at java.base/java.lang.reflect.Constructor.newInstanceWithCaller(Constructor.java:502)
at java.base/java.lang.reflect.Constructor.newInstance(Constructor.java:486)
at org.openqa.selenium.remote.http.W3CHttpResponseCodec.createException(W3CHttpResponseCodec.java:187)
at org.openqa.selenium.remote.http.W3CHttpResponseCodec.decode(W3CHttpResponseCodec.java:122)
at org.openqa.selenium.remote.http.W3CHttpResponseCodec.decode(W3CHttpResponseCodec.java:49)
at org.openqa.selenium.remote.HttpCommandExecutor.execute(HttpCommandExecutor.java:158)
at org.openqa.selenium.remote.service.DriverCommandExecutor.execute(DriverCommandExecutor.java:83)
at org.openqa.selenium.remote.RemoteWebDriver.execute(RemoteWebDriver.java:552)
at org.openqa.selenium.remote.RemoteWebDriver.findElement(RemoteWebDriver.java:323)
at org.openqa.selenium.remote.RemoteWebDriver.findElementByXPath(RemoteWebDriver.java:428)
at org.openqa.selenium.By$ByXPath.findElement(By.java:353)
at org.openqa.selenium.remote.RemoteWebDriver.findElement(RemoteWebDriver.java:315)
at org.openqa.selenium.support.pagefactory.DefaultElementLocator.findElement(DefaultElementLocator.java:69)
at org.openqa.selenium.support.pagefactory.internal.LocatingElementHandler.invoke(LocatingElementHandler.java:38)
at jdk.proxy2/jdk.proxy2.$Proxy12.getText(Unknown Source)
at com.skitech.pageObjectsRepo.LoginPageObjects.getToasterAlertText(LoginPageObjects.java:170)
at com.skitech.testCases.GovtQStudentProfileTestCases.TC_GQSP_012_Verify_sending_6_digit_code_fails_if_email_is_not_recognized(GovtQStudentProfileTestCases.java:126)
at java.base/jdk.internal.reflect.DirectMethodHandleAccessor.invoke(DirectMethodHandleAccessor.java:103)
at java.base/java.lang.reflect.Method.invoke(Method.java:580)
at org.testng.internal.MethodInvocationHelper.invokeMethod(MethodInvocationHelper.java:132)
at org.testng.internal.TestInvoker.invokeMethod(TestInvoker.java:599)
at org.testng.internal.TestInvoker.invokeTestMethod(TestInvoker.java:174)
at org.testng.internal.MethodRunner.runInSequence(MethodRunner.java:46)
at org.testng.internal.TestInvoker$MethodInvocationAgent.invoke(TestInvoker.java:822)
at org.testng.internal.TestInvoker.invokeTestMethods(TestInvoker.java:147)
at org.testng.internal.TestMethodWorker.invokeTestMethods(TestMethodWorker.java:146)
at org.testng.internal.TestMethodWorker.run(TestMethodWorker.java:128)
at java.base/java.util.ArrayList.forEach(ArrayList.java:1596)
at org.testng.TestRunner.privateRun(TestRunner.java:764)
at org.testng.TestRunner.run(TestRunner.java:585)
at org.testng.SuiteRunner.runTest(SuiteRunner.java:384)
at org.testng.SuiteRunner.runSequentially(SuiteRunner.java:378)
at org.testng.SuiteRunner.privateRun(SuiteRunner.java:337)
at org.testng.SuiteRunner.run(SuiteRunner.java:286)
at org.testng.SuiteRunnerWorker.runSuite(SuiteRunnerWorker.java:53)
at org.testng.SuiteRunnerWorker.run(SuiteRunnerWorker.java:96)
at org.testng.TestNG.runSuitesSequentially(TestNG.java:1218)
at org.testng.TestNG.runSuitesLocally(TestNG.java:1140)
at org.testng.TestNG.runSuites(TestNG.java:1069)
at org.testng.TestNG.run(TestNG.java:1037)
at org.testng.remote.AbstractRemoteTestNG.run(AbstractRemoteTestNG.java:115)
at org.testng.remote.RemoteTestNG.initAndRun(RemoteTestNG.java:293)
at org.testng.remote.RemoteTestNG.main(RemoteTestNG.java:91)
]]>
    </error>
  </testcase> <!-- TC_GQSP_012_Verify_sending_6_digit_code_fails_if_email_is_not_recognized -->
  <system-out/>
  <testcase classname="com.skitech.testCases.GovtQStudentProfileTestCases" name="TC_GQSP_013_Verify_student_profile_signin_with_invalid_OTP" time="10.690"/>
  <system-out/>
  <testcase classname="com.skitech.testCases.GovtQStudentProfileTestCases" name="TC_GQSP_014_Verify_student_profile_account_signin_with_expired_OTP" time="73.710"/>
  <system-out/>
  <testcase classname="com.skitech.testCases.GovtQStudentProfileTestCases" name="TC_GQSP_015_Verify_Resend_Code_in_sign_in_screen" time="8.385"/>
  <system-out/>
  <testcase classname="com.skitech.testCases.GovtQStudentProfileTestCases" name="TC_GQSP_016_Verify_Go_back_in_sign_in_screen" time="10.672"/>
  <system-out/>
  <testcase classname="com.skitech.testCases.GovtQStudentProfileTestCases" name="TC_GQSP_017_Verify_student_profile_account_signin_with_valid_OTP" time="10.463"/>
  <system-out/>
  <testcase classname="com.skitech.testCases.GovtQStudentProfileTestCases" name="TC_GQSP_018_Verify_personal_details_tab" time="0.322"/>
  <system-out/>
  <testcase classname="com.skitech.testCases.GovtQStudentProfileTestCases" name="TC_GQSP_019_Verify_mandatory_alerts_in_add_personal_details_tab" time="6.269"/>
  <system-out/>
  <testcase classname="com.skitech.testCases.GovtQStudentProfileTestCases" name="TC_GQSP_020_Verify_add_personal_details" time="10.922"/>
  <system-out/>
  <testcase classname="com.skitech.testCases.GovtQStudentProfileTestCases" name="TC_GQSP_021_Verify_add_personal_details_with_invalid_data" time="4.937"/>
  <system-out/>
  <testcase classname="com.skitech.testCases.GovtQStudentProfileTestCases" name="TC_GQSP_025_Verify_upload_physically_challenged_and_income_certificate_with_invalid_file_types" time="6.493"/>
  <system-out/>
  <testcase classname="com.skitech.testCases.GovtQStudentProfileTestCases" name="TC_GQSP_027_Verify_upload_physically_challenged_income_certificate_with_file_size_more_than_5mb" time="6.086"/>
  <system-out/>
  <testcase classname="com.skitech.testCases.GovtQStudentProfileTestCases" name="TC_GQSP_028_Verify_personal_details_go_to_home_button" time="3.920"/>
  <system-out/>
  <testcase classname="com.skitech.testCases.GovtQStudentProfileTestCases" name="TC_GQSP_029_Verify_next_step_in_personal_details_tab" time="4.395"/>
  <system-out/>
  <testcase classname="com.skitech.testCases.GovtQStudentProfileTestCases" name="TC_GQSP_030_Verify_academic_details_tab" time="0.183"/>
  <system-out/>
  <testcase classname="com.skitech.testCases.GovtQStudentProfileTestCases" name="TC_GQSP_031_Verify_mandatory_alerts_in_add_academic_details_tab" time="4.618"/>
  <system-out/>
  <testcase classname="com.skitech.testCases.GovtQStudentProfileTestCases" name="TC_GQSP_032_Verify_add_academic_details_with_invalid_data" time="8.959"/>
  <system-out/>
  <testcase classname="com.skitech.testCases.GovtQStudentProfileTestCases" name="TC_GQSP_033_Verify_add_academic_details" time="68.180"/>
  <system-out/>
  <testcase classname="com.skitech.testCases.GovtQStudentProfileTestCases" name="TC_GQSP_034_Verify_add_academic_details_by_uploading_invalid_file_types" time="7.413"/>
  <system-out/>
  <testcase classname="com.skitech.testCases.GovtQStudentProfileTestCases" name="TC_GQSP_035_Verify_Upload_mark_sheet_document_more_than_5_mb_academic_DetailsTab" time="4.219"/>
  <system-out/>
  <testcase classname="com.skitech.testCases.GovtQStudentProfileTestCases" name="TC_GQSP_036_Verify_academic_details_Go_to_Home" time="4.180"/>
  <system-out/>
  <testcase classname="com.skitech.testCases.GovtQStudentProfileTestCases" name="TC_GQSP_038_Verify_family_details_tab" time="2.598"/>
  <system-out/>
  <testcase classname="com.skitech.testCases.GovtQStudentProfileTestCases" name="TC_GQSP_039_Verify_mandatory_field_alert_in_add_family_details_tab" time="12.616"/>
  <system-out/>
  <testcase classname="com.skitech.testCases.GovtQStudentProfileTestCases" name="TC_GQSP_040_Verify_add_family_details_with_invalid_data" time="25.331"/>
  <system-out/>
  <testcase classname="com.skitech.testCases.GovtQStudentProfileTestCases" name="TC_GQSP_041_Verify_add_family_details_with_family_type_as_with_parents" time="38.022"/>
  <system-out/>
  <testcase classname="com.skitech.testCases.GovtQStudentProfileTestCases" name="TC_GQSP_042_Verify_add_family_details_with_family_type_as_single_parent_with_mother" time="8.872"/>
  <system-out/>
  <testcase classname="com.skitech.testCases.GovtQStudentProfileTestCases" name="TC_GQSP_043_Verify_add_family_details_with_family_type_as_single_parent_with_father" time="8.733"/>
  <system-out/>
  <testcase classname="com.skitech.testCases.GovtQStudentProfileTestCases" name="TC_GQSP_044_Verify_add_family_details_with_family_type_as_with_guardian" time="18.768"/>
  <system-out/>
  <testcase classname="com.skitech.testCases.GovtQStudentProfileTestCases" name="TC_GQSP_049_Verify_mandatory_fields_in_siblings" time="14.496"/>
  <system-out/>
  <testcase classname="com.skitech.testCases.GovtQStudentProfileTestCases" name="TC_GQSP_050_Verify_add_sibling_with_invalid_data" time="11.057"/>
  <system-out/>
  <testcase classname="com.skitech.testCases.GovtQStudentProfileTestCases" name="TC_GQSP_051_Verify_add_sibling_with_valid_data" time="24.086"/>
  <system-out/>
  <testcase classname="com.skitech.testCases.GovtQStudentProfileTestCases" name="TC_GQSP_052_Verify_add_another_sibling" time="35.221"/>
  <system-out/>
  <testcase classname="com.skitech.testCases.GovtQStudentProfileTestCases" name="TC_GQSP_054_Verify_update_siblings" time="26.250"/>
  <system-out/>
  <testcase classname="com.skitech.testCases.GovtQStudentProfileTestCases" name="TC_GQSP_055_Verify_remove_siblings" time="8.551"/>
  <system-out/>
  <testcase classname="com.skitech.testCases.GovtQStudentProfileTestCases" name="TC_GQSP_057_Verify_Go_To_Home_Button_in_family_details" time="6.424"/>
  <system-out/>
  <testcase classname="com.skitech.testCases.GovtQStudentProfileTestCases" name="TC_GQSP_058_Verify_address_details_tab" time="2.478"/>
  <system-out/>
  <testcase classname="com.skitech.testCases.GovtQStudentProfileTestCases" name="TC_GQSP_059_Verify_mandatory_fields_in_address_details_tab" time="4.793"/>
  <system-out/>
  <testcase classname="com.skitech.testCases.GovtQStudentProfileTestCases" name="TC_GQSP_060_Verify_address_details_with_invalid_data" time="8.733"/>
  <system-out/>
  <testcase classname="com.skitech.testCases.GovtQStudentProfileTestCases" name="TC_GQSP_061_Verify_add_address_details" time="20.249"/>
  <system-out/>
  <testcase classname="com.skitech.testCases.GovtQStudentProfileTestCases" name="TC_GQSP_062_Verify_Communication_address_is_same_as_permanent_address" time="8.568"/>
  <system-out/>
  <testcase classname="com.skitech.testCases.GovtQStudentProfileTestCases" name="TC_GQSP_063_Verify_go_to_home_in_address_details" time="6.433"/>
  <system-out/>
  <testcase classname="com.skitech.testCases.GovtQStudentProfileTestCases" name="TC_GQSP_065_Verify_Admission_Details_tab" time="2.466"/>
  <system-out/>
  <testcase classname="com.skitech.testCases.GovtQStudentProfileTestCases" name="TC_GQSP_066_Verify_add_admission_details_with_dayscholar_college_transport" time="6.999"/>
  <system-out/>
  <testcase classname="com.skitech.testCases.GovtQStudentProfileTestCases" name="TC_GQSP_067_Verify_add_admission_details_with_dayscholar_for_personal_transport_for_two_wheeler" time="9.012"/>
  <system-out/>
  <testcase classname="com.skitech.testCases.GovtQStudentProfileTestCases" name="TC_GQSP_068_Verify_add_admission_details_with_dayscholar_for_personal_transport_for_four_wheeler" time="8.018"/>
  <system-out/>
  <testcase classname="com.skitech.testCases.GovtQStudentProfileTestCases" name="TC_GQSP_069_Verify_add_admission_details_with_dayscholar_for_personal_transport_for_Pickup_and_Drop_by_Parents" time="7.470"/>
  <system-out/>
  <testcase classname="com.skitech.testCases.GovtQStudentProfileTestCases" name="TC_GQSP_070_Verify_add_admission_details_with_dayscholar_for_public_transport" time="7.558"/>
  <system-out/>
  <testcase classname="com.skitech.testCases.GovtQStudentProfileTestCases" name="TC_GQSP_075_Verify_upload_RC_and_License_for_two_wheeler_with_valid_file" time="9.011"/>
  <system-out/>
  <testcase classname="com.skitech.testCases.GovtQStudentProfileTestCases" name="TC_GQSP_076_Verify_upload_RC_and_License_for_two_wheeler_with_invalid_file" time="7.762"/>
  <system-out/>
  <testcase classname="com.skitech.testCases.GovtQStudentProfileTestCases" name="TC_GQSP_077_Verify_upload_RC_and_License_for_two_wheeler_with_more_than_5_mb" time="4.485"/>
  <system-out/>
  <testcase classname="com.skitech.testCases.GovtQStudentProfileTestCases" name="TC_GQSP_078_Verify_upload_RC_and_License_for_four_wheeler_with_valid_file" time="9.038"/>
  <system-out/>
  <testcase classname="com.skitech.testCases.GovtQStudentProfileTestCases" name="TC_GQSP_079_Verify_upload_RC_and_License_for_four_wheeler_with_invalid_file" time="7.495"/>
  <system-out/>
  <testcase classname="com.skitech.testCases.GovtQStudentProfileTestCases" name="TC_GQSP_080_Verify_upload_RC_and_License_for_four_wheeler_with_more_than_5_mb" time="4.490"/>
  <system-out/>
  <testcase classname="com.skitech.testCases.GovtQStudentProfileTestCases" name="TC_GQSP_081_Verify_add_admission_details_with_go_to_Home" time="4.083"/>
  <system-out/>
  <testcase classname="com.skitech.testCases.GovtQStudentProfileTestCases" name="TC_GQSP_083_Verify_Documents_details_tab" time="2.689"/>
  <system-out/>
  <testcase classname="com.skitech.testCases.GovtQStudentProfileTestCases" name="TC_GQSP_086_Verify_mandatory_alerts_in_document_details_tab" time="2.553"/>
  <system-out/>
  <testcase classname="com.skitech.testCases.GovtQStudentProfileTestCases" name="TC_GQSP_088_Verify_Upload_invalid_file_in_all_document_sections_in_document_tab" time="17.933"/>
  <system-out/>
  <testcase classname="com.skitech.testCases.GovtQStudentProfileTestCases" name="TC_GQSP_089_Verify_Upload_columns_by_uploading_more_than_5mb" time="19.034"/>
  <system-out/>
  <testcase classname="com.skitech.testCases.GovtQStudentProfileTestCases" name="TC_GQSP_090_Verify_Upload_valid_file_in_all_document_sections_in_document_tab" time="19.233"/>
  <system-out/>
  <testcase classname="com.skitech.testCases.GovtQStudentProfileTestCases" name="TC_GQSP_091_Verify_view_all_document_sections_in_document_tab" time="37.904"/>
  <system-out/>
  <testcase classname="com.skitech.testCases.GovtQStudentProfileTestCases" name="TC_GQSP_092_Verify_remove_documents_in_document_tab" time="18.765"/>
  <system-out/>
  <testcase classname="com.skitech.testCases.GovtQStudentProfileTestCases" name="TC_GQSP_093_Verify_previous_step_in_documents_tab" time="3.298"/>
  <system-out/>
  <testcase classname="com.skitech.testCases.GovtQStudentProfileTestCases" name="TC_GQSP_094_Verify_go_to_home_in_documents_tab" time="23.578"/>
  <system-out/>
  <testcase classname="com.skitech.testCases.GovtQStudentProfileTestCases" name="TC_GQSP_101_Verify_preview_tab_sections" time="5.050"/>
  <system-out/>
  <testcase classname="com.skitech.testCases.GovtQStudentProfileTestCases" name="TC_GQSP_102_Verify_submit_button_by_leaving_mandatory_fields_preview_tab_sections" time="29.400"/>
  <system-out/>
  <testcase classname="com.skitech.testCases.GovtQStudentProfileTestCases" name="TC_GQSP_103_Verify_submit_button_in_preview_tab_section" time="36.834"/>
  <system-out/>
</testsuite> <!-- com.skitech.testCases.GovtQStudentProfileTestCases -->
