<?xml version="1.0" encoding="UTF-8"?>
<!-- Generated by org.testng.reporters.JUnitReportReporter -->
<testsuite hostname="DESKTOP-PH7EFI9" failures="0" tests="45" name="com.skitech.testCases.GovtQAOVOTestCase" time="673.673" errors="4" timestamp="2025-08-19T16:28:17 IST" skipped="0">
  <testcase classname="com.skitech.testCases.GovtQAOVOTestCase" name="TC_AOVO_005_Verify_sending_6digit_code_with_valid_email" time="12.599"/>
  <system-out/>
  <testcase classname="com.skitech.testCases.GovtQAOVOTestCase" name="TC_AOVO_006_Verify_sending_6digit_code_fails_for_invalid_email" time="6.388"/>
  <system-out/>
  <testcase classname="com.skitech.testCases.GovtQAOVOTestCase" name="TC_AOVO_007_Verify_AOVO_account_signin_with_valid_OTP" time="9.475"/>
  <system-out/>
  <testcase classname="com.skitech.testCases.GovtQAOVOTestCase" name="TC_AOVO_008_Verify_AOVO_account_signin_with_invalid_OTP" time="12.890"/>
  <system-out/>
  <testcase classname="com.skitech.testCases.GovtQAOVOTestCase" name="TC_AOVO_009_Verify_AOVO_account_signin_with_expired_OTP" time="72.428"/>
  <system-out/>
  <testcase classname="com.skitech.testCases.GovtQAOVOTestCase" name="TC_AOVO_010_Verify_Resend_Code_in_signin_screen" time="13.298"/>
  <system-out/>
  <testcase classname="com.skitech.testCases.GovtQAOVOTestCase" name="TC_AOVO_011_Verify_GoBack_in_Signin_Screen" time="12.627"/>
  <system-out/>
  <testcase classname="com.skitech.testCases.GovtQAOVOTestCase" name="TC_AOVO_013_Verify_After_signin_screen_menus" time="11.341"/>
  <system-out/>
  <testcase classname="com.skitech.testCases.GovtQAOVOTestCase" name="TC_AOVO_015_Verify_Search_with_valid_Mobile_No" time="7.746"/>
  <system-out/>
  <testcase classname="com.skitech.testCases.GovtQAOVOTestCase" name="TC_AOVO_016_Verify_Search_with_invalid_Mobile_No" time="7.466"/>
  <system-out/>
  <testcase classname="com.skitech.testCases.GovtQAOVOTestCase" name="TC_AOVO_017_Verify_Search_with_valid_admission_no" time="7.546"/>
  <system-out/>
  <testcase classname="com.skitech.testCases.GovtQAOVOTestCase" name="TC_AOVO_018_Verify_Search_with_invalid_admission_no" time="6.270"/>
  <system-out/>
  <testcase classname="com.skitech.testCases.GovtQAOVOTestCase" name="TC_AOVO_018_Verify_student_details_screen_after_clicking_on_search_results" time="6.431"/>
  <system-out/>
  <testcase classname="com.skitech.testCases.GovtQAOVOTestCase" name="TC_AOVO_019_Verify_Overview_tab" time="0.139"/>
  <system-out/>
  <testcase classname="com.skitech.testCases.GovtQAOVOTestCase" name="TC_AOVO_025_Verify_Student_Information_tab" time="3.254"/>
  <system-out/>
  <testcase classname="com.skitech.testCases.GovtQAOVOTestCase" name="TC_AOVO_028_Verify_Mark_as_Verified_while_leaving_mandatory_field_in_Student_Information_tab" time="5.685"/>
  <system-out/>
  <testcase classname="com.skitech.testCases.GovtQAOVOTestCase" name="TC_AOVO_029_Verify_Mark_as_Verified_while_in_Student_Information_tab" time="2.183">
    <error message="no such element: Unable to locate element: {&quot;method&quot;:&quot;xpath&quot;,&quot;selector&quot;:&quot;//button[text()=&#039;Mark as Verified&#039;]&quot;}
  (Session info: chrome=138.0.7204.184)
For documentation on this error, please visit: https://www.seleniumhq.org/exceptions/no_such_element.html
Build info: version: &#039;3.141.59&#039;, revision: &#039;e82be7d358&#039;, time: &#039;2018-11-14T08:17:03&#039;
System info: host: &#039;DESKTOP-PH7EFI9&#039;, ip: &#039;172.21.1.193&#039;, os.name: &#039;Windows 11&#039;, os.arch: &#039;amd64&#039;, os.version: &#039;10.0&#039;, java.version: &#039;21.0.3&#039;
Driver info: org.openqa.selenium.chrome.ChromeDriver
Capabilities {acceptInsecureCerts: false, browserName: chrome, browserVersion: 138.0.7204.184, chrome: {chromedriverVersion: 138.0.7204.183 (e90faf484dd..., userDataDir: C:\Users\DineshM\AppData\Lo...}, fedcm:accounts: true, goog:chromeOptions: {debuggerAddress: localhost:53105}, javascriptEnabled: true, networkConnectionEnabled: false, pageLoadStrategy: normal, platform: WINDOWS, platformName: WINDOWS, proxy: Proxy(), setWindowRect: true, strictFileInteractability: false, timeouts: {implicit: 0, pageLoad: 300000, script: 30000}, unhandledPromptBehavior: dismiss and notify, webauthn:extension:credBlob: true, webauthn:extension:largeBlob: true, webauthn:extension:minPinLength: true, webauthn:extension:prf: true, webauthn:virtualAuthenticators: true}
Session ID: 6e3d9103d5afa187cdbaa3df4a422905
*** Element info: {Using=xpath, value=//button[text()=&#039;Mark as Verified&#039;]}" type="org.openqa.selenium.NoSuchElementException">
      <![CDATA[org.openqa.selenium.NoSuchElementException: no such element: Unable to locate element: {"method":"xpath","selector":"//button[text()='Mark as Verified']"}
  (Session info: chrome=138.0.7204.184)
For documentation on this error, please visit: https://www.seleniumhq.org/exceptions/no_such_element.html
Build info: version: '3.141.59', revision: 'e82be7d358', time: '2018-11-14T08:17:03'
System info: host: 'DESKTOP-PH7EFI9', ip: '172.21.1.193', os.name: 'Windows 11', os.arch: 'amd64', os.version: '10.0', java.version: '21.0.3'
Driver info: org.openqa.selenium.chrome.ChromeDriver
Capabilities {acceptInsecureCerts: false, browserName: chrome, browserVersion: 138.0.7204.184, chrome: {chromedriverVersion: 138.0.7204.183 (e90faf484dd..., userDataDir: C:\Users\DineshM\AppData\Lo...}, fedcm:accounts: true, goog:chromeOptions: {debuggerAddress: localhost:53105}, javascriptEnabled: true, networkConnectionEnabled: false, pageLoadStrategy: normal, platform: WINDOWS, platformName: WINDOWS, proxy: Proxy(), setWindowRect: true, strictFileInteractability: false, timeouts: {implicit: 0, pageLoad: 300000, script: 30000}, unhandledPromptBehavior: dismiss and notify, webauthn:extension:credBlob: true, webauthn:extension:largeBlob: true, webauthn:extension:minPinLength: true, webauthn:extension:prf: true, webauthn:virtualAuthenticators: true}
Session ID: 6e3d9103d5afa187cdbaa3df4a422905
*** Element info: {Using=xpath, value=//button[text()='Mark as Verified']}
at java.base/jdk.internal.reflect.DirectConstructorHandleAccessor.newInstance(DirectConstructorHandleAccessor.java:62)
at java.base/java.lang.reflect.Constructor.newInstanceWithCaller(Constructor.java:502)
at java.base/java.lang.reflect.Constructor.newInstance(Constructor.java:486)
at org.openqa.selenium.remote.http.W3CHttpResponseCodec.createException(W3CHttpResponseCodec.java:187)
at org.openqa.selenium.remote.http.W3CHttpResponseCodec.decode(W3CHttpResponseCodec.java:122)
at org.openqa.selenium.remote.http.W3CHttpResponseCodec.decode(W3CHttpResponseCodec.java:49)
at org.openqa.selenium.remote.HttpCommandExecutor.execute(HttpCommandExecutor.java:158)
at org.openqa.selenium.remote.service.DriverCommandExecutor.execute(DriverCommandExecutor.java:83)
at org.openqa.selenium.remote.RemoteWebDriver.execute(RemoteWebDriver.java:552)
at org.openqa.selenium.remote.RemoteWebDriver.findElement(RemoteWebDriver.java:323)
at org.openqa.selenium.remote.RemoteWebDriver.findElementByXPath(RemoteWebDriver.java:428)
at org.openqa.selenium.By$ByXPath.findElement(By.java:353)
at org.openqa.selenium.remote.RemoteWebDriver.findElement(RemoteWebDriver.java:315)
at org.openqa.selenium.support.pagefactory.DefaultElementLocator.findElement(DefaultElementLocator.java:69)
at org.openqa.selenium.support.pagefactory.internal.LocatingElementHandler.invoke(LocatingElementHandler.java:38)
at jdk.proxy2/jdk.proxy2.$Proxy12.click(Unknown Source)
at com.skitech.pageObjectsRepo.AOVOPageObjects.clickOnMarkasVerified(AOVOPageObjects.java:367)
at com.skitech.testCases.GovtQAOVOTestCase.TC_AOVO_029_Verify_Mark_as_Verified_while_in_Student_Information_tab(GovtQAOVOTestCase.java:385)
at java.base/jdk.internal.reflect.DirectMethodHandleAccessor.invoke(DirectMethodHandleAccessor.java:103)
at java.base/java.lang.reflect.Method.invoke(Method.java:580)
at org.testng.internal.MethodInvocationHelper.invokeMethod(MethodInvocationHelper.java:132)
at org.testng.internal.TestInvoker.invokeMethod(TestInvoker.java:599)
at org.testng.internal.TestInvoker.invokeTestMethod(TestInvoker.java:174)
at org.testng.internal.MethodRunner.runInSequence(MethodRunner.java:46)
at org.testng.internal.TestInvoker$MethodInvocationAgent.invoke(TestInvoker.java:822)
at org.testng.internal.TestInvoker.invokeTestMethods(TestInvoker.java:147)
at org.testng.internal.TestMethodWorker.invokeTestMethods(TestMethodWorker.java:146)
at org.testng.internal.TestMethodWorker.run(TestMethodWorker.java:128)
at java.base/java.util.ArrayList.forEach(ArrayList.java:1596)
at org.testng.TestRunner.privateRun(TestRunner.java:764)
at org.testng.TestRunner.run(TestRunner.java:585)
at org.testng.SuiteRunner.runTest(SuiteRunner.java:384)
at org.testng.SuiteRunner.runSequentially(SuiteRunner.java:378)
at org.testng.SuiteRunner.privateRun(SuiteRunner.java:337)
at org.testng.SuiteRunner.run(SuiteRunner.java:286)
at org.testng.SuiteRunnerWorker.runSuite(SuiteRunnerWorker.java:53)
at org.testng.SuiteRunnerWorker.run(SuiteRunnerWorker.java:96)
at org.testng.TestNG.runSuitesSequentially(TestNG.java:1218)
at org.testng.TestNG.runSuitesLocally(TestNG.java:1140)
at org.testng.TestNG.runSuites(TestNG.java:1069)
at org.testng.TestNG.run(TestNG.java:1037)
at org.testng.remote.AbstractRemoteTestNG.run(AbstractRemoteTestNG.java:115)
at org.testng.remote.RemoteTestNG.initAndRun(RemoteTestNG.java:293)
at org.testng.remote.RemoteTestNG.main(RemoteTestNG.java:91)
]]>
    </error>
  </testcase> <!-- TC_AOVO_029_Verify_Mark_as_Verified_while_in_Student_Information_tab -->
  <system-out/>
  <testcase classname="com.skitech.testCases.GovtQAOVOTestCase" name="TC_AOVO_030_Verify_Edit_Student_Information_details" time="13.321"/>
  <system-out/>
  <testcase classname="com.skitech.testCases.GovtQAOVOTestCase" name="TC_AOVO_031_Verify_Edit_Student_Information_details_with_invalid_data" time="3.364"/>
  <system-out/>
  <testcase classname="com.skitech.testCases.GovtQAOVOTestCase" name="TC_AOVO_032_Verify_Academic_History_tab" time="3.196"/>
  <system-out/>
  <testcase classname="com.skitech.testCases.GovtQAOVOTestCase" name="TC_AOVO_035_Verify_Mark_as_Verified_in_Academic_History_tab_with_incompleted_data" time="13.832"/>
  <system-out/>
  <testcase classname="com.skitech.testCases.GovtQAOVOTestCase" name="TC_AOVO_036_Verify_Mark_as_Verified_in_Academic_History_tab" time="5.446"/>
  <system-out/>
  <testcase classname="com.skitech.testCases.GovtQAOVOTestCase" name="TC_AOVO_037_Verify_edit_academic_history_fields" time="19.927"/>
  <system-out/>
  <testcase classname="com.skitech.testCases.GovtQAOVOTestCase" name="TC_AOVO_038_Verify_edit_academic_history_fields_with_invalid_data" time="6.817"/>
  <system-out/>
  <testcase classname="com.skitech.testCases.GovtQAOVOTestCase" name="TC_AOVO_039_Verify_family_details_tab" time="3.668"/>
  <system-out/>
  <testcase classname="com.skitech.testCases.GovtQAOVOTestCase" name="TC_AOVO_042_Verify_Mark_as_Verified_in_Family_Details_tab_with_incompleted_data" time="9.268"/>
  <system-out/>
  <testcase classname="com.skitech.testCases.GovtQAOVOTestCase" name="TC_AOVO_043_Verify_Mark_as_Verified_in_Family_Details_tab" time="5.260"/>
  <system-out/>
  <testcase classname="com.skitech.testCases.GovtQAOVOTestCase" name="TC_AOVO_044_Verify_edit_Family_Details" time="27.718"/>
  <system-out/>
  <testcase classname="com.skitech.testCases.GovtQAOVOTestCase" name="TC_AOVO_045_Verify_edit_family_details_fields_with_invalid_data" time="17.552"/>
  <system-out/>
  <testcase classname="com.skitech.testCases.GovtQAOVOTestCase" name="TC_AOVO_046_Verify_Address_Details_tab" time="3.288"/>
  <system-out/>
  <testcase classname="com.skitech.testCases.GovtQAOVOTestCase" name="TC_AOVO_049_Verify_Mark_as_Verified_in_Address_Details_tab_with_incompleted" time="5.550"/>
  <system-out/>
  <testcase classname="com.skitech.testCases.GovtQAOVOTestCase" name="TC_AOVO_050_Verify_Mark_as_Verified_in_Address_Details_tab" time="4.350"/>
  <system-out/>
  <testcase classname="com.skitech.testCases.GovtQAOVOTestCase" name="TC_AOVO_051_Verify_edit_address_details_fields" time="9.166"/>
  <system-out/>
  <testcase classname="com.skitech.testCases.GovtQAOVOTestCase" name="TC_AOVO_052_Verify_edit_address_details_fields_with_invalid_data" time="5.807"/>
  <system-out/>
  <testcase classname="com.skitech.testCases.GovtQAOVOTestCase" name="TC_AOVO_053_Verify_Admission_Details_tab" time="3.238"/>
  <system-out/>
  <testcase classname="com.skitech.testCases.GovtQAOVOTestCase" name="TC_AOVO_056_Verify_mark_as_verified_with_incompleted_data_in_admission_details_tab" time="5.511"/>
  <system-out/>
  <testcase classname="com.skitech.testCases.GovtQAOVOTestCase" name="TC_AOVO_057_Verify_Mark_as_Verified_in_Admission_Details_tab" time="5.283"/>
  <system-out/>
  <testcase classname="com.skitech.testCases.GovtQAOVOTestCase" name="TC_AOVO_058_Verify_edit_admission_details_fields" time="7.463"/>
  <system-out/>
  <testcase classname="com.skitech.testCases.GovtQAOVOTestCase" name="TC_AOVO_060_Verify_document_tab_sections" time="3.288"/>
  <system-out/>
  <testcase classname="com.skitech.testCases.GovtQAOVOTestCase" name="TC_AOVO_062_Verify_finish_verification_in_documents_tab_without_completing_the_verification" time="3.368"/>
  <system-out/>
  <testcase classname="com.skitech.testCases.GovtQAOVOTestCase" name="TC_AOVO_065_Verify_reject_all_documents_in_document_view_pop_up" time="105.102">
    <error message="no such element: Unable to locate element: {&quot;method&quot;:&quot;xpath&quot;,&quot;selector&quot;:&quot;//button[@class=&#039;absolute1 top-3 right-4 text-gray-500 text-xl&#039;]&quot;}
  (Session info: chrome=138.0.7204.184)
For documentation on this error, please visit: https://www.seleniumhq.org/exceptions/no_such_element.html
Build info: version: &#039;3.141.59&#039;, revision: &#039;e82be7d358&#039;, time: &#039;2018-11-14T08:17:03&#039;
System info: host: &#039;DESKTOP-PH7EFI9&#039;, ip: &#039;172.21.1.193&#039;, os.name: &#039;Windows 11&#039;, os.arch: &#039;amd64&#039;, os.version: &#039;10.0&#039;, java.version: &#039;21.0.3&#039;
Driver info: org.openqa.selenium.chrome.ChromeDriver
Capabilities {acceptInsecureCerts: false, browserName: chrome, browserVersion: 138.0.7204.184, chrome: {chromedriverVersion: 138.0.7204.183 (e90faf484dd..., userDataDir: C:\Users\DineshM\AppData\Lo...}, fedcm:accounts: true, goog:chromeOptions: {debuggerAddress: localhost:53105}, javascriptEnabled: true, networkConnectionEnabled: false, pageLoadStrategy: normal, platform: WINDOWS, platformName: WINDOWS, proxy: Proxy(), setWindowRect: true, strictFileInteractability: false, timeouts: {implicit: 0, pageLoad: 300000, script: 30000}, unhandledPromptBehavior: dismiss and notify, webauthn:extension:credBlob: true, webauthn:extension:largeBlob: true, webauthn:extension:minPinLength: true, webauthn:extension:prf: true, webauthn:virtualAuthenticators: true}
Session ID: 6e3d9103d5afa187cdbaa3df4a422905
*** Element info: {Using=xpath, value=//button[@class=&#039;absolute1 top-3 right-4 text-gray-500 text-xl&#039;]}" type="org.openqa.selenium.NoSuchElementException">
      <![CDATA[org.openqa.selenium.NoSuchElementException: no such element: Unable to locate element: {"method":"xpath","selector":"//button[@class='absolute1 top-3 right-4 text-gray-500 text-xl']"}
  (Session info: chrome=138.0.7204.184)
For documentation on this error, please visit: https://www.seleniumhq.org/exceptions/no_such_element.html
Build info: version: '3.141.59', revision: 'e82be7d358', time: '2018-11-14T08:17:03'
System info: host: 'DESKTOP-PH7EFI9', ip: '172.21.1.193', os.name: 'Windows 11', os.arch: 'amd64', os.version: '10.0', java.version: '21.0.3'
Driver info: org.openqa.selenium.chrome.ChromeDriver
Capabilities {acceptInsecureCerts: false, browserName: chrome, browserVersion: 138.0.7204.184, chrome: {chromedriverVersion: 138.0.7204.183 (e90faf484dd..., userDataDir: C:\Users\DineshM\AppData\Lo...}, fedcm:accounts: true, goog:chromeOptions: {debuggerAddress: localhost:53105}, javascriptEnabled: true, networkConnectionEnabled: false, pageLoadStrategy: normal, platform: WINDOWS, platformName: WINDOWS, proxy: Proxy(), setWindowRect: true, strictFileInteractability: false, timeouts: {implicit: 0, pageLoad: 300000, script: 30000}, unhandledPromptBehavior: dismiss and notify, webauthn:extension:credBlob: true, webauthn:extension:largeBlob: true, webauthn:extension:minPinLength: true, webauthn:extension:prf: true, webauthn:virtualAuthenticators: true}
Session ID: 6e3d9103d5afa187cdbaa3df4a422905
*** Element info: {Using=xpath, value=//button[@class='absolute1 top-3 right-4 text-gray-500 text-xl']}
at java.base/jdk.internal.reflect.DirectConstructorHandleAccessor.newInstance(DirectConstructorHandleAccessor.java:62)
at java.base/java.lang.reflect.Constructor.newInstanceWithCaller(Constructor.java:502)
at java.base/java.lang.reflect.Constructor.newInstance(Constructor.java:486)
at org.openqa.selenium.remote.http.W3CHttpResponseCodec.createException(W3CHttpResponseCodec.java:187)
at org.openqa.selenium.remote.http.W3CHttpResponseCodec.decode(W3CHttpResponseCodec.java:122)
at org.openqa.selenium.remote.http.W3CHttpResponseCodec.decode(W3CHttpResponseCodec.java:49)
at org.openqa.selenium.remote.HttpCommandExecutor.execute(HttpCommandExecutor.java:158)
at org.openqa.selenium.remote.service.DriverCommandExecutor.execute(DriverCommandExecutor.java:83)
at org.openqa.selenium.remote.RemoteWebDriver.execute(RemoteWebDriver.java:552)
at org.openqa.selenium.remote.RemoteWebDriver.findElement(RemoteWebDriver.java:323)
at org.openqa.selenium.remote.RemoteWebDriver.findElementByXPath(RemoteWebDriver.java:428)
at org.openqa.selenium.By$ByXPath.findElement(By.java:353)
at org.openqa.selenium.remote.RemoteWebDriver.findElement(RemoteWebDriver.java:315)
at org.openqa.selenium.support.pagefactory.DefaultElementLocator.findElement(DefaultElementLocator.java:69)
at org.openqa.selenium.support.pagefactory.internal.LocatingElementHandler.invoke(LocatingElementHandler.java:38)
at jdk.proxy2/jdk.proxy2.$Proxy12.click(Unknown Source)
at com.skitech.pageObjectsRepo.AOVOPageObjects.rejectAllDocuments(AOVOPageObjects.java:468)
at com.skitech.testCases.GovtQAOVOTestCase.TC_AOVO_065_Verify_reject_all_documents_in_document_view_pop_up(GovtQAOVOTestCase.java:868)
at java.base/jdk.internal.reflect.DirectMethodHandleAccessor.invoke(DirectMethodHandleAccessor.java:103)
at java.base/java.lang.reflect.Method.invoke(Method.java:580)
at org.testng.internal.MethodInvocationHelper.invokeMethod(MethodInvocationHelper.java:132)
at org.testng.internal.TestInvoker.invokeMethod(TestInvoker.java:599)
at org.testng.internal.TestInvoker.invokeTestMethod(TestInvoker.java:174)
at org.testng.internal.MethodRunner.runInSequence(MethodRunner.java:46)
at org.testng.internal.TestInvoker$MethodInvocationAgent.invoke(TestInvoker.java:822)
at org.testng.internal.TestInvoker.invokeTestMethods(TestInvoker.java:147)
at org.testng.internal.TestMethodWorker.invokeTestMethods(TestMethodWorker.java:146)
at org.testng.internal.TestMethodWorker.run(TestMethodWorker.java:128)
at java.base/java.util.ArrayList.forEach(ArrayList.java:1596)
at org.testng.TestRunner.privateRun(TestRunner.java:764)
at org.testng.TestRunner.run(TestRunner.java:585)
at org.testng.SuiteRunner.runTest(SuiteRunner.java:384)
at org.testng.SuiteRunner.runSequentially(SuiteRunner.java:378)
at org.testng.SuiteRunner.privateRun(SuiteRunner.java:337)
at org.testng.SuiteRunner.run(SuiteRunner.java:286)
at org.testng.SuiteRunnerWorker.runSuite(SuiteRunnerWorker.java:53)
at org.testng.SuiteRunnerWorker.run(SuiteRunnerWorker.java:96)
at org.testng.TestNG.runSuitesSequentially(TestNG.java:1218)
at org.testng.TestNG.runSuitesLocally(TestNG.java:1140)
at org.testng.TestNG.runSuites(TestNG.java:1069)
at org.testng.TestNG.run(TestNG.java:1037)
at org.testng.remote.AbstractRemoteTestNG.run(AbstractRemoteTestNG.java:115)
at org.testng.remote.RemoteTestNG.initAndRun(RemoteTestNG.java:293)
at org.testng.remote.RemoteTestNG.main(RemoteTestNG.java:91)
]]>
    </error>
  </testcase> <!-- TC_AOVO_065_Verify_reject_all_documents_in_document_view_pop_up -->
  <system-out/>
  <testcase classname="com.skitech.testCases.GovtQAOVOTestCase" name="TC_AOVO_066_Verify_all_documents_in_document_view_pop_up" time="129.145">
    <error message="no such element: Unable to locate element: {&quot;method&quot;:&quot;xpath&quot;,&quot;selector&quot;:&quot;//div[@id=&#039;success-toast&#039;]&quot;}
  (Session info: chrome=138.0.7204.184)
For documentation on this error, please visit: https://www.seleniumhq.org/exceptions/no_such_element.html
Build info: version: &#039;3.141.59&#039;, revision: &#039;e82be7d358&#039;, time: &#039;2018-11-14T08:17:03&#039;
System info: host: &#039;DESKTOP-PH7EFI9&#039;, ip: &#039;172.21.1.193&#039;, os.name: &#039;Windows 11&#039;, os.arch: &#039;amd64&#039;, os.version: &#039;10.0&#039;, java.version: &#039;21.0.3&#039;
Driver info: org.openqa.selenium.chrome.ChromeDriver
Capabilities {acceptInsecureCerts: false, browserName: chrome, browserVersion: 138.0.7204.184, chrome: {chromedriverVersion: 138.0.7204.183 (e90faf484dd..., userDataDir: C:\Users\DineshM\AppData\Lo...}, fedcm:accounts: true, goog:chromeOptions: {debuggerAddress: localhost:53105}, javascriptEnabled: true, networkConnectionEnabled: false, pageLoadStrategy: normal, platform: WINDOWS, platformName: WINDOWS, proxy: Proxy(), setWindowRect: true, strictFileInteractability: false, timeouts: {implicit: 0, pageLoad: 300000, script: 30000}, unhandledPromptBehavior: dismiss and notify, webauthn:extension:credBlob: true, webauthn:extension:largeBlob: true, webauthn:extension:minPinLength: true, webauthn:extension:prf: true, webauthn:virtualAuthenticators: true}
Session ID: 6e3d9103d5afa187cdbaa3df4a422905
*** Element info: {Using=xpath, value=//div[@id=&#039;success-toast&#039;]}" type="org.openqa.selenium.NoSuchElementException">
      <![CDATA[org.openqa.selenium.NoSuchElementException: no such element: Unable to locate element: {"method":"xpath","selector":"//div[@id='success-toast']"}
  (Session info: chrome=138.0.7204.184)
For documentation on this error, please visit: https://www.seleniumhq.org/exceptions/no_such_element.html
Build info: version: '3.141.59', revision: 'e82be7d358', time: '2018-11-14T08:17:03'
System info: host: 'DESKTOP-PH7EFI9', ip: '172.21.1.193', os.name: 'Windows 11', os.arch: 'amd64', os.version: '10.0', java.version: '21.0.3'
Driver info: org.openqa.selenium.chrome.ChromeDriver
Capabilities {acceptInsecureCerts: false, browserName: chrome, browserVersion: 138.0.7204.184, chrome: {chromedriverVersion: 138.0.7204.183 (e90faf484dd..., userDataDir: C:\Users\DineshM\AppData\Lo...}, fedcm:accounts: true, goog:chromeOptions: {debuggerAddress: localhost:53105}, javascriptEnabled: true, networkConnectionEnabled: false, pageLoadStrategy: normal, platform: WINDOWS, platformName: WINDOWS, proxy: Proxy(), setWindowRect: true, strictFileInteractability: false, timeouts: {implicit: 0, pageLoad: 300000, script: 30000}, unhandledPromptBehavior: dismiss and notify, webauthn:extension:credBlob: true, webauthn:extension:largeBlob: true, webauthn:extension:minPinLength: true, webauthn:extension:prf: true, webauthn:virtualAuthenticators: true}
Session ID: 6e3d9103d5afa187cdbaa3df4a422905
*** Element info: {Using=xpath, value=//div[@id='success-toast']}
at java.base/jdk.internal.reflect.DirectConstructorHandleAccessor.newInstance(DirectConstructorHandleAccessor.java:62)
at java.base/java.lang.reflect.Constructor.newInstanceWithCaller(Constructor.java:502)
at java.base/java.lang.reflect.Constructor.newInstance(Constructor.java:486)
at org.openqa.selenium.remote.http.W3CHttpResponseCodec.createException(W3CHttpResponseCodec.java:187)
at org.openqa.selenium.remote.http.W3CHttpResponseCodec.decode(W3CHttpResponseCodec.java:122)
at org.openqa.selenium.remote.http.W3CHttpResponseCodec.decode(W3CHttpResponseCodec.java:49)
at org.openqa.selenium.remote.HttpCommandExecutor.execute(HttpCommandExecutor.java:158)
at org.openqa.selenium.remote.service.DriverCommandExecutor.execute(DriverCommandExecutor.java:83)
at org.openqa.selenium.remote.RemoteWebDriver.execute(RemoteWebDriver.java:552)
at org.openqa.selenium.remote.RemoteWebDriver.findElement(RemoteWebDriver.java:323)
at org.openqa.selenium.remote.RemoteWebDriver.findElementByXPath(RemoteWebDriver.java:428)
at org.openqa.selenium.By$ByXPath.findElement(By.java:353)
at org.openqa.selenium.remote.RemoteWebDriver.findElement(RemoteWebDriver.java:315)
at org.openqa.selenium.support.pagefactory.DefaultElementLocator.findElement(DefaultElementLocator.java:69)
at org.openqa.selenium.support.pagefactory.internal.LocatingElementHandler.invoke(LocatingElementHandler.java:38)
at jdk.proxy2/jdk.proxy2.$Proxy12.getText(Unknown Source)
at com.skitech.pageObjectsRepo.AOVOPageObjects.getDocumentUploadSuccessFailureText(AOVOPageObjects.java:430)
at com.skitech.testCases.GovtQAOVOTestCase.TC_AOVO_066_Verify_all_documents_in_document_view_pop_up(GovtQAOVOTestCase.java:902)
at java.base/jdk.internal.reflect.DirectMethodHandleAccessor.invoke(DirectMethodHandleAccessor.java:103)
at java.base/java.lang.reflect.Method.invoke(Method.java:580)
at org.testng.internal.MethodInvocationHelper.invokeMethod(MethodInvocationHelper.java:132)
at org.testng.internal.TestInvoker.invokeMethod(TestInvoker.java:599)
at org.testng.internal.TestInvoker.invokeTestMethod(TestInvoker.java:174)
at org.testng.internal.MethodRunner.runInSequence(MethodRunner.java:46)
at org.testng.internal.TestInvoker$MethodInvocationAgent.invoke(TestInvoker.java:822)
at org.testng.internal.TestInvoker.invokeTestMethods(TestInvoker.java:147)
at org.testng.internal.TestMethodWorker.invokeTestMethods(TestMethodWorker.java:146)
at org.testng.internal.TestMethodWorker.run(TestMethodWorker.java:128)
at java.base/java.util.ArrayList.forEach(ArrayList.java:1596)
at org.testng.TestRunner.privateRun(TestRunner.java:764)
at org.testng.TestRunner.run(TestRunner.java:585)
at org.testng.SuiteRunner.runTest(SuiteRunner.java:384)
at org.testng.SuiteRunner.runSequentially(SuiteRunner.java:378)
at org.testng.SuiteRunner.privateRun(SuiteRunner.java:337)
at org.testng.SuiteRunner.run(SuiteRunner.java:286)
at org.testng.SuiteRunnerWorker.runSuite(SuiteRunnerWorker.java:53)
at org.testng.SuiteRunnerWorker.run(SuiteRunnerWorker.java:96)
at org.testng.TestNG.runSuitesSequentially(TestNG.java:1218)
at org.testng.TestNG.runSuitesLocally(TestNG.java:1140)
at org.testng.TestNG.runSuites(TestNG.java:1069)
at org.testng.TestNG.run(TestNG.java:1037)
at org.testng.remote.AbstractRemoteTestNG.run(AbstractRemoteTestNG.java:115)
at org.testng.remote.RemoteTestNG.initAndRun(RemoteTestNG.java:293)
at org.testng.remote.RemoteTestNG.main(RemoteTestNG.java:91)
]]>
    </error>
  </testcase> <!-- TC_AOVO_066_Verify_all_documents_in_document_view_pop_up -->
  <system-out/>
  <testcase classname="com.skitech.testCases.GovtQAOVOTestCase" name="TC_AOVO_068_Verify_finish_verification_without_collecting_documents" time="3.536"/>
  <system-out/>
  <testcase classname="com.skitech.testCases.GovtQAOVOTestCase" name="TC_AOVO_069_Verify_collect_column_for_all_documents" time="49.268">
    <error message="no such element: Unable to locate element: {&quot;method&quot;:&quot;xpath&quot;,&quot;selector&quot;:&quot;//div[@id=&#039;success-toast&#039;]&quot;}
  (Session info: chrome=138.0.7204.184)
For documentation on this error, please visit: https://www.seleniumhq.org/exceptions/no_such_element.html
Build info: version: &#039;3.141.59&#039;, revision: &#039;e82be7d358&#039;, time: &#039;2018-11-14T08:17:03&#039;
System info: host: &#039;DESKTOP-PH7EFI9&#039;, ip: &#039;172.21.1.193&#039;, os.name: &#039;Windows 11&#039;, os.arch: &#039;amd64&#039;, os.version: &#039;10.0&#039;, java.version: &#039;21.0.3&#039;
Driver info: org.openqa.selenium.chrome.ChromeDriver
Capabilities {acceptInsecureCerts: false, browserName: chrome, browserVersion: 138.0.7204.184, chrome: {chromedriverVersion: 138.0.7204.183 (e90faf484dd..., userDataDir: C:\Users\DineshM\AppData\Lo...}, fedcm:accounts: true, goog:chromeOptions: {debuggerAddress: localhost:53105}, javascriptEnabled: true, networkConnectionEnabled: false, pageLoadStrategy: normal, platform: WINDOWS, platformName: WINDOWS, proxy: Proxy(), setWindowRect: true, strictFileInteractability: false, timeouts: {implicit: 0, pageLoad: 300000, script: 30000}, unhandledPromptBehavior: dismiss and notify, webauthn:extension:credBlob: true, webauthn:extension:largeBlob: true, webauthn:extension:minPinLength: true, webauthn:extension:prf: true, webauthn:virtualAuthenticators: true}
Session ID: 6e3d9103d5afa187cdbaa3df4a422905
*** Element info: {Using=xpath, value=//div[@id=&#039;success-toast&#039;]}" type="org.openqa.selenium.NoSuchElementException">
      <![CDATA[org.openqa.selenium.NoSuchElementException: no such element: Unable to locate element: {"method":"xpath","selector":"//div[@id='success-toast']"}
  (Session info: chrome=138.0.7204.184)
For documentation on this error, please visit: https://www.seleniumhq.org/exceptions/no_such_element.html
Build info: version: '3.141.59', revision: 'e82be7d358', time: '2018-11-14T08:17:03'
System info: host: 'DESKTOP-PH7EFI9', ip: '172.21.1.193', os.name: 'Windows 11', os.arch: 'amd64', os.version: '10.0', java.version: '21.0.3'
Driver info: org.openqa.selenium.chrome.ChromeDriver
Capabilities {acceptInsecureCerts: false, browserName: chrome, browserVersion: 138.0.7204.184, chrome: {chromedriverVersion: 138.0.7204.183 (e90faf484dd..., userDataDir: C:\Users\DineshM\AppData\Lo...}, fedcm:accounts: true, goog:chromeOptions: {debuggerAddress: localhost:53105}, javascriptEnabled: true, networkConnectionEnabled: false, pageLoadStrategy: normal, platform: WINDOWS, platformName: WINDOWS, proxy: Proxy(), setWindowRect: true, strictFileInteractability: false, timeouts: {implicit: 0, pageLoad: 300000, script: 30000}, unhandledPromptBehavior: dismiss and notify, webauthn:extension:credBlob: true, webauthn:extension:largeBlob: true, webauthn:extension:minPinLength: true, webauthn:extension:prf: true, webauthn:virtualAuthenticators: true}
Session ID: 6e3d9103d5afa187cdbaa3df4a422905
*** Element info: {Using=xpath, value=//div[@id='success-toast']}
at java.base/jdk.internal.reflect.DirectConstructorHandleAccessor.newInstance(DirectConstructorHandleAccessor.java:62)
at java.base/java.lang.reflect.Constructor.newInstanceWithCaller(Constructor.java:502)
at java.base/java.lang.reflect.Constructor.newInstance(Constructor.java:486)
at org.openqa.selenium.remote.http.W3CHttpResponseCodec.createException(W3CHttpResponseCodec.java:187)
at org.openqa.selenium.remote.http.W3CHttpResponseCodec.decode(W3CHttpResponseCodec.java:122)
at org.openqa.selenium.remote.http.W3CHttpResponseCodec.decode(W3CHttpResponseCodec.java:49)
at org.openqa.selenium.remote.HttpCommandExecutor.execute(HttpCommandExecutor.java:158)
at org.openqa.selenium.remote.service.DriverCommandExecutor.execute(DriverCommandExecutor.java:83)
at org.openqa.selenium.remote.RemoteWebDriver.execute(RemoteWebDriver.java:552)
at org.openqa.selenium.remote.RemoteWebDriver.findElement(RemoteWebDriver.java:323)
at org.openqa.selenium.remote.RemoteWebDriver.findElementByXPath(RemoteWebDriver.java:428)
at org.openqa.selenium.By$ByXPath.findElement(By.java:353)
at org.openqa.selenium.remote.RemoteWebDriver.findElement(RemoteWebDriver.java:315)
at org.openqa.selenium.support.pagefactory.DefaultElementLocator.findElement(DefaultElementLocator.java:69)
at org.openqa.selenium.support.pagefactory.internal.LocatingElementHandler.invoke(LocatingElementHandler.java:38)
at jdk.proxy2/jdk.proxy2.$Proxy12.getText(Unknown Source)
at com.skitech.pageObjectsRepo.StudentsProfilePOM.getSuccessToasterAlert(StudentsProfilePOM.java:1228)
at com.skitech.testCases.GovtQAOVOTestCase.TC_AOVO_069_Verify_collect_column_for_all_documents(GovtQAOVOTestCase.java:928)
at java.base/jdk.internal.reflect.DirectMethodHandleAccessor.invoke(DirectMethodHandleAccessor.java:103)
at java.base/java.lang.reflect.Method.invoke(Method.java:580)
at org.testng.internal.MethodInvocationHelper.invokeMethod(MethodInvocationHelper.java:132)
at org.testng.internal.TestInvoker.invokeMethod(TestInvoker.java:599)
at org.testng.internal.TestInvoker.invokeTestMethod(TestInvoker.java:174)
at org.testng.internal.MethodRunner.runInSequence(MethodRunner.java:46)
at org.testng.internal.TestInvoker$MethodInvocationAgent.invoke(TestInvoker.java:822)
at org.testng.internal.TestInvoker.invokeTestMethods(TestInvoker.java:147)
at org.testng.internal.TestMethodWorker.invokeTestMethods(TestMethodWorker.java:146)
at org.testng.internal.TestMethodWorker.run(TestMethodWorker.java:128)
at java.base/java.util.ArrayList.forEach(ArrayList.java:1596)
at org.testng.TestRunner.privateRun(TestRunner.java:764)
at org.testng.TestRunner.run(TestRunner.java:585)
at org.testng.SuiteRunner.runTest(SuiteRunner.java:384)
at org.testng.SuiteRunner.runSequentially(SuiteRunner.java:378)
at org.testng.SuiteRunner.privateRun(SuiteRunner.java:337)
at org.testng.SuiteRunner.run(SuiteRunner.java:286)
at org.testng.SuiteRunnerWorker.runSuite(SuiteRunnerWorker.java:53)
at org.testng.SuiteRunnerWorker.run(SuiteRunnerWorker.java:96)
at org.testng.TestNG.runSuitesSequentially(TestNG.java:1218)
at org.testng.TestNG.runSuitesLocally(TestNG.java:1140)
at org.testng.TestNG.runSuites(TestNG.java:1069)
at org.testng.TestNG.run(TestNG.java:1037)
at org.testng.remote.AbstractRemoteTestNG.run(AbstractRemoteTestNG.java:115)
at org.testng.remote.RemoteTestNG.initAndRun(RemoteTestNG.java:293)
at org.testng.remote.RemoteTestNG.main(RemoteTestNG.java:91)
]]>
    </error>
  </testcase> <!-- TC_AOVO_069_Verify_collect_column_for_all_documents -->
  <system-out/>
  <testcase classname="com.skitech.testCases.GovtQAOVOTestCase" name="TC_AOVO_070_Verify_finish_verification_after_collecting_documents" time="3.175"/>
  <system-out/>
</testsuite> <!-- com.skitech.testCases.GovtQAOVOTestCase -->
